[1.034s] DEBUG:colcon:Command line arguments: ['/usr/bin/colcon', 'build']
[1.035s] DEBUG:colcon:Parsed command line arguments: Namespace(log_base=None, log_level=None, verb_name='build', build_base='build', install_base='install', merge_install=False, symlink_install=False, test_result_base=None, continue_on_error=False, executor='parallel', parallel_workers=3, event_handlers=None, ignore_user_meta=False, metas=['./colcon.meta'], base_paths=['.'], packages_ignore=None, packages_ignore_regex=None, paths=None, packages_up_to=None, packages_up_to_regex=None, packages_above=None, packages_above_and_dependencies=None, packages_above_depth=None, packages_select_by_dep=None, packages_skip_by_dep=None, packages_skip_up_to=None, packages_select_build_failed=False, packages_skip_build_finished=False, packages_select_test_failures=False, packages_skip_test_passed=False, packages_select=None, packages_skip=None, packages_select_regex=None, packages_skip_regex=None, packages_start=None, packages_end=None, allow_overriding=[], cmake_args=None, cmake_target=None, cmake_target_skip_unavailable=False, cmake_clean_cache=False, cmake_clean_first=False, cmake_force_configure=False, ament_cmake_args=None, catkin_cmake_args=None, catkin_skip_building_tests=False, verb_parser=<colcon_defaults.argument_parser.defaults.DefaultArgumentsDecorator object at 0x7ff15127e530>, verb_extension=<colcon_core.verb.build.BuildVerb object at 0x7ff151c06260>, main=<bound method BuildVerb.main of <colcon_core.verb.build.BuildVerb object at 0x7ff151c06260>>)
[1.147s] Level 1:colcon.colcon_core.package_discovery:discover_packages(colcon_meta) check parameters
[1.147s] Level 1:colcon.colcon_core.package_discovery:discover_packages(recursive) check parameters
[1.147s] Level 1:colcon.colcon_core.package_discovery:discover_packages(ignore) check parameters
[1.147s] Level 1:colcon.colcon_core.package_discovery:discover_packages(path) check parameters
[1.147s] Level 1:colcon.colcon_core.package_discovery:discover_packages(colcon_meta) discover
[1.147s] Level 1:colcon.colcon_core.package_discovery:discover_packages(recursive) discover
[1.147s] INFO:colcon.colcon_core.package_discovery:Crawling recursively for packages in '/home/parallels/ROS_Workspaces/boat_workspace'
[1.148s] Level 1:colcon.colcon_core.package_identification:_identify(.) by extensions ['ignore', 'ignore_ament_install']
[1.148s] Level 1:colcon.colcon_core.package_identification:_identify(.) by extension 'ignore'
[1.149s] Level 1:colcon.colcon_core.package_identification:_identify(.) by extension 'ignore_ament_install'
[1.149s] Level 1:colcon.colcon_core.package_identification:_identify(.) by extensions ['colcon_pkg']
[1.149s] Level 1:colcon.colcon_core.package_identification:_identify(.) by extension 'colcon_pkg'
[1.149s] Level 1:colcon.colcon_core.package_identification:_identify(.) by extensions ['colcon_meta']
[1.149s] Level 1:colcon.colcon_core.package_identification:_identify(.) by extension 'colcon_meta'
[1.149s] Level 1:colcon.colcon_core.package_identification:_identify(.) by extensions ['ros']
[1.149s] Level 1:colcon.colcon_core.package_identification:_identify(.) by extension 'ros'
[1.259s] Level 1:colcon.colcon_core.package_identification:_identify(.) by extensions ['cmake', 'python']
[1.259s] Level 1:colcon.colcon_core.package_identification:_identify(.) by extension 'cmake'
[1.260s] Level 1:colcon.colcon_core.package_identification:_identify(.) by extension 'python'
[1.260s] Level 1:colcon.colcon_core.package_identification:_identify(.) by extensions ['python_setup_py']
[1.260s] Level 1:colcon.colcon_core.package_identification:_identify(.) by extension 'python_setup_py'
[1.260s] Level 1:colcon.colcon_core.package_identification:_identify(build) by extensions ['ignore', 'ignore_ament_install']
[1.260s] Level 1:colcon.colcon_core.package_identification:_identify(build) by extension 'ignore'
[1.260s] Level 1:colcon.colcon_core.package_identification:_identify(build) ignored
[1.262s] Level 1:colcon.colcon_core.package_identification:_identify(install) by extensions ['ignore', 'ignore_ament_install']
[1.262s] Level 1:colcon.colcon_core.package_identification:_identify(install) by extension 'ignore'
[1.262s] Level 1:colcon.colcon_core.package_identification:_identify(install) ignored
[1.262s] Level 1:colcon.colcon_core.package_identification:_identify(log) by extensions ['ignore', 'ignore_ament_install']
[1.262s] Level 1:colcon.colcon_core.package_identification:_identify(log) by extension 'ignore'
[1.262s] Level 1:colcon.colcon_core.package_identification:_identify(log) ignored
[1.263s] Level 1:colcon.colcon_core.package_identification:_identify(src) by extensions ['ignore', 'ignore_ament_install']
[1.263s] Level 1:colcon.colcon_core.package_identification:_identify(src) by extension 'ignore'
[1.263s] Level 1:colcon.colcon_core.package_identification:_identify(src) by extension 'ignore_ament_install'
[1.263s] Level 1:colcon.colcon_core.package_identification:_identify(src) by extensions ['colcon_pkg']
[1.263s] Level 1:colcon.colcon_core.package_identification:_identify(src) by extension 'colcon_pkg'
[1.264s] Level 1:colcon.colcon_core.package_identification:_identify(src) by extensions ['colcon_meta']
[1.264s] Level 1:colcon.colcon_core.package_identification:_identify(src) by extension 'colcon_meta'
[1.264s] Level 1:colcon.colcon_core.package_identification:_identify(src) by extensions ['ros']
[1.264s] Level 1:colcon.colcon_core.package_identification:_identify(src) by extension 'ros'
[1.264s] Level 1:colcon.colcon_core.package_identification:_identify(src) by extensions ['cmake', 'python']
[1.264s] Level 1:colcon.colcon_core.package_identification:_identify(src) by extension 'cmake'
[1.264s] Level 1:colcon.colcon_core.package_identification:_identify(src) by extension 'python'
[1.264s] Level 1:colcon.colcon_core.package_identification:_identify(src) by extensions ['python_setup_py']
[1.264s] Level 1:colcon.colcon_core.package_identification:_identify(src) by extension 'python_setup_py'
[1.264s] Level 1:colcon.colcon_core.package_identification:_identify(src/navigation) by extensions ['ignore', 'ignore_ament_install']
[1.264s] Level 1:colcon.colcon_core.package_identification:_identify(src/navigation) by extension 'ignore'
[1.264s] Level 1:colcon.colcon_core.package_identification:_identify(src/navigation) by extension 'ignore_ament_install'
[1.264s] Level 1:colcon.colcon_core.package_identification:_identify(src/navigation) by extensions ['colcon_pkg']
[1.264s] Level 1:colcon.colcon_core.package_identification:_identify(src/navigation) by extension 'colcon_pkg'
[1.264s] Level 1:colcon.colcon_core.package_identification:_identify(src/navigation) by extensions ['colcon_meta']
[1.264s] Level 1:colcon.colcon_core.package_identification:_identify(src/navigation) by extension 'colcon_meta'
[1.265s] Level 1:colcon.colcon_core.package_identification:_identify(src/navigation) by extensions ['ros']
[1.265s] Level 1:colcon.colcon_core.package_identification:_identify(src/navigation) by extension 'ros'
[1.272s] DEBUG:colcon.colcon_core.package_identification:Package 'src/navigation' with type 'ros.ament_cmake' and name 'navigation'
[1.273s] Level 1:colcon.colcon_core.package_identification:_identify(src/vision) by extensions ['ignore', 'ignore_ament_install']
[1.273s] Level 1:colcon.colcon_core.package_identification:_identify(src/vision) by extension 'ignore'
[1.273s] Level 1:colcon.colcon_core.package_identification:_identify(src/vision) by extension 'ignore_ament_install'
[1.274s] Level 1:colcon.colcon_core.package_identification:_identify(src/vision) by extensions ['colcon_pkg']
[1.274s] Level 1:colcon.colcon_core.package_identification:_identify(src/vision) by extension 'colcon_pkg'
[1.274s] Level 1:colcon.colcon_core.package_identification:_identify(src/vision) by extensions ['colcon_meta']
[1.274s] Level 1:colcon.colcon_core.package_identification:_identify(src/vision) by extension 'colcon_meta'
[1.274s] Level 1:colcon.colcon_core.package_identification:_identify(src/vision) by extensions ['ros']
[1.274s] Level 1:colcon.colcon_core.package_identification:_identify(src/vision) by extension 'ros'
[1.276s] DEBUG:colcon.colcon_core.package_identification:Package 'src/vision' with type 'ros.ament_cmake' and name 'vision'
[1.276s] Level 1:colcon.colcon_core.package_discovery:discover_packages(recursive) using defaults
[1.276s] Level 1:colcon.colcon_core.package_discovery:discover_packages(ignore) discover
[1.276s] Level 1:colcon.colcon_core.package_discovery:discover_packages(ignore) using defaults
[1.276s] Level 1:colcon.colcon_core.package_discovery:discover_packages(path) discover
[1.276s] Level 1:colcon.colcon_core.package_discovery:discover_packages(path) using defaults
[1.352s] Level 1:colcon.colcon_core.package_discovery:discover_packages(prefix_path) check parameters
[1.352s] Level 1:colcon.colcon_core.package_discovery:discover_packages(prefix_path) discover
[1.364s] DEBUG:colcon.colcon_installed_package_information.package_discovery:Found 283 installed packages in /opt/ros/humble
[1.367s] Level 1:colcon.colcon_core.package_discovery:discover_packages(prefix_path) using defaults
[1.552s] Level 5:colcon.colcon_core.verb:set package 'navigation' build argument 'cmake_args' from command line to 'None'
[1.552s] Level 5:colcon.colcon_core.verb:set package 'navigation' build argument 'cmake_target' from command line to 'None'
[1.552s] Level 5:colcon.colcon_core.verb:set package 'navigation' build argument 'cmake_target_skip_unavailable' from command line to 'False'
[1.552s] Level 5:colcon.colcon_core.verb:set package 'navigation' build argument 'cmake_clean_cache' from command line to 'False'
[1.552s] Level 5:colcon.colcon_core.verb:set package 'navigation' build argument 'cmake_clean_first' from command line to 'False'
[1.552s] Level 5:colcon.colcon_core.verb:set package 'navigation' build argument 'cmake_force_configure' from command line to 'False'
[1.552s] Level 5:colcon.colcon_core.verb:set package 'navigation' build argument 'ament_cmake_args' from command line to 'None'
[1.552s] Level 5:colcon.colcon_core.verb:set package 'navigation' build argument 'catkin_cmake_args' from command line to 'None'
[1.552s] Level 5:colcon.colcon_core.verb:set package 'navigation' build argument 'catkin_skip_building_tests' from command line to 'False'
[1.553s] DEBUG:colcon.colcon_core.verb:Building package 'navigation' with the following arguments: {'ament_cmake_args': None, 'build_base': '/home/parallels/ROS_Workspaces/boat_workspace/build/navigation', 'catkin_cmake_args': None, 'catkin_skip_building_tests': False, 'cmake_args': None, 'cmake_clean_cache': False, 'cmake_clean_first': False, 'cmake_force_configure': False, 'cmake_target': None, 'cmake_target_skip_unavailable': False, 'install_base': '/home/parallels/ROS_Workspaces/boat_workspace/install/navigation', 'merge_install': False, 'path': '/home/parallels/ROS_Workspaces/boat_workspace/src/navigation', 'symlink_install': False, 'test_result_base': None}
[1.554s] Level 5:colcon.colcon_core.verb:set package 'vision' build argument 'cmake_args' from command line to 'None'
[1.554s] Level 5:colcon.colcon_core.verb:set package 'vision' build argument 'cmake_target' from command line to 'None'
[1.554s] Level 5:colcon.colcon_core.verb:set package 'vision' build argument 'cmake_target_skip_unavailable' from command line to 'False'
[1.554s] Level 5:colcon.colcon_core.verb:set package 'vision' build argument 'cmake_clean_cache' from command line to 'False'
[1.554s] Level 5:colcon.colcon_core.verb:set package 'vision' build argument 'cmake_clean_first' from command line to 'False'
[1.554s] Level 5:colcon.colcon_core.verb:set package 'vision' build argument 'cmake_force_configure' from command line to 'False'
[1.554s] Level 5:colcon.colcon_core.verb:set package 'vision' build argument 'ament_cmake_args' from command line to 'None'
[1.554s] Level 5:colcon.colcon_core.verb:set package 'vision' build argument 'catkin_cmake_args' from command line to 'None'
[1.554s] Level 5:colcon.colcon_core.verb:set package 'vision' build argument 'catkin_skip_building_tests' from command line to 'False'
[1.554s] DEBUG:colcon.colcon_core.verb:Building package 'vision' with the following arguments: {'ament_cmake_args': None, 'build_base': '/home/parallels/ROS_Workspaces/boat_workspace/build/vision', 'catkin_cmake_args': None, 'catkin_skip_building_tests': False, 'cmake_args': None, 'cmake_clean_cache': False, 'cmake_clean_first': False, 'cmake_force_configure': False, 'cmake_target': None, 'cmake_target_skip_unavailable': False, 'install_base': '/home/parallels/ROS_Workspaces/boat_workspace/install/vision', 'merge_install': False, 'path': '/home/parallels/ROS_Workspaces/boat_workspace/src/vision', 'symlink_install': False, 'test_result_base': None}
[1.555s] INFO:colcon.colcon_core.executor:Executing jobs using 'parallel' executor
[1.561s] DEBUG:colcon.colcon_parallel_executor.executor.parallel:run_until_complete
[1.562s] INFO:colcon.colcon_ros.task.ament_cmake.build:Building ROS package in '/home/parallels/ROS_Workspaces/boat_workspace/src/navigation' with build type 'ament_cmake'
[1.562s] INFO:colcon.colcon_cmake.task.cmake.build:Building CMake package in '/home/parallels/ROS_Workspaces/boat_workspace/src/navigation'
[1.572s] INFO:colcon.colcon_core.plugin_system:Skipping extension 'colcon_core.shell.bat': Not used on non-Windows systems
[1.573s] INFO:colcon.colcon_core.shell:Skip shell extension 'powershell' for command environment: Not usable outside of PowerShell
[1.573s] DEBUG:colcon.colcon_core.shell:Skip shell extension 'dsv' for command environment
[1.581s] INFO:colcon.colcon_ros.task.ament_cmake.build:Building ROS package in '/home/parallels/ROS_Workspaces/boat_workspace/src/vision' with build type 'ament_cmake'
[1.581s] INFO:colcon.colcon_cmake.task.cmake.build:Building CMake package in '/home/parallels/ROS_Workspaces/boat_workspace/src/vision'
[1.583s] INFO:colcon.colcon_core.shell:Skip shell extension 'powershell' for command environment: Not usable outside of PowerShell
[1.583s] DEBUG:colcon.colcon_core.shell:Skip shell extension 'dsv' for command environment
[1.611s] DEBUG:colcon.colcon_core.event_handler.log_command:Invoking command in '/home/parallels/ROS_Workspaces/boat_workspace/build/navigation': CMAKE_PREFIX_PATH=/opt/ros/humble /usr/bin/cmake --build /home/parallels/ROS_Workspaces/boat_workspace/build/navigation -- -j3 -l3
[1.646s] DEBUG:colcon.colcon_core.event_handler.log_command:Invoking command in '/home/parallels/ROS_Workspaces/boat_workspace/build/vision': CMAKE_PREFIX_PATH=/opt/ros/humble /usr/bin/cmake --build /home/parallels/ROS_Workspaces/boat_workspace/build/vision -- -j3 -l3
[1.910s] DEBUG:colcon.colcon_core.event_handler.log_command:Invoked command in '/home/parallels/ROS_Workspaces/boat_workspace/build/navigation' returned '0': CMAKE_PREFIX_PATH=/opt/ros/humble /usr/bin/cmake --build /home/parallels/ROS_Workspaces/boat_workspace/build/navigation -- -j3 -l3
[1.964s] DEBUG:colcon.colcon_core.event_handler.log_command:Invoking command in '/home/parallels/ROS_Workspaces/boat_workspace/build/navigation': CMAKE_PREFIX_PATH=/opt/ros/humble /usr/bin/cmake --install /home/parallels/ROS_Workspaces/boat_workspace/build/navigation
[1.985s] Level 1:colcon.colcon_core.environment:create_environment_scripts_only(navigation)
[1.987s] DEBUG:colcon.colcon_core.event_handler.log_command:Invoked command in '/home/parallels/ROS_Workspaces/boat_workspace/build/navigation' returned '0': CMAKE_PREFIX_PATH=/opt/ros/humble /usr/bin/cmake --install /home/parallels/ROS_Workspaces/boat_workspace/build/navigation
[1.997s] Level 1:colcon.colcon_core.environment:checking '/home/parallels/ROS_Workspaces/boat_workspace/install/navigation' for CMake module files
[1.999s] Level 1:colcon.colcon_core.environment:checking '/home/parallels/ROS_Workspaces/boat_workspace/install/navigation' for CMake config files
[2.000s] Level 1:colcon.colcon_core.shell:create_environment_hook('navigation', 'cmake_prefix_path')
[2.001s] INFO:colcon.colcon_core.shell:Creating environment hook '/home/parallels/ROS_Workspaces/boat_workspace/install/navigation/share/navigation/hook/cmake_prefix_path.ps1'
[2.002s] INFO:colcon.colcon_core.shell:Creating environment descriptor '/home/parallels/ROS_Workspaces/boat_workspace/install/navigation/share/navigation/hook/cmake_prefix_path.dsv'
[2.003s] INFO:colcon.colcon_core.shell:Creating environment hook '/home/parallels/ROS_Workspaces/boat_workspace/install/navigation/share/navigation/hook/cmake_prefix_path.sh'
[2.005s] Level 1:colcon.colcon_core.environment:checking '/home/parallels/ROS_Workspaces/boat_workspace/install/navigation/lib'
[2.005s] Level 1:colcon.colcon_core.environment:checking '/home/parallels/ROS_Workspaces/boat_workspace/install/navigation/bin'
[2.005s] Level 1:colcon.colcon_core.environment:checking '/home/parallels/ROS_Workspaces/boat_workspace/install/navigation/lib/pkgconfig/navigation.pc'
[2.005s] Level 1:colcon.colcon_core.environment:checking '/home/parallels/ROS_Workspaces/boat_workspace/install/navigation/lib/python3.10/site-packages'
[2.006s] Level 1:colcon.colcon_core.environment:checking '/home/parallels/ROS_Workspaces/boat_workspace/install/navigation/bin'
[2.007s] INFO:colcon.colcon_core.shell:Creating package script '/home/parallels/ROS_Workspaces/boat_workspace/install/navigation/share/navigation/package.ps1'
[2.008s] INFO:colcon.colcon_core.shell:Creating package descriptor '/home/parallels/ROS_Workspaces/boat_workspace/install/navigation/share/navigation/package.dsv'
[2.009s] INFO:colcon.colcon_core.shell:Creating package script '/home/parallels/ROS_Workspaces/boat_workspace/install/navigation/share/navigation/package.sh'
[2.010s] INFO:colcon.colcon_core.shell:Creating package script '/home/parallels/ROS_Workspaces/boat_workspace/install/navigation/share/navigation/package.bash'
[2.011s] INFO:colcon.colcon_core.shell:Creating package script '/home/parallels/ROS_Workspaces/boat_workspace/install/navigation/share/navigation/package.zsh'
[2.012s] Level 1:colcon.colcon_core.environment:create_file_with_runtime_dependencies(/home/parallels/ROS_Workspaces/boat_workspace/install/navigation/share/colcon-core/packages/navigation)
[2.062s] Level 1:colcon.colcon_core.environment:create_environment_scripts_only(navigation)
[2.064s] Level 1:colcon.colcon_core.environment:checking '/home/parallels/ROS_Workspaces/boat_workspace/install/navigation' for CMake module files
[2.065s] Level 1:colcon.colcon_core.environment:checking '/home/parallels/ROS_Workspaces/boat_workspace/install/navigation' for CMake config files
[2.065s] Level 1:colcon.colcon_core.shell:create_environment_hook('navigation', 'cmake_prefix_path')
[2.067s] INFO:colcon.colcon_core.shell:Creating environment hook '/home/parallels/ROS_Workspaces/boat_workspace/install/navigation/share/navigation/hook/cmake_prefix_path.ps1'
[2.068s] INFO:colcon.colcon_core.shell:Creating environment descriptor '/home/parallels/ROS_Workspaces/boat_workspace/install/navigation/share/navigation/hook/cmake_prefix_path.dsv'
[2.068s] INFO:colcon.colcon_core.shell:Creating environment hook '/home/parallels/ROS_Workspaces/boat_workspace/install/navigation/share/navigation/hook/cmake_prefix_path.sh'
[2.069s] Level 1:colcon.colcon_core.environment:checking '/home/parallels/ROS_Workspaces/boat_workspace/install/navigation/lib'
[2.069s] Level 1:colcon.colcon_core.environment:checking '/home/parallels/ROS_Workspaces/boat_workspace/install/navigation/bin'
[2.069s] Level 1:colcon.colcon_core.environment:checking '/home/parallels/ROS_Workspaces/boat_workspace/install/navigation/lib/pkgconfig/navigation.pc'
[2.069s] Level 1:colcon.colcon_core.environment:checking '/home/parallels/ROS_Workspaces/boat_workspace/install/navigation/lib/python3.10/site-packages'
[2.070s] Level 1:colcon.colcon_core.environment:checking '/home/parallels/ROS_Workspaces/boat_workspace/install/navigation/bin'
[2.072s] INFO:colcon.colcon_core.shell:Creating package script '/home/parallels/ROS_Workspaces/boat_workspace/install/navigation/share/navigation/package.ps1'
[2.073s] INFO:colcon.colcon_core.shell:Creating package descriptor '/home/parallels/ROS_Workspaces/boat_workspace/install/navigation/share/navigation/package.dsv'
[2.073s] INFO:colcon.colcon_core.shell:Creating package script '/home/parallels/ROS_Workspaces/boat_workspace/install/navigation/share/navigation/package.sh'
[2.074s] INFO:colcon.colcon_core.shell:Creating package script '/home/parallels/ROS_Workspaces/boat_workspace/install/navigation/share/navigation/package.bash'
[2.074s] INFO:colcon.colcon_core.shell:Creating package script '/home/parallels/ROS_Workspaces/boat_workspace/install/navigation/share/navigation/package.zsh'
[2.075s] Level 1:colcon.colcon_core.environment:create_file_with_runtime_dependencies(/home/parallels/ROS_Workspaces/boat_workspace/install/navigation/share/colcon-core/packages/navigation)
[2.852s] DEBUG:colcon.colcon_core.event_handler.log_command:Invoked command in '/home/parallels/ROS_Workspaces/boat_workspace/build/vision' returned '2': CMAKE_PREFIX_PATH=/opt/ros/humble /usr/bin/cmake --build /home/parallels/ROS_Workspaces/boat_workspace/build/vision -- -j3 -l3
[2.893s] Level 1:colcon.colcon_core.environment:create_environment_scripts_only(vision)
[2.896s] Level 1:colcon.colcon_core.environment:checking '/home/parallels/ROS_Workspaces/boat_workspace/install/vision' for CMake module files
[2.898s] Level 1:colcon.colcon_core.environment:checking '/home/parallels/ROS_Workspaces/boat_workspace/install/vision' for CMake config files
[2.899s] Level 1:colcon.colcon_core.shell:create_environment_hook('vision', 'cmake_prefix_path')
[2.901s] INFO:colcon.colcon_core.shell:Creating environment hook '/home/parallels/ROS_Workspaces/boat_workspace/install/vision/share/vision/hook/cmake_prefix_path.ps1'
[2.903s] INFO:colcon.colcon_core.shell:Creating environment descriptor '/home/parallels/ROS_Workspaces/boat_workspace/install/vision/share/vision/hook/cmake_prefix_path.dsv'
[2.903s] INFO:colcon.colcon_core.shell:Creating environment hook '/home/parallels/ROS_Workspaces/boat_workspace/install/vision/share/vision/hook/cmake_prefix_path.sh'
[2.905s] Level 1:colcon.colcon_core.environment:checking '/home/parallels/ROS_Workspaces/boat_workspace/install/vision/lib'
[2.905s] Level 1:colcon.colcon_core.environment:checking '/home/parallels/ROS_Workspaces/boat_workspace/install/vision/bin'
[2.905s] Level 1:colcon.colcon_core.environment:checking '/home/parallels/ROS_Workspaces/boat_workspace/install/vision/lib/pkgconfig/vision.pc'
[2.905s] Level 1:colcon.colcon_core.environment:checking '/home/parallels/ROS_Workspaces/boat_workspace/install/vision/lib/python3.10/site-packages'
[2.905s] Level 1:colcon.colcon_core.environment:checking '/home/parallels/ROS_Workspaces/boat_workspace/install/vision/bin'
[2.908s] INFO:colcon.colcon_core.shell:Creating package script '/home/parallels/ROS_Workspaces/boat_workspace/install/vision/share/vision/package.ps1'
[2.909s] INFO:colcon.colcon_core.shell:Creating package descriptor '/home/parallels/ROS_Workspaces/boat_workspace/install/vision/share/vision/package.dsv'
[2.910s] INFO:colcon.colcon_core.shell:Creating package script '/home/parallels/ROS_Workspaces/boat_workspace/install/vision/share/vision/package.sh'
[2.911s] INFO:colcon.colcon_core.shell:Creating package script '/home/parallels/ROS_Workspaces/boat_workspace/install/vision/share/vision/package.bash'
[2.913s] INFO:colcon.colcon_core.shell:Creating package script '/home/parallels/ROS_Workspaces/boat_workspace/install/vision/share/vision/package.zsh'
[2.914s] Level 1:colcon.colcon_core.environment:create_file_with_runtime_dependencies(/home/parallels/ROS_Workspaces/boat_workspace/install/vision/share/colcon-core/packages/vision)
[2.926s] DEBUG:colcon.colcon_parallel_executor.executor.parallel:closing loop
[2.926s] DEBUG:colcon.colcon_parallel_executor.executor.parallel:loop closed
[2.926s] DEBUG:colcon.colcon_parallel_executor.executor.parallel:run_until_complete finished with '2'
[2.926s] DEBUG:colcon.colcon_core.event_reactor:joining thread
[2.948s] INFO:colcon.colcon_core.plugin_system:Skipping extension 'colcon_notification.desktop_notification.terminal_notifier': Not used on non-Darwin systems
[2.948s] INFO:colcon.colcon_core.plugin_system:Skipping extension 'colcon_notification.desktop_notification.win32': Not used on non-Windows systems
[2.948s] INFO:colcon.colcon_notification.desktop_notification:Sending desktop notification using 'notify2'
[3.005s] DEBUG:colcon.colcon_core.event_reactor:joined thread
[3.007s] INFO:colcon.colcon_core.shell:Creating prefix script '/home/parallels/ROS_Workspaces/boat_workspace/install/local_setup.ps1'
[3.010s] INFO:colcon.colcon_core.shell:Creating prefix util module '/home/parallels/ROS_Workspaces/boat_workspace/install/_local_setup_util_ps1.py'
[3.016s] INFO:colcon.colcon_core.shell:Creating prefix chain script '/home/parallels/ROS_Workspaces/boat_workspace/install/setup.ps1'
[3.019s] INFO:colcon.colcon_core.shell:Creating prefix script '/home/parallels/ROS_Workspaces/boat_workspace/install/local_setup.sh'
[3.021s] INFO:colcon.colcon_core.shell:Creating prefix util module '/home/parallels/ROS_Workspaces/boat_workspace/install/_local_setup_util_sh.py'
[3.023s] INFO:colcon.colcon_core.shell:Creating prefix chain script '/home/parallels/ROS_Workspaces/boat_workspace/install/setup.sh'
[3.026s] INFO:colcon.colcon_core.shell:Creating prefix script '/home/parallels/ROS_Workspaces/boat_workspace/install/local_setup.bash'
[3.027s] INFO:colcon.colcon_core.shell:Creating prefix chain script '/home/parallels/ROS_Workspaces/boat_workspace/install/setup.bash'
[3.029s] INFO:colcon.colcon_core.shell:Creating prefix script '/home/parallels/ROS_Workspaces/boat_workspace/install/local_setup.zsh'
[3.030s] INFO:colcon.colcon_core.shell:Creating prefix chain script '/home/parallels/ROS_Workspaces/boat_workspace/install/setup.zsh'
