running egg_info
creating ../../build/navigation_again/navigation_again.egg-info
writing ../../build/navigation_again/navigation_again.egg-info/PKG-INFO
writing dependency_links to ../../build/navigation_again/navigation_again.egg-info/dependency_links.txt
writing requirements to ../../build/navigation_again/navigation_again.egg-info/requires.txt
writing top-level names to ../../build/navigation_again/navigation_again.egg-info/top_level.txt
writing manifest file '../../build/navigation_again/navigation_again.egg-info/SOURCES.txt'
reading manifest file '../../build/navigation_again/navigation_again.egg-info/SOURCES.txt'
writing manifest file '../../build/navigation_again/navigation_again.egg-info/SOURCES.txt'
running build
running build_py
creating /home/parallels/ROS_Workspaces/boat_workspace/build/navigation_again/build
creating /home/parallels/ROS_Workspaces/boat_workspace/build/navigation_again/build/lib
creating /home/parallels/ROS_Workspaces/boat_workspace/build/navigation_again/build/lib/navigation_again
copying navigation_again/__init__.py -> /home/parallels/ROS_Workspaces/boat_workspace/build/navigation_again/build/lib/navigation_again
running install
running install_lib
creating /home/parallels/ROS_Workspaces/boat_workspace/install/navigation_again/local
creating /home/parallels/ROS_Workspaces/boat_workspace/install/navigation_again/local/lib
creating /home/parallels/ROS_Workspaces/boat_workspace/install/navigation_again/local/lib/python3.10
creating /home/parallels/ROS_Workspaces/boat_workspace/install/navigation_again/local/lib/python3.10/dist-packages
creating /home/parallels/ROS_Workspaces/boat_workspace/install/navigation_again/local/lib/python3.10/dist-packages/navigation_again
copying /home/parallels/ROS_Workspaces/boat_workspace/build/navigation_again/build/lib/navigation_again/__init__.py -> /home/parallels/ROS_Workspaces/boat_workspace/install/navigation_again/local/lib/python3.10/dist-packages/navigation_again
byte-compiling /home/parallels/ROS_Workspaces/boat_workspace/install/navigation_again/local/lib/python3.10/dist-packages/navigation_again/__init__.py to __init__.cpython-310.pyc
running install_data
creating /home/parallels/ROS_Workspaces/boat_workspace/install/navigation_again/local/share
creating /home/parallels/ROS_Workspaces/boat_workspace/install/navigation_again/local/share/ament_index
creating /home/parallels/ROS_Workspaces/boat_workspace/install/navigation_again/local/share/ament_index/resource_index
creating /home/parallels/ROS_Workspaces/boat_workspace/install/navigation_again/local/share/ament_index/resource_index/packages
copying resource/navigation_again -> /home/parallels/ROS_Workspaces/boat_workspace/install/navigation_again/local/share/ament_index/resource_index/packages
creating /home/parallels/ROS_Workspaces/boat_workspace/install/navigation_again/local/share/navigation_again
copying package.xml -> /home/parallels/ROS_Workspaces/boat_workspace/install/navigation_again/local/share/navigation_again
running install_egg_info
Copying ../../build/navigation_again/navigation_again.egg-info to /home/parallels/ROS_Workspaces/boat_workspace/install/navigation_again/local/lib/python3.10/dist-packages/navigation_again-0.0.0-py3.10.egg-info
running install_scripts
writing list of installed files to '/home/parallels/ROS_Workspaces/boat_workspace/build/navigation_again/install.log'
