[1.161s] Invoking command in '/home/parallels/ROS_Workspaces/boat_workspace/src/navigation_again': PYTHONPATH=/home/parallels/ROS_Workspaces/boat_workspace/install/navigation_again/lib/python3.10/site-packages:${PYTHONPATH} /usr/bin/python3 setup.py egg_info --egg-base ../../build/navigation_again build --build-base /home/parallels/ROS_Workspaces/boat_workspace/build/navigation_again/build install --prefix /home/parallels/ROS_Workspaces/boat_workspace/install/navigation_again --record /home/parallels/ROS_Workspaces/boat_workspace/build/navigation_again/install.log --single-version-externally-managed
[1.603s] running egg_info
[1.604s] creating ../../build/navigation_again/navigation_again.egg-info
[1.620s] writing ../../build/navigation_again/navigation_again.egg-info/PKG-INFO
[1.620s] writing dependency_links to ../../build/navigation_again/navigation_again.egg-info/dependency_links.txt
[1.620s] writing requirements to ../../build/navigation_again/navigation_again.egg-info/requires.txt
[1.621s] writing top-level names to ../../build/navigation_again/navigation_again.egg-info/top_level.txt
[1.621s] writing manifest file '../../build/navigation_again/navigation_again.egg-info/SOURCES.txt'
[1.651s] reading manifest file '../../build/navigation_again/navigation_again.egg-info/SOURCES.txt'
[1.652s] writing manifest file '../../build/navigation_again/navigation_again.egg-info/SOURCES.txt'
[1.652s] running build
[1.653s] running build_py
[1.653s] creating /home/parallels/ROS_Workspaces/boat_workspace/build/navigation_again/build
[1.653s] creating /home/parallels/ROS_Workspaces/boat_workspace/build/navigation_again/build/lib
[1.653s] creating /home/parallels/ROS_Workspaces/boat_workspace/build/navigation_again/build/lib/navigation_again
[1.654s] copying navigation_again/__init__.py -> /home/parallels/ROS_Workspaces/boat_workspace/build/navigation_again/build/lib/navigation_again
[1.654s] running install
[1.655s] /usr/local/lib/python3.10/dist-packages/setuptools/command/install.py:34: SetuptoolsDeprecationWarning: setup.py install is deprecated. Use build and pip and other standards-based tools.
[1.655s]   warnings.warn(
[1.663s] running install_lib
[1.678s] creating /home/parallels/ROS_Workspaces/boat_workspace/install/navigation_again/local
[1.679s] creating /home/parallels/ROS_Workspaces/boat_workspace/install/navigation_again/local/lib
[1.679s] creating /home/parallels/ROS_Workspaces/boat_workspace/install/navigation_again/local/lib/python3.10
[1.679s] creating /home/parallels/ROS_Workspaces/boat_workspace/install/navigation_again/local/lib/python3.10/dist-packages
[1.679s] creating /home/parallels/ROS_Workspaces/boat_workspace/install/navigation_again/local/lib/python3.10/dist-packages/navigation_again
[1.679s] copying /home/parallels/ROS_Workspaces/boat_workspace/build/navigation_again/build/lib/navigation_again/__init__.py -> /home/parallels/ROS_Workspaces/boat_workspace/install/navigation_again/local/lib/python3.10/dist-packages/navigation_again
[1.680s] byte-compiling /home/parallels/ROS_Workspaces/boat_workspace/install/navigation_again/local/lib/python3.10/dist-packages/navigation_again/__init__.py to __init__.cpython-310.pyc
[1.680s] running install_data
[1.697s] creating /home/parallels/ROS_Workspaces/boat_workspace/install/navigation_again/local/share
[1.698s] creating /home/parallels/ROS_Workspaces/boat_workspace/install/navigation_again/local/share/ament_index
[1.698s] creating /home/parallels/ROS_Workspaces/boat_workspace/install/navigation_again/local/share/ament_index/resource_index
[1.698s] creating /home/parallels/ROS_Workspaces/boat_workspace/install/navigation_again/local/share/ament_index/resource_index/packages
[1.698s] copying resource/navigation_again -> /home/parallels/ROS_Workspaces/boat_workspace/install/navigation_again/local/share/ament_index/resource_index/packages
[1.698s] creating /home/parallels/ROS_Workspaces/boat_workspace/install/navigation_again/local/share/navigation_again
[1.698s] copying package.xml -> /home/parallels/ROS_Workspaces/boat_workspace/install/navigation_again/local/share/navigation_again
[1.699s] running install_egg_info
[1.715s] Copying ../../build/navigation_again/navigation_again.egg-info to /home/parallels/ROS_Workspaces/boat_workspace/install/navigation_again/local/lib/python3.10/dist-packages/navigation_again-0.0.0-py3.10.egg-info
[1.716s] running install_scripts
[1.819s] writing list of installed files to '/home/parallels/ROS_Workspaces/boat_workspace/build/navigation_again/install.log'
[1.864s] Invoked command in '/home/parallels/ROS_Workspaces/boat_workspace/src/navigation_again' returned '0': PYTHONPATH=/home/parallels/ROS_Workspaces/boat_workspace/install/navigation_again/lib/python3.10/site-packages:${PYTHONPATH} /usr/bin/python3 setup.py egg_info --egg-base ../../build/navigation_again build --build-base /home/parallels/ROS_Workspaces/boat_workspace/build/navigation_again/build install --prefix /home/parallels/ROS_Workspaces/boat_workspace/install/navigation_again --record /home/parallels/ROS_Workspaces/boat_workspace/build/navigation_again/install.log --single-version-externally-managed
