[0.041s] Invoking command in '/home/parallels/ROS_Workspaces/boat_workspace/build/navigation': CMAKE_PREFIX_PATH=${CMAKE_PREFIX_PATH}:/home/parallels/ROS_Workspaces/boat_workspace/install/navigation_again:/opt/ros/humble /usr/bin/cmake --build /home/parallels/ROS_Workspaces/boat_workspace/build/navigation -- -j3 -l3
[0.414s] -- Found ament_cmake_python: 1.3.2 (/opt/ros/humble/share/ament_cmake_python/cmake)
[0.414s] -- Found rclpy: 3.3.4 (/opt/ros/humble/share/rclpy/cmake)
[0.414s] -- Found sensor_msgs: 4.2.2 (/opt/ros/humble/share/sensor_msgs/cmake)
[0.414s] -- Found rosidl_generator_c: 3.1.3 (/opt/ros/humble/share/rosidl_generator_c/cmake)
[0.414s] -- Found rosidl_adapter: 3.1.3 (/opt/ros/humble/share/rosidl_adapter/cmake)
[0.414s] -- Found rosidl_generator_cpp: 3.1.3 (/opt/ros/humble/share/rosidl_generator_cpp/cmake)
[0.414s] -- Using all available rosidl_typesupport_c: rosidl_typesupport_fastrtps_c;rosidl_typesupport_introspection_c
[0.414s] -- Using all available rosidl_typesupport_cpp: rosidl_typesupport_fastrtps_cpp;rosidl_typesupport_introspection_cpp
[0.840s] [31mCMake Error at /opt/ros/humble/share/ament_cmake_core/cmake/core/ament_package_xml.cmake:53 (message):
[0.840s]   ament_package_xml() package name 'navigation' in '/package.xml' does not
[0.840s]   match current PROJECT_NAME 'vision'.  You must call project() with the same
[0.840s]   package name before.
[0.840s] Call Stack (most recent call first):
[0.841s]   /opt/ros/humble/share/ament_cmake_python/cmake/ament_python_install_package.cmake:60 (ament_package_xml)
[0.841s]   /opt/ros/humble/share/ament_cmake_python/cmake/ament_python_install_package.cmake:39 (_ament_cmake_python_install_package)
[0.841s]   CMakeLists.txt:14 (ament_python_install_package)
[0.841s] 
[0.841s] [0m
[0.841s] -- Configuring incomplete, errors occurred!
[0.841s] See also "/home/parallels/ROS_Workspaces/boat_workspace/build/navigation/CMakeFiles/CMakeOutput.log".
[0.846s] gmake: *** [Makefile:308: cmake_check_build_system] Error 1
[0.850s] Invoked command in '/home/parallels/ROS_Workspaces/boat_workspace/build/navigation' returned '2': CMAKE_PREFIX_PATH=${CMAKE_PREFIX_PATH}:/home/parallels/ROS_Workspaces/boat_workspace/install/navigation_again:/opt/ros/humble /usr/bin/cmake --build /home/parallels/ROS_Workspaces/boat_workspace/build/navigation -- -j3 -l3
