[ 12%] [32mBuilding CXX object CMakeFiles/nav_logic.dir/src/dest_to_motorInfo.cpp.o[0m
[ 37%] [32mBuilding CXX object CMakeFiles/cam_logic.dir/src/img_to_destination.cpp.o[0m
[ 37%] [32mBuilding CXX object CMakeFiles/cam_driver.dir/src/world_to_img.cpp.o[0m
[ 50%] [32m[1mLinking CXX executable cam_logic[0m
[ 62%] [32m[1mLinking CXX executable nav_logic[0m
[ 62%] Built target cam_logic
[35m[1mConsolidate compiler generated dependencies of target nav_do[0m
[ 75%] [32mBuilding CXX object CMakeFiles/nav_do.dir/src/motorInfo_to_GPIO.cpp.o[0m
[ 75%] Built target nav_logic
[ 87%] [32m[1mLinking CXX executable cam_driver[0m
[ 87%] Built target cam_driver
[100%] [32m[1mLinking CXX executable nav_do[0m
[100%] Built target nav_do
-- Install configuration: ""
-- Installing: /home/parallels/ROS_Workspaces/boat_workspace/install/imgToMotor/lib/imgToMotor/cam_driver
-- Set runtime path of "/home/parallels/ROS_Workspaces/boat_workspace/install/imgToMotor/lib/imgToMotor/cam_driver" to ""
-- Installing: /home/parallels/ROS_Workspaces/boat_workspace/install/imgToMotor/lib/imgToMotor/cam_logic
-- Set runtime path of "/home/parallels/ROS_Workspaces/boat_workspace/install/imgToMotor/lib/imgToMotor/cam_logic" to ""
-- Installing: /home/parallels/ROS_Workspaces/boat_workspace/install/imgToMotor/lib/imgToMotor/nav_logic
-- Set runtime path of "/home/parallels/ROS_Workspaces/boat_workspace/install/imgToMotor/lib/imgToMotor/nav_logic" to ""
-- Installing: /home/parallels/ROS_Workspaces/boat_workspace/install/imgToMotor/lib/imgToMotor/nav_do
-- Set runtime path of "/home/parallels/ROS_Workspaces/boat_workspace/install/imgToMotor/lib/imgToMotor/nav_do" to ""
-- Installing: /home/parallels/ROS_Workspaces/boat_workspace/install/imgToMotor/share/ament_index/resource_index/package_run_dependencies/imgToMotor
-- Up-to-date: /home/parallels/ROS_Workspaces/boat_workspace/install/imgToMotor/share/ament_index/resource_index/parent_prefix_path/imgToMotor
-- Up-to-date: /home/parallels/ROS_Workspaces/boat_workspace/install/imgToMotor/share/imgToMotor/environment/ament_prefix_path.sh
-- Installing: /home/parallels/ROS_Workspaces/boat_workspace/install/imgToMotor/share/imgToMotor/environment/ament_prefix_path.dsv
-- Up-to-date: /home/parallels/ROS_Workspaces/boat_workspace/install/imgToMotor/share/imgToMotor/environment/path.sh
-- Installing: /home/parallels/ROS_Workspaces/boat_workspace/install/imgToMotor/share/imgToMotor/environment/path.dsv
-- Up-to-date: /home/parallels/ROS_Workspaces/boat_workspace/install/imgToMotor/share/imgToMotor/local_setup.bash
-- Up-to-date: /home/parallels/ROS_Workspaces/boat_workspace/install/imgToMotor/share/imgToMotor/local_setup.sh
-- Up-to-date: /home/parallels/ROS_Workspaces/boat_workspace/install/imgToMotor/share/imgToMotor/local_setup.zsh
-- Installing: /home/parallels/ROS_Workspaces/boat_workspace/install/imgToMotor/share/imgToMotor/local_setup.dsv
-- Installing: /home/parallels/ROS_Workspaces/boat_workspace/install/imgToMotor/share/imgToMotor/package.dsv
-- Up-to-date: /home/parallels/ROS_Workspaces/boat_workspace/install/imgToMotor/share/ament_index/resource_index/packages/imgToMotor
-- Up-to-date: /home/parallels/ROS_Workspaces/boat_workspace/install/imgToMotor/share/imgToMotor/cmake/imgToMotorConfig.cmake
-- Up-to-date: /home/parallels/ROS_Workspaces/boat_workspace/install/imgToMotor/share/imgToMotor/cmake/imgToMotorConfig-version.cmake
-- Installing: /home/parallels/ROS_Workspaces/boat_workspace/install/imgToMotor/share/imgToMotor/package.xml
