[0.015s] Invoking command in '/home/parallels/ROS_Workspaces/boat_workspace/build/vision': CMAKE_PREFIX_PATH=/opt/ros/humble /usr/bin/cmake --build /home/parallels/ROS_Workspaces/boat_workspace/build/vision -- -j3 -l3
[0.051s] -- Found ament_cmake: 1.3.2 (/opt/ros/humble/share/ament_cmake/cmake)
[0.224s] -- Found rclcpp: 16.0.1 (/opt/ros/humble/share/rclcpp/cmake)
[0.270s] -- Found rosidl_generator_c: 3.1.3 (/opt/ros/humble/share/rosidl_generator_c/cmake)
[0.274s] -- Found rosidl_adapter: 3.1.3 (/opt/ros/humble/share/rosidl_adapter/cmake)
[0.282s] -- Found rosidl_generator_cpp: 3.1.3 (/opt/ros/humble/share/rosidl_generator_cpp/cmake)
[0.297s] -- Using all available rosidl_typesupport_c: rosidl_typesupport_fastrtps_c;rosidl_typesupport_introspection_c
[0.319s] -- Using all available rosidl_typesupport_cpp: rosidl_typesupport_fastrtps_cpp;rosidl_typesupport_introspection_cpp
[0.415s] -- Found rmw_implementation_cmake: 6.1.0 (/opt/ros/humble/share/rmw_implementation_cmake/cmake)
[0.417s] -- Found rmw_fastrtps_cpp: 6.2.1 (/opt/ros/humble/share/rmw_fastrtps_cpp/cmake)
[0.564s] -- Using RMW implementation 'rmw_fastrtps_cpp' as default
[0.797s] -- Found rclpy: 3.3.4 (/opt/ros/humble/share/rclpy/cmake)
[0.806s] [31mCMake Error at CMakeLists.txt:13 (find_package):
[0.806s]   By not providing "Findrospy.cmake" in CMAKE_MODULE_PATH this project has
[0.806s]   asked CMake to find a package configuration file provided by "rospy", but
[0.806s]   CMake did not find one.
[0.806s] 
[0.806s]   Could not find a package configuration file provided by "rospy" with any of
[0.806s]   the following names:
[0.807s] 
[0.807s]     rospyConfig.cmake
[0.807s]     rospy-config.cmake
[0.807s] 
[0.807s]   Add the installation prefix of "rospy" to CMAKE_PREFIX_PATH or set
[0.807s]   "rospy_DIR" to a directory containing one of the above files.  If "rospy"
[0.807s]   provides a separate development package or SDK, be sure it has been
[0.807s]   installed.
[0.807s] 
[0.807s] [0m
[0.807s] -- Configuring incomplete, errors occurred!
[0.807s] See also "/home/parallels/ROS_Workspaces/boat_workspace/build/vision/CMakeFiles/CMakeOutput.log".
[0.813s] gmake: *** [Makefile:295: cmake_check_build_system] Error 1
[0.815s] Invoked command in '/home/parallels/ROS_Workspaces/boat_workspace/build/vision' returned '2': CMAKE_PREFIX_PATH=/opt/ros/humble /usr/bin/cmake --build /home/parallels/ROS_Workspaces/boat_workspace/build/vision -- -j3 -l3
