[0.034s] Invoking command in '/home/parallels/ROS_Workspaces/boat_workspace/build/vision': CMAKE_PREFIX_PATH=/opt/ros/humble /usr/bin/cmake --build /home/parallels/ROS_Workspaces/boat_workspace/build/vision -- -j3 -l3
[0.185s] Built target ament_cmake_python_copy_vision
[0.745s] running egg_info
[0.751s] writing manifest file 'vision.egg-info/SOURCES.txt'
[0.815s] Built target ament_cmake_python_build_vision_egg
[0.852s] Invoked command in '/home/parallels/ROS_Workspaces/boat_workspace/build/vision' returned '0': CMAKE_PREFIX_PATH=/opt/ros/humble /usr/bin/cmake --build /home/parallels/ROS_Workspaces/boat_workspace/build/vision -- -j3 -l3
[1.008s] Invoking command in '/home/parallels/ROS_Workspaces/boat_workspace/build/vision': CMAKE_PREFIX_PATH=/opt/ros/humble /usr/bin/cmake --install /home/parallels/ROS_Workspaces/boat_workspace/build/vision
[1.018s] -- Install configuration: ""
[1.019s] -- Up-to-date: /home/parallels/ROS_Workspaces/boat_workspace/install/vision/share/vision/environment/pythonpath.sh
[1.020s] -- Up-to-date: /home/parallels/ROS_Workspaces/boat_workspace/install/vision/share/vision/environment/pythonpath.dsv
[1.020s] -- Up-to-date: /home/parallels/ROS_Workspaces/boat_workspace/install/vision/local/lib/python3.10/dist-packages/vision-0.0.0-py3.10.egg-info
[1.020s] -- Installing: /home/parallels/ROS_Workspaces/boat_workspace/install/vision/local/lib/python3.10/dist-packages/vision-0.0.0-py3.10.egg-info/dependency_links.txt
[1.020s] -- Installing: /home/parallels/ROS_Workspaces/boat_workspace/install/vision/local/lib/python3.10/dist-packages/vision-0.0.0-py3.10.egg-info/PKG-INFO
[1.021s] -- Installing: /home/parallels/ROS_Workspaces/boat_workspace/install/vision/local/lib/python3.10/dist-packages/vision-0.0.0-py3.10.egg-info/top_level.txt
[1.021s] -- Installing: /home/parallels/ROS_Workspaces/boat_workspace/install/vision/local/lib/python3.10/dist-packages/vision-0.0.0-py3.10.egg-info/SOURCES.txt
[1.021s] -- Up-to-date: /home/parallels/ROS_Workspaces/boat_workspace/install/vision/local/lib/python3.10/dist-packages/vision
[1.022s] -- Up-to-date: /home/parallels/ROS_Workspaces/boat_workspace/install/vision/local/lib/python3.10/dist-packages/vision/__init__.py
[1.060s] Listing '/home/parallels/ROS_Workspaces/boat_workspace/install/vision/local/lib/python3.10/dist-packages/vision'...
[1.072s] -- Up-to-date: /home/parallels/ROS_Workspaces/boat_workspace/install/vision/lib/vision/net_finder.py
[1.072s] -- Up-to-date: /home/parallels/ROS_Workspaces/boat_workspace/install/vision/lib/vision/camera_debug.py
[1.072s] -- Up-to-date: /home/parallels/ROS_Workspaces/boat_workspace/install/vision/lib/vision/camera.py
[1.072s] -- Up-to-date: /home/parallels/ROS_Workspaces/boat_workspace/install/vision/share/ament_index/resource_index/package_run_dependencies/vision
[1.074s] -- Up-to-date: /home/parallels/ROS_Workspaces/boat_workspace/install/vision/share/ament_index/resource_index/parent_prefix_path/vision
[1.074s] -- Up-to-date: /home/parallels/ROS_Workspaces/boat_workspace/install/vision/share/vision/environment/ament_prefix_path.sh
[1.074s] -- Up-to-date: /home/parallels/ROS_Workspaces/boat_workspace/install/vision/share/vision/environment/ament_prefix_path.dsv
[1.074s] -- Up-to-date: /home/parallels/ROS_Workspaces/boat_workspace/install/vision/share/vision/environment/path.sh
[1.074s] -- Up-to-date: /home/parallels/ROS_Workspaces/boat_workspace/install/vision/share/vision/environment/path.dsv
[1.075s] -- Up-to-date: /home/parallels/ROS_Workspaces/boat_workspace/install/vision/share/vision/local_setup.bash
[1.075s] -- Up-to-date: /home/parallels/ROS_Workspaces/boat_workspace/install/vision/share/vision/local_setup.sh
[1.075s] -- Up-to-date: /home/parallels/ROS_Workspaces/boat_workspace/install/vision/share/vision/local_setup.zsh
[1.075s] -- Up-to-date: /home/parallels/ROS_Workspaces/boat_workspace/install/vision/share/vision/local_setup.dsv
[1.075s] -- Up-to-date: /home/parallels/ROS_Workspaces/boat_workspace/install/vision/share/vision/package.dsv
[1.075s] -- Up-to-date: /home/parallels/ROS_Workspaces/boat_workspace/install/vision/share/ament_index/resource_index/packages/vision
[1.075s] -- Up-to-date: /home/parallels/ROS_Workspaces/boat_workspace/install/vision/share/vision/cmake/visionConfig.cmake
[1.075s] -- Up-to-date: /home/parallels/ROS_Workspaces/boat_workspace/install/vision/share/vision/cmake/visionConfig-version.cmake
[1.076s] -- Up-to-date: /home/parallels/ROS_Workspaces/boat_workspace/install/vision/share/vision/package.xml
[1.080s] Invoked command in '/home/parallels/ROS_Workspaces/boat_workspace/build/vision' returned '0': CMAKE_PREFIX_PATH=/opt/ros/humble /usr/bin/cmake --install /home/parallels/ROS_Workspaces/boat_workspace/build/vision
