[1.129s] Invoking command in '/home/parallels/ROS_Workspaces/boat_workspace/src/navigation_again': PYTHONPATH=/home/parallels/ROS_Workspaces/boat_workspace/install/navigation_again/lib/python3.10/site-packages:${PYTHONPATH} /usr/bin/python3 setup.py egg_info --egg-base ../../build/navigation_again build --build-base /home/parallels/ROS_Workspaces/boat_workspace/build/navigation_again/build install --prefix /home/parallels/ROS_Workspaces/boat_workspace/install/navigation_again --record /home/parallels/ROS_Workspaces/boat_workspace/build/navigation_again/install.log --single-version-externally-managed
[1.548s] running egg_info
[1.564s] writing ../../build/navigation_again/navigation_again.egg-info/PKG-INFO
[1.565s] writing dependency_links to ../../build/navigation_again/navigation_again.egg-info/dependency_links.txt
[1.566s] writing requirements to ../../build/navigation_again/navigation_again.egg-info/requires.txt
[1.566s] writing top-level names to ../../build/navigation_again/navigation_again.egg-info/top_level.txt
[1.596s] reading manifest file '../../build/navigation_again/navigation_again.egg-info/SOURCES.txt'
[1.597s] writing manifest file '../../build/navigation_again/navigation_again.egg-info/SOURCES.txt'
[1.599s] running build
[1.599s] running build_py
[1.599s] running install
[1.600s] /usr/local/lib/python3.10/dist-packages/setuptools/command/install.py:34: SetuptoolsDeprecationWarning: setup.py install is deprecated. Use build and pip and other standards-based tools.
[1.600s]   warnings.warn(
[1.606s] running install_lib
[1.622s] running install_data
[1.637s] running install_egg_info
[1.653s] removing '/home/parallels/ROS_Workspaces/boat_workspace/install/navigation_again/local/lib/python3.10/dist-packages/navigation_again-0.0.0-py3.10.egg-info' (and everything under it)
[1.653s] Copying ../../build/navigation_again/navigation_again.egg-info to /home/parallels/ROS_Workspaces/boat_workspace/install/navigation_again/local/lib/python3.10/dist-packages/navigation_again-0.0.0-py3.10.egg-info
[1.654s] running install_scripts
[1.726s] writing list of installed files to '/home/parallels/ROS_Workspaces/boat_workspace/build/navigation_again/install.log'
[1.779s] Invoked command in '/home/parallels/ROS_Workspaces/boat_workspace/src/navigation_again' returned '0': PYTHONPATH=/home/parallels/ROS_Workspaces/boat_workspace/install/navigation_again/lib/python3.10/site-packages:${PYTHONPATH} /usr/bin/python3 setup.py egg_info --egg-base ../../build/navigation_again build --build-base /home/parallels/ROS_Workspaces/boat_workspace/build/navigation_again/build install --prefix /home/parallels/ROS_Workspaces/boat_workspace/install/navigation_again --record /home/parallels/ROS_Workspaces/boat_workspace/build/navigation_again/install.log --single-version-externally-managed
