[0.020s] Invoking command in '/home/parallels/ROS_Workspaces/boat_workspace/build/navigation': CMAKE_PREFIX_PATH=/opt/ros/humble /usr/bin/cmake /home/parallels/ROS_Workspaces/boat_workspace/src/navigation -DCMAKE_INSTALL_PREFIX=/home/parallels/ROS_Workspaces/boat_workspace/install/navigation
[0.044s] -- Found ament_cmake: 1.3.2 (/opt/ros/humble/share/ament_cmake/cmake)
[0.213s] -- Found rclcpp: 16.0.1 (/opt/ros/humble/share/rclcpp/cmake)
[0.261s] -- Found rosidl_generator_c: 3.1.3 (/opt/ros/humble/share/rosidl_generator_c/cmake)
[0.264s] -- Found rosidl_adapter: 3.1.3 (/opt/ros/humble/share/rosidl_adapter/cmake)
[0.273s] -- Found rosidl_generator_cpp: 3.1.3 (/opt/ros/humble/share/rosidl_generator_cpp/cmake)
[0.288s] -- Using all available rosidl_typesupport_c: rosidl_typesupport_fastrtps_c;rosidl_typesupport_introspection_c
[0.309s] -- Using all available rosidl_typesupport_cpp: rosidl_typesupport_fastrtps_cpp;rosidl_typesupport_introspection_cpp
[0.404s] -- Found rmw_implementation_cmake: 6.1.0 (/opt/ros/humble/share/rmw_implementation_cmake/cmake)
[0.406s] -- Found rmw_fastrtps_cpp: 6.2.1 (/opt/ros/humble/share/rmw_fastrtps_cpp/cmake)
[0.558s] -- Using RMW implementation 'rmw_fastrtps_cpp' as default
[0.875s] -- Configuring done
[0.890s] -- Generating done
[0.890s] -- Build files have been written to: /home/parallels/ROS_Workspaces/boat_workspace/build/navigation
[0.901s] Invoked command in '/home/parallels/ROS_Workspaces/boat_workspace/build/navigation' returned '0': CMAKE_PREFIX_PATH=/opt/ros/humble /usr/bin/cmake /home/parallels/ROS_Workspaces/boat_workspace/src/navigation -DCMAKE_INSTALL_PREFIX=/home/parallels/ROS_Workspaces/boat_workspace/install/navigation
[0.904s] Invoking command in '/home/parallels/ROS_Workspaces/boat_workspace/build/navigation': CMAKE_PREFIX_PATH=/opt/ros/humble /usr/bin/cmake --build /home/parallels/ROS_Workspaces/boat_workspace/build/navigation -- -j3 -l3
[0.966s] [ 25%] [32mBuilding CXX object CMakeFiles/nav_logic.dir/src/dest_to_motorInfo.cpp.o[0m
[0.976s] [ 50%] [32mBuilding CXX object CMakeFiles/nav_do.dir/src/motorInfo_to_GPIO.cpp.o[0m
[6.527s] [ 75%] [32m[1mLinking CXX executable nav_do[0m
[6.766s] [ 75%] Built target nav_do
[6.819s] [100%] [32m[1mLinking CXX executable nav_logic[0m
[6.957s] [100%] Built target nav_logic
[6.970s] Invoked command in '/home/parallels/ROS_Workspaces/boat_workspace/build/navigation' returned '0': CMAKE_PREFIX_PATH=/opt/ros/humble /usr/bin/cmake --build /home/parallels/ROS_Workspaces/boat_workspace/build/navigation -- -j3 -l3
[7.039s] Invoking command in '/home/parallels/ROS_Workspaces/boat_workspace/build/navigation': CMAKE_PREFIX_PATH=/opt/ros/humble /usr/bin/cmake --install /home/parallels/ROS_Workspaces/boat_workspace/build/navigation
[7.049s] -- Install configuration: ""
[7.050s] -- Installing: /home/parallels/ROS_Workspaces/boat_workspace/install/navigation/lib/navigation/nav_logic
[7.050s] -- Set runtime path of "/home/parallels/ROS_Workspaces/boat_workspace/install/navigation/lib/navigation/nav_logic" to ""
[7.050s] -- Installing: /home/parallels/ROS_Workspaces/boat_workspace/install/navigation/lib/navigation/nav_do
[7.051s] -- Set runtime path of "/home/parallels/ROS_Workspaces/boat_workspace/install/navigation/lib/navigation/nav_do" to ""
[7.051s] -- Installing: /home/parallels/ROS_Workspaces/boat_workspace/install/navigation/share/ament_index/resource_index/package_run_dependencies/navigation
[7.051s] -- Installing: /home/parallels/ROS_Workspaces/boat_workspace/install/navigation/share/ament_index/resource_index/parent_prefix_path/navigation
[7.052s] -- Installing: /home/parallels/ROS_Workspaces/boat_workspace/install/navigation/share/navigation/environment/ament_prefix_path.sh
[7.052s] -- Installing: /home/parallels/ROS_Workspaces/boat_workspace/install/navigation/share/navigation/environment/ament_prefix_path.dsv
[7.052s] -- Installing: /home/parallels/ROS_Workspaces/boat_workspace/install/navigation/share/navigation/environment/path.sh
[7.052s] -- Installing: /home/parallels/ROS_Workspaces/boat_workspace/install/navigation/share/navigation/environment/path.dsv
[7.053s] -- Installing: /home/parallels/ROS_Workspaces/boat_workspace/install/navigation/share/navigation/local_setup.bash
[7.053s] -- Installing: /home/parallels/ROS_Workspaces/boat_workspace/install/navigation/share/navigation/local_setup.sh
[7.053s] -- Installing: /home/parallels/ROS_Workspaces/boat_workspace/install/navigation/share/navigation/local_setup.zsh
[7.053s] -- Installing: /home/parallels/ROS_Workspaces/boat_workspace/install/navigation/share/navigation/local_setup.dsv
[7.053s] -- Installing: /home/parallels/ROS_Workspaces/boat_workspace/install/navigation/share/navigation/package.dsv
[7.053s] -- Installing: /home/parallels/ROS_Workspaces/boat_workspace/install/navigation/share/ament_index/resource_index/packages/navigation
[7.054s] -- Installing: /home/parallels/ROS_Workspaces/boat_workspace/install/navigation/share/navigation/cmake/navigationConfig.cmake
[7.054s] -- Installing: /home/parallels/ROS_Workspaces/boat_workspace/install/navigation/share/navigation/cmake/navigationConfig-version.cmake
[7.054s] -- Installing: /home/parallels/ROS_Workspaces/boat_workspace/install/navigation/share/navigation/package.xml
[7.057s] Invoked command in '/home/parallels/ROS_Workspaces/boat_workspace/build/navigation' returned '0': CMAKE_PREFIX_PATH=/opt/ros/humble /usr/bin/cmake --install /home/parallels/ROS_Workspaces/boat_workspace/build/navigation
