[0.021s] Invoking command in '/home/parallels/ROS_Workspaces/boat_workspace/build/imgToMotor': CMAKE_PREFIX_PATH=/opt/ros/humble /usr/bin/cmake /home/parallels/ROS_Workspaces/boat_workspace/src/imgToMotor -DCMAKE_INSTALL_PREFIX=/home/parallels/ROS_Workspaces/boat_workspace/install/imgToMotor
[0.265s] -- The C compiler identification is GNU 11.3.0
[0.431s] -- The CXX compiler identification is GNU 11.3.0
[0.454s] -- Detecting C compiler ABI info
[0.554s] -- Detecting C compiler ABI info - done
[0.566s] -- Check for working C compiler: /usr/bin/cc - skipped
[0.569s] -- Detecting C compile features
[0.571s] -- Detecting C compile features - done
[0.579s] -- Detecting CXX compiler ABI info
[0.675s] -- Detecting CXX compiler ABI info - done
[0.687s] -- Check for working CXX compiler: /usr/bin/c++ - skipped
[0.688s] -- Detecting CXX compile features
[0.688s] -- Detecting CXX compile features - done
[0.701s] -- Found ament_cmake: 1.3.2 (/opt/ros/humble/share/ament_cmake/cmake)
[0.905s] -- Found Python3: /usr/bin/python3.10 (found version "3.10.6") found components: Interpreter 
[1.050s] -- Found ament_lint_auto: 0.12.4 (/opt/ros/humble/share/ament_lint_auto/cmake)
[1.108s] WARNING: Package name "imgToMotor" does not follow the naming conventions. It should start with a lower case letter and only contain lower case letters, digits, underscores, and dashes.
[1.153s] -- Added test 'lint_cmake' to check CMake code style
[1.155s] -- Added test 'xmllint' to check XML markup files
[1.158s] -- Configuring done
[1.162s] -- Generating done
[1.163s] -- Build files have been written to: /home/parallels/ROS_Workspaces/boat_workspace/build/imgToMotor
[1.167s] Invoked command in '/home/parallels/ROS_Workspaces/boat_workspace/build/imgToMotor' returned '0': CMAKE_PREFIX_PATH=/opt/ros/humble /usr/bin/cmake /home/parallels/ROS_Workspaces/boat_workspace/src/imgToMotor -DCMAKE_INSTALL_PREFIX=/home/parallels/ROS_Workspaces/boat_workspace/install/imgToMotor
[1.170s] Invoking command in '/home/parallels/ROS_Workspaces/boat_workspace/build/imgToMotor': CMAKE_PREFIX_PATH=/opt/ros/humble /usr/bin/cmake --build /home/parallels/ROS_Workspaces/boat_workspace/build/imgToMotor -- -j3 -l3
[1.210s] Invoked command in '/home/parallels/ROS_Workspaces/boat_workspace/build/imgToMotor' returned '0': CMAKE_PREFIX_PATH=/opt/ros/humble /usr/bin/cmake --build /home/parallels/ROS_Workspaces/boat_workspace/build/imgToMotor -- -j3 -l3
[1.248s] Invoking command in '/home/parallels/ROS_Workspaces/boat_workspace/build/imgToMotor': CMAKE_PREFIX_PATH=/opt/ros/humble /usr/bin/cmake --install /home/parallels/ROS_Workspaces/boat_workspace/build/imgToMotor
[1.255s] -- Install configuration: ""
[1.256s] -- Installing: /home/parallels/ROS_Workspaces/boat_workspace/install/imgToMotor/share/ament_index/resource_index/package_run_dependencies/imgToMotor
[1.256s] -- Installing: /home/parallels/ROS_Workspaces/boat_workspace/install/imgToMotor/share/ament_index/resource_index/parent_prefix_path/imgToMotor
[1.259s] -- Installing: /home/parallels/ROS_Workspaces/boat_workspace/install/imgToMotor/share/imgToMotor/environment/ament_prefix_path.sh
[1.259s] -- Installing: /home/parallels/ROS_Workspaces/boat_workspace/install/imgToMotor/share/imgToMotor/environment/ament_prefix_path.dsv
[1.260s] -- Installing: /home/parallels/ROS_Workspaces/boat_workspace/install/imgToMotor/share/imgToMotor/environment/path.sh
[1.260s] -- Installing: /home/parallels/ROS_Workspaces/boat_workspace/install/imgToMotor/share/imgToMotor/environment/path.dsv
[1.260s] -- Installing: /home/parallels/ROS_Workspaces/boat_workspace/install/imgToMotor/share/imgToMotor/local_setup.bash
[1.260s] -- Installing: /home/parallels/ROS_Workspaces/boat_workspace/install/imgToMotor/share/imgToMotor/local_setup.sh
[1.260s] -- Installing: /home/parallels/ROS_Workspaces/boat_workspace/install/imgToMotor/share/imgToMotor/local_setup.zsh
[1.261s] -- Installing: /home/parallels/ROS_Workspaces/boat_workspace/install/imgToMotor/share/imgToMotor/local_setup.dsv
[1.261s] -- Installing: /home/parallels/ROS_Workspaces/boat_workspace/install/imgToMotor/share/imgToMotor/package.dsv
[1.261s] -- Installing: /home/parallels/ROS_Workspaces/boat_workspace/install/imgToMotor/share/ament_index/resource_index/packages/imgToMotor
[1.261s] -- Installing: /home/parallels/ROS_Workspaces/boat_workspace/install/imgToMotor/share/imgToMotor/cmake/imgToMotorConfig.cmake
[1.261s] -- Installing: /home/parallels/ROS_Workspaces/boat_workspace/install/imgToMotor/share/imgToMotor/cmake/imgToMotorConfig-version.cmake
[1.261s] -- Installing: /home/parallels/ROS_Workspaces/boat_workspace/install/imgToMotor/share/imgToMotor/package.xml
[1.264s] Invoked command in '/home/parallels/ROS_Workspaces/boat_workspace/build/imgToMotor' returned '0': CMAKE_PREFIX_PATH=/opt/ros/humble /usr/bin/cmake --install /home/parallels/ROS_Workspaces/boat_workspace/build/imgToMotor
