[0.027s] Invoking command in '/home/parallels/ROS_Workspaces/boat_workspace/build/vision': CMAKE_PREFIX_PATH=/opt/ros/humble /usr/bin/cmake --build /home/parallels/ROS_Workspaces/boat_workspace/build/vision -- -j3 -l3
[0.107s] Built target ament_cmake_python_copy_vision
[0.544s] running egg_info
[0.560s] writing vision.egg-info/PKG-INFO
[0.560s] writing dependency_links to vision.egg-info/dependency_links.txt
[0.561s] writing top-level names to vision.egg-info/top_level.txt
[0.606s] reading manifest file 'vision.egg-info/SOURCES.txt'
[0.607s] writing manifest file 'vision.egg-info/SOURCES.txt'
[0.668s] Built target ament_cmake_python_build_vision_egg
[0.681s] Invoked command in '/home/parallels/ROS_Workspaces/boat_workspace/build/vision' returned '0': CMAKE_PREFIX_PATH=/opt/ros/humble /usr/bin/cmake --build /home/parallels/ROS_Workspaces/boat_workspace/build/vision -- -j3 -l3
[0.715s] Invoking command in '/home/parallels/ROS_Workspaces/boat_workspace/build/vision': CMAKE_PREFIX_PATH=/opt/ros/humble /usr/bin/cmake --install /home/parallels/ROS_Workspaces/boat_workspace/build/vision
[0.725s] -- Install configuration: ""
[0.725s] -- Up-to-date: /home/parallels/ROS_Workspaces/boat_workspace/install/vision/share/vision/environment/pythonpath.sh
[0.726s] -- Up-to-date: /home/parallels/ROS_Workspaces/boat_workspace/install/vision/share/vision/environment/pythonpath.dsv
[0.726s] -- Up-to-date: /home/parallels/ROS_Workspaces/boat_workspace/install/vision/local/lib/python3.10/dist-packages/vision-0.0.0-py3.10.egg-info
[0.726s] -- Installing: /home/parallels/ROS_Workspaces/boat_workspace/install/vision/local/lib/python3.10/dist-packages/vision-0.0.0-py3.10.egg-info/dependency_links.txt
[0.726s] -- Installing: /home/parallels/ROS_Workspaces/boat_workspace/install/vision/local/lib/python3.10/dist-packages/vision-0.0.0-py3.10.egg-info/PKG-INFO
[0.726s] -- Installing: /home/parallels/ROS_Workspaces/boat_workspace/install/vision/local/lib/python3.10/dist-packages/vision-0.0.0-py3.10.egg-info/top_level.txt
[0.726s] -- Installing: /home/parallels/ROS_Workspaces/boat_workspace/install/vision/local/lib/python3.10/dist-packages/vision-0.0.0-py3.10.egg-info/SOURCES.txt
[0.726s] -- Up-to-date: /home/parallels/ROS_Workspaces/boat_workspace/install/vision/local/lib/python3.10/dist-packages/vision
[0.726s] -- Up-to-date: /home/parallels/ROS_Workspaces/boat_workspace/install/vision/local/lib/python3.10/dist-packages/vision/__init__.py
[0.759s] Listing '/home/parallels/ROS_Workspaces/boat_workspace/install/vision/local/lib/python3.10/dist-packages/vision'...
[0.763s] -- Installing: /home/parallels/ROS_Workspaces/boat_workspace/install/vision/lib/vision/net_finder.py
[0.763s] -- Up-to-date: /home/parallels/ROS_Workspaces/boat_workspace/install/vision/lib/vision/camera_debug.py
[0.764s] -- Up-to-date: /home/parallels/ROS_Workspaces/boat_workspace/install/vision/lib/vision/camera.py
[0.764s] -- Up-to-date: /home/parallels/ROS_Workspaces/boat_workspace/install/vision/share/ament_index/resource_index/package_run_dependencies/vision
[0.764s] -- Up-to-date: /home/parallels/ROS_Workspaces/boat_workspace/install/vision/share/ament_index/resource_index/parent_prefix_path/vision
[0.764s] -- Up-to-date: /home/parallels/ROS_Workspaces/boat_workspace/install/vision/share/vision/environment/ament_prefix_path.sh
[0.765s] -- Up-to-date: /home/parallels/ROS_Workspaces/boat_workspace/install/vision/share/vision/environment/ament_prefix_path.dsv
[0.765s] -- Up-to-date: /home/parallels/ROS_Workspaces/boat_workspace/install/vision/share/vision/environment/path.sh
[0.765s] -- Up-to-date: /home/parallels/ROS_Workspaces/boat_workspace/install/vision/share/vision/environment/path.dsv
[0.765s] -- Up-to-date: /home/parallels/ROS_Workspaces/boat_workspace/install/vision/share/vision/local_setup.bash
[0.765s] -- Up-to-date: /home/parallels/ROS_Workspaces/boat_workspace/install/vision/share/vision/local_setup.sh
[0.765s] -- Up-to-date: /home/parallels/ROS_Workspaces/boat_workspace/install/vision/share/vision/local_setup.zsh
[0.766s] -- Up-to-date: /home/parallels/ROS_Workspaces/boat_workspace/install/vision/share/vision/local_setup.dsv
[0.766s] -- Installing: /home/parallels/ROS_Workspaces/boat_workspace/install/vision/share/vision/package.dsv
[0.766s] -- Up-to-date: /home/parallels/ROS_Workspaces/boat_workspace/install/vision/share/ament_index/resource_index/packages/vision
[0.766s] -- Up-to-date: /home/parallels/ROS_Workspaces/boat_workspace/install/vision/share/vision/cmake/visionConfig.cmake
[0.766s] -- Up-to-date: /home/parallels/ROS_Workspaces/boat_workspace/install/vision/share/vision/cmake/visionConfig-version.cmake
[0.766s] -- Up-to-date: /home/parallels/ROS_Workspaces/boat_workspace/install/vision/share/vision/package.xml
[0.770s] Invoked command in '/home/parallels/ROS_Workspaces/boat_workspace/build/vision' returned '0': CMAKE_PREFIX_PATH=/opt/ros/humble /usr/bin/cmake --install /home/parallels/ROS_Workspaces/boat_workspace/build/vision
