[0.019s] Invoking command in '/home/parallels/ROS_Workspaces/boat_workspace/build/vision': CMAKE_PREFIX_PATH=/opt/ros/humble /usr/bin/cmake --build /home/parallels/ROS_Workspaces/boat_workspace/build/vision -- -j3 -l3
[0.060s] -- Found ament_cmake: 1.3.2 (/opt/ros/humble/share/ament_cmake/cmake)
[0.261s] -- Found rclcpp: 16.0.1 (/opt/ros/humble/share/rclcpp/cmake)
[0.307s] -- Found rosidl_generator_c: 3.1.3 (/opt/ros/humble/share/rosidl_generator_c/cmake)
[0.310s] -- Found rosidl_adapter: 3.1.3 (/opt/ros/humble/share/rosidl_adapter/cmake)
[0.320s] -- Found rosidl_generator_cpp: 3.1.3 (/opt/ros/humble/share/rosidl_generator_cpp/cmake)
[0.337s] -- Using all available rosidl_typesupport_c: rosidl_typesupport_fastrtps_c;rosidl_typesupport_introspection_c
[0.361s] -- Using all available rosidl_typesupport_cpp: rosidl_typesupport_fastrtps_cpp;rosidl_typesupport_introspection_cpp
[0.456s] -- Found rmw_implementation_cmake: 6.1.0 (/opt/ros/humble/share/rmw_implementation_cmake/cmake)
[0.458s] -- Found rmw_fastrtps_cpp: 6.2.1 (/opt/ros/humble/share/rmw_fastrtps_cpp/cmake)
[0.607s] -- Using RMW implementation 'rmw_fastrtps_cpp' as default
[0.927s] -- Configuring done
[0.930s] [31mCMake Error at CMakeLists.txt:19 (add_executable):
[0.931s]   Cannot find source file:
[0.931s] 
[0.931s]     src/netFinder.cpp
[0.931s] 
[0.931s]   Tried extensions .c .C .c++ .cc .cpp .cxx .cu .mpp .m .M .mm .ixx .cppm .h
[0.932s]   .hh .h++ .hm .hpp .hxx .in .txx .f .F .for .f77 .f90 .f95 .f03 .hip .ispc
[0.932s] 
[0.932s] [0m
[0.932s] [31mCMake Error at CMakeLists.txt:19 (add_executable):
[0.932s]   No SOURCES given to target: NetFinder
[0.933s] 
[0.933s] [0m
[0.933s] [0mCMake Generate step failed.  Build files cannot be regenerated correctly.[0m
[0.945s] gmake: *** [Makefile:308: cmake_check_build_system] Error 1
[0.947s] Invoked command in '/home/parallels/ROS_Workspaces/boat_workspace/build/vision' returned '2': CMAKE_PREFIX_PATH=/opt/ros/humble /usr/bin/cmake --build /home/parallels/ROS_Workspaces/boat_workspace/build/vision -- -j3 -l3
