[0.037s] Invoking command in '/home/parallels/ROS_Workspaces/boat_workspace/build/navigation': CMAKE_PREFIX_PATH=/opt/ros/humble /usr/bin/cmake --build /home/parallels/ROS_Workspaces/boat_workspace/build/navigation -- -j3 -l3
[0.103s] [ 50%] Built target nav_logic
[0.104s] [100%] Built target nav_do
[0.125s] Invoked command in '/home/parallels/ROS_Workspaces/boat_workspace/build/navigation' returned '0': CMAKE_PREFIX_PATH=/opt/ros/humble /usr/bin/cmake --build /home/parallels/ROS_Workspaces/boat_workspace/build/navigation -- -j3 -l3
[0.186s] Invoking command in '/home/parallels/ROS_Workspaces/boat_workspace/build/navigation': CMAKE_PREFIX_PATH=/opt/ros/humble /usr/bin/cmake --install /home/parallels/ROS_Workspaces/boat_workspace/build/navigation
[0.196s] -- Install configuration: ""
[0.196s] -- Up-to-date: /home/parallels/ROS_Workspaces/boat_workspace/install/navigation/lib/navigation/nav_logic
[0.197s] -- Up-to-date: /home/parallels/ROS_Workspaces/boat_workspace/install/navigation/lib/navigation/nav_do
[0.197s] -- Up-to-date: /home/parallels/ROS_Workspaces/boat_workspace/install/navigation/share/ament_index/resource_index/package_run_dependencies/navigation
[0.198s] -- Up-to-date: /home/parallels/ROS_Workspaces/boat_workspace/install/navigation/share/ament_index/resource_index/parent_prefix_path/navigation
[0.199s] -- Up-to-date: /home/parallels/ROS_Workspaces/boat_workspace/install/navigation/share/navigation/environment/ament_prefix_path.sh
[0.200s] -- Up-to-date: /home/parallels/ROS_Workspaces/boat_workspace/install/navigation/share/navigation/environment/ament_prefix_path.dsv
[0.200s] -- Up-to-date: /home/parallels/ROS_Workspaces/boat_workspace/install/navigation/share/navigation/environment/path.sh
[0.201s] -- Up-to-date: /home/parallels/ROS_Workspaces/boat_workspace/install/navigation/share/navigation/environment/path.dsv
[0.201s] -- Up-to-date: /home/parallels/ROS_Workspaces/boat_workspace/install/navigation/share/navigation/local_setup.bash
[0.201s] -- Up-to-date: /home/parallels/ROS_Workspaces/boat_workspace/install/navigation/share/navigation/local_setup.sh
[0.213s] -- Up-to-date: /home/parallels/ROS_Workspaces/boat_workspace/install/navigation/share/navigation/local_setup.zsh
[0.214s] -- Up-to-date: /home/parallels/ROS_Workspaces/boat_workspace/install/navigation/share/navigation/local_setup.dsv
[0.214s] -- Installing: /home/parallels/ROS_Workspaces/boat_workspace/install/navigation/share/navigation/package.dsv
[0.218s] -- Up-to-date: /home/parallels/ROS_Workspaces/boat_workspace/install/navigation/share/ament_index/resource_index/packages/navigation
[0.218s] -- Up-to-date: /home/parallels/ROS_Workspaces/boat_workspace/install/navigation/share/navigation/cmake/navigationConfig.cmake
[0.218s] -- Up-to-date: /home/parallels/ROS_Workspaces/boat_workspace/install/navigation/share/navigation/cmake/navigationConfig-version.cmake
[0.218s] -- Up-to-date: /home/parallels/ROS_Workspaces/boat_workspace/install/navigation/share/navigation/package.xml
[0.219s] Invoked command in '/home/parallels/ROS_Workspaces/boat_workspace/build/navigation' returned '0': CMAKE_PREFIX_PATH=/opt/ros/humble /usr/bin/cmake --install /home/parallels/ROS_Workspaces/boat_workspace/build/navigation
