Built target ament_cmake_python_copy_navigation_setup
Built target ament_cmake_python_copy_navigation
running egg_info
writing manifest file 'navigation.egg-info/SOURCES.txt'
Built target ament_cmake_python_build_navigation_egg
-- Install configuration: ""
-- Up-to-date: /home/parallels/ROS_Workspaces/boat_workspace/install/navigation/share/navigation/environment/pythonpath.sh
-- Up-to-date: /home/parallels/ROS_Workspaces/boat_workspace/install/navigation/share/navigation/environment/pythonpath.dsv
-- Up-to-date: /home/parallels/ROS_Workspaces/boat_workspace/install/navigation/local/lib/python3.10/dist-packages/navigation-0.0.0-py3.10.egg-info
-- Installing: /home/parallels/ROS_Workspaces/boat_workspace/install/navigation/local/lib/python3.10/dist-packages/navigation-0.0.0-py3.10.egg-info/dependency_links.txt
-- Installing: /home/parallels/ROS_Workspaces/boat_workspace/install/navigation/local/lib/python3.10/dist-packages/navigation-0.0.0-py3.10.egg-info/PKG-INFO
-- Installing: /home/parallels/ROS_Workspaces/boat_workspace/install/navigation/local/lib/python3.10/dist-packages/navigation-0.0.0-py3.10.egg-info/top_level.txt
-- Installing: /home/parallels/ROS_Workspaces/boat_workspace/install/navigation/local/lib/python3.10/dist-packages/navigation-0.0.0-py3.10.egg-info/SOURCES.txt
-- Up-to-date: /home/parallels/ROS_Workspaces/boat_workspace/install/navigation/local/lib/python3.10/dist-packages/navigation
-- Up-to-date: /home/parallels/ROS_Workspaces/boat_workspace/install/navigation/local/lib/python3.10/dist-packages/navigation/__init__.py
Listing '/home/parallels/ROS_Workspaces/boat_workspace/install/navigation/local/lib/python3.10/dist-packages/navigation'...
-- Installing: /home/parallels/ROS_Workspaces/boat_workspace/install/navigation/lib/navigation/motor_action.py
-- Installing: /home/parallels/ROS_Workspaces/boat_workspace/install/navigation/lib/navigation/motor_logic.py
-- Up-to-date: /home/parallels/ROS_Workspaces/boat_workspace/install/navigation/share/ament_index/resource_index/package_run_dependencies/navigation
-- Up-to-date: /home/parallels/ROS_Workspaces/boat_workspace/install/navigation/share/ament_index/resource_index/parent_prefix_path/navigation
-- Up-to-date: /home/parallels/ROS_Workspaces/boat_workspace/install/navigation/share/navigation/environment/ament_prefix_path.sh
-- Up-to-date: /home/parallels/ROS_Workspaces/boat_workspace/install/navigation/share/navigation/environment/ament_prefix_path.dsv
-- Up-to-date: /home/parallels/ROS_Workspaces/boat_workspace/install/navigation/share/navigation/environment/path.sh
-- Up-to-date: /home/parallels/ROS_Workspaces/boat_workspace/install/navigation/share/navigation/environment/path.dsv
-- Up-to-date: /home/parallels/ROS_Workspaces/boat_workspace/install/navigation/share/navigation/local_setup.bash
-- Up-to-date: /home/parallels/ROS_Workspaces/boat_workspace/install/navigation/share/navigation/local_setup.sh
-- Up-to-date: /home/parallels/ROS_Workspaces/boat_workspace/install/navigation/share/navigation/local_setup.zsh
-- Up-to-date: /home/parallels/ROS_Workspaces/boat_workspace/install/navigation/share/navigation/local_setup.dsv
-- Installing: /home/parallels/ROS_Workspaces/boat_workspace/install/navigation/share/navigation/package.dsv
-- Up-to-date: /home/parallels/ROS_Workspaces/boat_workspace/install/navigation/share/ament_index/resource_index/packages/navigation
-- Up-to-date: /home/parallels/ROS_Workspaces/boat_workspace/install/navigation/share/navigation/cmake/navigationConfig.cmake
-- Up-to-date: /home/parallels/ROS_Workspaces/boat_workspace/install/navigation/share/navigation/cmake/navigationConfig-version.cmake
-- Up-to-date: /home/parallels/ROS_Workspaces/boat_workspace/install/navigation/share/navigation/package.xml
