[0.457s] DEBUG:colcon:Command line arguments: ['/usr/bin/colcon', 'build']
[0.457s] DEBUG:colcon:Parsed command line arguments: Namespace(log_base=None, log_level=None, verb_name='build', build_base='build', install_base='install', merge_install=False, symlink_install=False, test_result_base=None, continue_on_error=False, executor='parallel', parallel_workers=3, event_handlers=None, ignore_user_meta=False, metas=['./colcon.meta'], base_paths=['.'], packages_ignore=None, packages_ignore_regex=None, paths=None, packages_up_to=None, packages_up_to_regex=None, packages_above=None, packages_above_and_dependencies=None, packages_above_depth=None, packages_select_by_dep=None, packages_skip_by_dep=None, packages_skip_up_to=None, packages_select_build_failed=False, packages_skip_build_finished=False, packages_select_test_failures=False, packages_skip_test_passed=False, packages_select=None, packages_skip=None, packages_select_regex=None, packages_skip_regex=None, packages_start=None, packages_end=None, allow_overriding=[], cmake_args=None, cmake_target=None, cmake_target_skip_unavailable=False, cmake_clean_cache=False, cmake_clean_first=False, cmake_force_configure=False, ament_cmake_args=None, catkin_cmake_args=None, catkin_skip_building_tests=False, verb_parser=<colcon_defaults.argument_parser.defaults.DefaultArgumentsDecorator object at 0x7f5cbf04b730>, verb_extension=<colcon_core.verb.build.BuildVerb object at 0x7f5cc00efb50>, main=<bound method BuildVerb.main of <colcon_core.verb.build.BuildVerb object at 0x7f5cc00efb50>>)
[0.521s] Level 1:colcon.colcon_core.package_discovery:discover_packages(colcon_meta) check parameters
[0.521s] Level 1:colcon.colcon_core.package_discovery:discover_packages(recursive) check parameters
[0.522s] Level 1:colcon.colcon_core.package_discovery:discover_packages(ignore) check parameters
[0.522s] Level 1:colcon.colcon_core.package_discovery:discover_packages(path) check parameters
[0.522s] Level 1:colcon.colcon_core.package_discovery:discover_packages(colcon_meta) discover
[0.522s] Level 1:colcon.colcon_core.package_discovery:discover_packages(recursive) discover
[0.522s] INFO:colcon.colcon_core.package_discovery:Crawling recursively for packages in '/home/parallels/ROS_Workspaces/boat_workspace'
[0.522s] Level 1:colcon.colcon_core.package_identification:_identify(.) by extensions ['ignore', 'ignore_ament_install']
[0.523s] Level 1:colcon.colcon_core.package_identification:_identify(.) by extension 'ignore'
[0.523s] Level 1:colcon.colcon_core.package_identification:_identify(.) by extension 'ignore_ament_install'
[0.523s] Level 1:colcon.colcon_core.package_identification:_identify(.) by extensions ['colcon_pkg']
[0.523s] Level 1:colcon.colcon_core.package_identification:_identify(.) by extension 'colcon_pkg'
[0.523s] Level 1:colcon.colcon_core.package_identification:_identify(.) by extensions ['colcon_meta']
[0.523s] Level 1:colcon.colcon_core.package_identification:_identify(.) by extension 'colcon_meta'
[0.523s] Level 1:colcon.colcon_core.package_identification:_identify(.) by extensions ['ros']
[0.523s] Level 1:colcon.colcon_core.package_identification:_identify(.) by extension 'ros'
[0.542s] Level 1:colcon.colcon_core.package_identification:_identify(.) by extensions ['cmake', 'python']
[0.542s] Level 1:colcon.colcon_core.package_identification:_identify(.) by extension 'cmake'
[0.542s] Level 1:colcon.colcon_core.package_identification:_identify(.) by extension 'python'
[0.542s] Level 1:colcon.colcon_core.package_identification:_identify(.) by extensions ['python_setup_py']
[0.542s] Level 1:colcon.colcon_core.package_identification:_identify(.) by extension 'python_setup_py'
[0.542s] Level 1:colcon.colcon_core.package_identification:_identify(build) by extensions ['ignore', 'ignore_ament_install']
[0.542s] Level 1:colcon.colcon_core.package_identification:_identify(build) by extension 'ignore'
[0.542s] Level 1:colcon.colcon_core.package_identification:_identify(build) ignored
[0.543s] Level 1:colcon.colcon_core.package_identification:_identify(install) by extensions ['ignore', 'ignore_ament_install']
[0.543s] Level 1:colcon.colcon_core.package_identification:_identify(install) by extension 'ignore'
[0.543s] Level 1:colcon.colcon_core.package_identification:_identify(install) ignored
[0.543s] Level 1:colcon.colcon_core.package_identification:_identify(log) by extensions ['ignore', 'ignore_ament_install']
[0.543s] Level 1:colcon.colcon_core.package_identification:_identify(log) by extension 'ignore'
[0.543s] Level 1:colcon.colcon_core.package_identification:_identify(log) ignored
[0.543s] Level 1:colcon.colcon_core.package_identification:_identify(src) by extensions ['ignore', 'ignore_ament_install']
[0.544s] Level 1:colcon.colcon_core.package_identification:_identify(src) by extension 'ignore'
[0.544s] Level 1:colcon.colcon_core.package_identification:_identify(src) by extension 'ignore_ament_install'
[0.544s] Level 1:colcon.colcon_core.package_identification:_identify(src) by extensions ['colcon_pkg']
[0.544s] Level 1:colcon.colcon_core.package_identification:_identify(src) by extension 'colcon_pkg'
[0.544s] Level 1:colcon.colcon_core.package_identification:_identify(src) by extensions ['colcon_meta']
[0.544s] Level 1:colcon.colcon_core.package_identification:_identify(src) by extension 'colcon_meta'
[0.544s] Level 1:colcon.colcon_core.package_identification:_identify(src) by extensions ['ros']
[0.544s] Level 1:colcon.colcon_core.package_identification:_identify(src) by extension 'ros'
[0.544s] Level 1:colcon.colcon_core.package_identification:_identify(src) by extensions ['cmake', 'python']
[0.544s] Level 1:colcon.colcon_core.package_identification:_identify(src) by extension 'cmake'
[0.544s] Level 1:colcon.colcon_core.package_identification:_identify(src) by extension 'python'
[0.544s] Level 1:colcon.colcon_core.package_identification:_identify(src) by extensions ['python_setup_py']
[0.545s] Level 1:colcon.colcon_core.package_identification:_identify(src) by extension 'python_setup_py'
[0.545s] Level 1:colcon.colcon_core.package_identification:_identify(src/navigation) by extensions ['ignore', 'ignore_ament_install']
[0.545s] Level 1:colcon.colcon_core.package_identification:_identify(src/navigation) by extension 'ignore'
[0.545s] Level 1:colcon.colcon_core.package_identification:_identify(src/navigation) by extension 'ignore_ament_install'
[0.545s] Level 1:colcon.colcon_core.package_identification:_identify(src/navigation) by extensions ['colcon_pkg']
[0.545s] Level 1:colcon.colcon_core.package_identification:_identify(src/navigation) by extension 'colcon_pkg'
[0.545s] Level 1:colcon.colcon_core.package_identification:_identify(src/navigation) by extensions ['colcon_meta']
[0.545s] Level 1:colcon.colcon_core.package_identification:_identify(src/navigation) by extension 'colcon_meta'
[0.545s] Level 1:colcon.colcon_core.package_identification:_identify(src/navigation) by extensions ['ros']
[0.545s] Level 1:colcon.colcon_core.package_identification:_identify(src/navigation) by extension 'ros'
[0.548s] DEBUG:colcon.colcon_core.package_identification:Package 'src/navigation' with type 'ros.ament_cmake' and name 'navigation'
[0.548s] Level 1:colcon.colcon_core.package_identification:_identify(src/vision) by extensions ['ignore', 'ignore_ament_install']
[0.549s] Level 1:colcon.colcon_core.package_identification:_identify(src/vision) by extension 'ignore'
[0.549s] Level 1:colcon.colcon_core.package_identification:_identify(src/vision) by extension 'ignore_ament_install'
[0.549s] Level 1:colcon.colcon_core.package_identification:_identify(src/vision) by extensions ['colcon_pkg']
[0.549s] Level 1:colcon.colcon_core.package_identification:_identify(src/vision) by extension 'colcon_pkg'
[0.549s] Level 1:colcon.colcon_core.package_identification:_identify(src/vision) by extensions ['colcon_meta']
[0.549s] Level 1:colcon.colcon_core.package_identification:_identify(src/vision) by extension 'colcon_meta'
[0.549s] Level 1:colcon.colcon_core.package_identification:_identify(src/vision) by extensions ['ros']
[0.549s] Level 1:colcon.colcon_core.package_identification:_identify(src/vision) by extension 'ros'
[0.550s] DEBUG:colcon.colcon_core.package_identification:Package 'src/vision' with type 'ros.ament_cmake' and name 'vision'
[0.550s] Level 1:colcon.colcon_core.package_discovery:discover_packages(recursive) using defaults
[0.550s] Level 1:colcon.colcon_core.package_discovery:discover_packages(ignore) discover
[0.550s] Level 1:colcon.colcon_core.package_discovery:discover_packages(ignore) using defaults
[0.550s] Level 1:colcon.colcon_core.package_discovery:discover_packages(path) discover
[0.550s] Level 1:colcon.colcon_core.package_discovery:discover_packages(path) using defaults
[0.578s] Level 1:colcon.colcon_core.package_discovery:discover_packages(prefix_path) check parameters
[0.578s] Level 1:colcon.colcon_core.package_discovery:discover_packages(prefix_path) discover
[0.582s] DEBUG:colcon.colcon_installed_package_information.package_discovery:Found 283 installed packages in /opt/ros/humble
[0.585s] Level 1:colcon.colcon_core.package_discovery:discover_packages(prefix_path) using defaults
[0.675s] Level 5:colcon.colcon_core.verb:set package 'navigation' build argument 'cmake_args' from command line to 'None'
[0.675s] Level 5:colcon.colcon_core.verb:set package 'navigation' build argument 'cmake_target' from command line to 'None'
[0.675s] Level 5:colcon.colcon_core.verb:set package 'navigation' build argument 'cmake_target_skip_unavailable' from command line to 'False'
[0.676s] Level 5:colcon.colcon_core.verb:set package 'navigation' build argument 'cmake_clean_cache' from command line to 'False'
[0.676s] Level 5:colcon.colcon_core.verb:set package 'navigation' build argument 'cmake_clean_first' from command line to 'False'
[0.676s] Level 5:colcon.colcon_core.verb:set package 'navigation' build argument 'cmake_force_configure' from command line to 'False'
[0.676s] Level 5:colcon.colcon_core.verb:set package 'navigation' build argument 'ament_cmake_args' from command line to 'None'
[0.676s] Level 5:colcon.colcon_core.verb:set package 'navigation' build argument 'catkin_cmake_args' from command line to 'None'
[0.676s] Level 5:colcon.colcon_core.verb:set package 'navigation' build argument 'catkin_skip_building_tests' from command line to 'False'
[0.676s] DEBUG:colcon.colcon_core.verb:Building package 'navigation' with the following arguments: {'ament_cmake_args': None, 'build_base': '/home/parallels/ROS_Workspaces/boat_workspace/build/navigation', 'catkin_cmake_args': None, 'catkin_skip_building_tests': False, 'cmake_args': None, 'cmake_clean_cache': False, 'cmake_clean_first': False, 'cmake_force_configure': False, 'cmake_target': None, 'cmake_target_skip_unavailable': False, 'install_base': '/home/parallels/ROS_Workspaces/boat_workspace/install/navigation', 'merge_install': False, 'path': '/home/parallels/ROS_Workspaces/boat_workspace/src/navigation', 'symlink_install': False, 'test_result_base': None}
[0.677s] Level 5:colcon.colcon_core.verb:set package 'vision' build argument 'cmake_args' from command line to 'None'
[0.677s] Level 5:colcon.colcon_core.verb:set package 'vision' build argument 'cmake_target' from command line to 'None'
[0.677s] Level 5:colcon.colcon_core.verb:set package 'vision' build argument 'cmake_target_skip_unavailable' from command line to 'False'
[0.677s] Level 5:colcon.colcon_core.verb:set package 'vision' build argument 'cmake_clean_cache' from command line to 'False'
[0.677s] Level 5:colcon.colcon_core.verb:set package 'vision' build argument 'cmake_clean_first' from command line to 'False'
[0.678s] Level 5:colcon.colcon_core.verb:set package 'vision' build argument 'cmake_force_configure' from command line to 'False'
[0.678s] Level 5:colcon.colcon_core.verb:set package 'vision' build argument 'ament_cmake_args' from command line to 'None'
[0.678s] Level 5:colcon.colcon_core.verb:set package 'vision' build argument 'catkin_cmake_args' from command line to 'None'
[0.678s] Level 5:colcon.colcon_core.verb:set package 'vision' build argument 'catkin_skip_building_tests' from command line to 'False'
[0.678s] DEBUG:colcon.colcon_core.verb:Building package 'vision' with the following arguments: {'ament_cmake_args': None, 'build_base': '/home/parallels/ROS_Workspaces/boat_workspace/build/vision', 'catkin_cmake_args': None, 'catkin_skip_building_tests': False, 'cmake_args': None, 'cmake_clean_cache': False, 'cmake_clean_first': False, 'cmake_force_configure': False, 'cmake_target': None, 'cmake_target_skip_unavailable': False, 'install_base': '/home/parallels/ROS_Workspaces/boat_workspace/install/vision', 'merge_install': False, 'path': '/home/parallels/ROS_Workspaces/boat_workspace/src/vision', 'symlink_install': False, 'test_result_base': None}
[0.679s] INFO:colcon.colcon_core.executor:Executing jobs using 'parallel' executor
[0.685s] DEBUG:colcon.colcon_parallel_executor.executor.parallel:run_until_complete
[0.685s] INFO:colcon.colcon_ros.task.ament_cmake.build:Building ROS package in '/home/parallels/ROS_Workspaces/boat_workspace/src/navigation' with build type 'ament_cmake'
[0.685s] INFO:colcon.colcon_cmake.task.cmake.build:Building CMake package in '/home/parallels/ROS_Workspaces/boat_workspace/src/navigation'
[0.692s] INFO:colcon.colcon_core.plugin_system:Skipping extension 'colcon_core.shell.bat': Not used on non-Windows systems
[0.692s] INFO:colcon.colcon_core.shell:Skip shell extension 'powershell' for command environment: Not usable outside of PowerShell
[0.692s] DEBUG:colcon.colcon_core.shell:Skip shell extension 'dsv' for command environment
[0.697s] INFO:colcon.colcon_ros.task.ament_cmake.build:Building ROS package in '/home/parallels/ROS_Workspaces/boat_workspace/src/vision' with build type 'ament_cmake'
[0.698s] INFO:colcon.colcon_cmake.task.cmake.build:Building CMake package in '/home/parallels/ROS_Workspaces/boat_workspace/src/vision'
[0.700s] INFO:colcon.colcon_core.shell:Skip shell extension 'powershell' for command environment: Not usable outside of PowerShell
[0.700s] DEBUG:colcon.colcon_core.shell:Skip shell extension 'dsv' for command environment
[0.713s] DEBUG:colcon.colcon_core.event_handler.log_command:Invoking command in '/home/parallels/ROS_Workspaces/boat_workspace/build/navigation': CMAKE_PREFIX_PATH=/opt/ros/humble /usr/bin/cmake --build /home/parallels/ROS_Workspaces/boat_workspace/build/navigation -- -j3 -l3
[0.736s] DEBUG:colcon.colcon_core.event_handler.log_command:Invoking command in '/home/parallels/ROS_Workspaces/boat_workspace/build/vision': CMAKE_PREFIX_PATH=/opt/ros/humble /usr/bin/cmake --build /home/parallels/ROS_Workspaces/boat_workspace/build/vision -- -j3 -l3
[0.843s] DEBUG:colcon.colcon_core.event_handler.log_command:Invoked command in '/home/parallels/ROS_Workspaces/boat_workspace/build/navigation' returned '0': CMAKE_PREFIX_PATH=/opt/ros/humble /usr/bin/cmake --build /home/parallels/ROS_Workspaces/boat_workspace/build/navigation -- -j3 -l3
[0.945s] DEBUG:colcon.colcon_core.event_handler.log_command:Invoking command in '/home/parallels/ROS_Workspaces/boat_workspace/build/navigation': CMAKE_PREFIX_PATH=/opt/ros/humble /usr/bin/cmake --install /home/parallels/ROS_Workspaces/boat_workspace/build/navigation
[0.966s] Level 1:colcon.colcon_core.environment:create_environment_scripts_only(navigation)
[0.967s] DEBUG:colcon.colcon_core.event_handler.log_command:Invoked command in '/home/parallels/ROS_Workspaces/boat_workspace/build/navigation' returned '0': CMAKE_PREFIX_PATH=/opt/ros/humble /usr/bin/cmake --install /home/parallels/ROS_Workspaces/boat_workspace/build/navigation
[0.975s] Level 1:colcon.colcon_core.environment:checking '/home/parallels/ROS_Workspaces/boat_workspace/install/navigation' for CMake module files
[0.976s] Level 1:colcon.colcon_core.environment:checking '/home/parallels/ROS_Workspaces/boat_workspace/install/navigation' for CMake config files
[0.976s] Level 1:colcon.colcon_core.shell:create_environment_hook('navigation', 'cmake_prefix_path')
[0.978s] INFO:colcon.colcon_core.shell:Creating environment hook '/home/parallels/ROS_Workspaces/boat_workspace/install/navigation/share/navigation/hook/cmake_prefix_path.ps1'
[0.979s] INFO:colcon.colcon_core.shell:Creating environment descriptor '/home/parallels/ROS_Workspaces/boat_workspace/install/navigation/share/navigation/hook/cmake_prefix_path.dsv'
[0.980s] INFO:colcon.colcon_core.shell:Creating environment hook '/home/parallels/ROS_Workspaces/boat_workspace/install/navigation/share/navigation/hook/cmake_prefix_path.sh'
[0.981s] Level 1:colcon.colcon_core.environment:checking '/home/parallels/ROS_Workspaces/boat_workspace/install/navigation/lib'
[0.982s] Level 1:colcon.colcon_core.environment:checking '/home/parallels/ROS_Workspaces/boat_workspace/install/navigation/bin'
[0.982s] Level 1:colcon.colcon_core.environment:checking '/home/parallels/ROS_Workspaces/boat_workspace/install/navigation/lib/pkgconfig/navigation.pc'
[0.982s] Level 1:colcon.colcon_core.environment:checking '/home/parallels/ROS_Workspaces/boat_workspace/install/navigation/lib/python3.10/site-packages'
[0.983s] Level 1:colcon.colcon_core.environment:checking '/home/parallels/ROS_Workspaces/boat_workspace/install/navigation/bin'
[0.985s] INFO:colcon.colcon_core.shell:Creating package script '/home/parallels/ROS_Workspaces/boat_workspace/install/navigation/share/navigation/package.ps1'
[0.986s] INFO:colcon.colcon_core.shell:Creating package descriptor '/home/parallels/ROS_Workspaces/boat_workspace/install/navigation/share/navigation/package.dsv'
[0.987s] INFO:colcon.colcon_core.shell:Creating package script '/home/parallels/ROS_Workspaces/boat_workspace/install/navigation/share/navigation/package.sh'
[0.988s] INFO:colcon.colcon_core.shell:Creating package script '/home/parallels/ROS_Workspaces/boat_workspace/install/navigation/share/navigation/package.bash'
[0.990s] INFO:colcon.colcon_core.shell:Creating package script '/home/parallels/ROS_Workspaces/boat_workspace/install/navigation/share/navigation/package.zsh'
[0.991s] Level 1:colcon.colcon_core.environment:create_file_with_runtime_dependencies(/home/parallels/ROS_Workspaces/boat_workspace/install/navigation/share/colcon-core/packages/navigation)
[1.040s] Level 1:colcon.colcon_core.environment:create_environment_scripts_only(navigation)
[1.043s] Level 1:colcon.colcon_core.environment:checking '/home/parallels/ROS_Workspaces/boat_workspace/install/navigation' for CMake module files
[1.044s] Level 1:colcon.colcon_core.environment:checking '/home/parallels/ROS_Workspaces/boat_workspace/install/navigation' for CMake config files
[1.044s] Level 1:colcon.colcon_core.shell:create_environment_hook('navigation', 'cmake_prefix_path')
[1.046s] INFO:colcon.colcon_core.shell:Creating environment hook '/home/parallels/ROS_Workspaces/boat_workspace/install/navigation/share/navigation/hook/cmake_prefix_path.ps1'
[1.046s] INFO:colcon.colcon_core.shell:Creating environment descriptor '/home/parallels/ROS_Workspaces/boat_workspace/install/navigation/share/navigation/hook/cmake_prefix_path.dsv'
[1.047s] INFO:colcon.colcon_core.shell:Creating environment hook '/home/parallels/ROS_Workspaces/boat_workspace/install/navigation/share/navigation/hook/cmake_prefix_path.sh'
[1.047s] Level 1:colcon.colcon_core.environment:checking '/home/parallels/ROS_Workspaces/boat_workspace/install/navigation/lib'
[1.047s] Level 1:colcon.colcon_core.environment:checking '/home/parallels/ROS_Workspaces/boat_workspace/install/navigation/bin'
[1.047s] Level 1:colcon.colcon_core.environment:checking '/home/parallels/ROS_Workspaces/boat_workspace/install/navigation/lib/pkgconfig/navigation.pc'
[1.048s] Level 1:colcon.colcon_core.environment:checking '/home/parallels/ROS_Workspaces/boat_workspace/install/navigation/lib/python3.10/site-packages'
[1.048s] Level 1:colcon.colcon_core.environment:checking '/home/parallels/ROS_Workspaces/boat_workspace/install/navigation/bin'
[1.050s] INFO:colcon.colcon_core.shell:Creating package script '/home/parallels/ROS_Workspaces/boat_workspace/install/navigation/share/navigation/package.ps1'
[1.050s] INFO:colcon.colcon_core.shell:Creating package descriptor '/home/parallels/ROS_Workspaces/boat_workspace/install/navigation/share/navigation/package.dsv'
[1.051s] INFO:colcon.colcon_core.shell:Creating package script '/home/parallels/ROS_Workspaces/boat_workspace/install/navigation/share/navigation/package.sh'
[1.051s] INFO:colcon.colcon_core.shell:Creating package script '/home/parallels/ROS_Workspaces/boat_workspace/install/navigation/share/navigation/package.bash'
[1.052s] INFO:colcon.colcon_core.shell:Creating package script '/home/parallels/ROS_Workspaces/boat_workspace/install/navigation/share/navigation/package.zsh'
[1.052s] Level 1:colcon.colcon_core.environment:create_file_with_runtime_dependencies(/home/parallels/ROS_Workspaces/boat_workspace/install/navigation/share/colcon-core/packages/navigation)
[1.470s] DEBUG:colcon.colcon_core.event_handler.log_command:Invoked command in '/home/parallels/ROS_Workspaces/boat_workspace/build/vision' returned '0': CMAKE_PREFIX_PATH=/opt/ros/humble /usr/bin/cmake --build /home/parallels/ROS_Workspaces/boat_workspace/build/vision -- -j3 -l3
[1.512s] DEBUG:colcon.colcon_core.event_handler.log_command:Invoking command in '/home/parallels/ROS_Workspaces/boat_workspace/build/vision': CMAKE_PREFIX_PATH=/opt/ros/humble /usr/bin/cmake --install /home/parallels/ROS_Workspaces/boat_workspace/build/vision
[1.565s] Level 1:colcon.colcon_core.environment:create_environment_scripts_only(vision)
[1.568s] Level 1:colcon.colcon_core.environment:checking '/home/parallels/ROS_Workspaces/boat_workspace/install/vision' for CMake module files
[1.569s] DEBUG:colcon.colcon_core.event_handler.log_command:Invoked command in '/home/parallels/ROS_Workspaces/boat_workspace/build/vision' returned '0': CMAKE_PREFIX_PATH=/opt/ros/humble /usr/bin/cmake --install /home/parallels/ROS_Workspaces/boat_workspace/build/vision
[1.569s] Level 1:colcon.colcon_core.environment:checking '/home/parallels/ROS_Workspaces/boat_workspace/install/vision' for CMake config files
[1.569s] Level 1:colcon.colcon_core.shell:create_environment_hook('vision', 'cmake_prefix_path')
[1.571s] INFO:colcon.colcon_core.shell:Creating environment hook '/home/parallels/ROS_Workspaces/boat_workspace/install/vision/share/vision/hook/cmake_prefix_path.ps1'
[1.572s] INFO:colcon.colcon_core.shell:Creating environment descriptor '/home/parallels/ROS_Workspaces/boat_workspace/install/vision/share/vision/hook/cmake_prefix_path.dsv'
[1.573s] INFO:colcon.colcon_core.shell:Creating environment hook '/home/parallels/ROS_Workspaces/boat_workspace/install/vision/share/vision/hook/cmake_prefix_path.sh'
[1.574s] Level 1:colcon.colcon_core.environment:checking '/home/parallels/ROS_Workspaces/boat_workspace/install/vision/lib'
[1.574s] Level 1:colcon.colcon_core.environment:checking '/home/parallels/ROS_Workspaces/boat_workspace/install/vision/bin'
[1.574s] Level 1:colcon.colcon_core.environment:checking '/home/parallels/ROS_Workspaces/boat_workspace/install/vision/lib/pkgconfig/vision.pc'
[1.574s] Level 1:colcon.colcon_core.environment:checking '/home/parallels/ROS_Workspaces/boat_workspace/install/vision/lib/python3.10/site-packages'
[1.574s] Level 1:colcon.colcon_core.environment:checking '/home/parallels/ROS_Workspaces/boat_workspace/install/vision/bin'
[1.576s] INFO:colcon.colcon_core.shell:Creating package script '/home/parallels/ROS_Workspaces/boat_workspace/install/vision/share/vision/package.ps1'
[1.577s] INFO:colcon.colcon_core.shell:Creating package descriptor '/home/parallels/ROS_Workspaces/boat_workspace/install/vision/share/vision/package.dsv'
[1.577s] INFO:colcon.colcon_core.shell:Creating package script '/home/parallels/ROS_Workspaces/boat_workspace/install/vision/share/vision/package.sh'
[1.578s] INFO:colcon.colcon_core.shell:Creating package script '/home/parallels/ROS_Workspaces/boat_workspace/install/vision/share/vision/package.bash'
[1.578s] INFO:colcon.colcon_core.shell:Creating package script '/home/parallels/ROS_Workspaces/boat_workspace/install/vision/share/vision/package.zsh'
[1.579s] Level 1:colcon.colcon_core.environment:create_file_with_runtime_dependencies(/home/parallels/ROS_Workspaces/boat_workspace/install/vision/share/colcon-core/packages/vision)
[1.615s] Level 1:colcon.colcon_core.environment:create_environment_scripts_only(vision)
[1.618s] Level 1:colcon.colcon_core.environment:checking '/home/parallels/ROS_Workspaces/boat_workspace/install/vision' for CMake module files
[1.619s] Level 1:colcon.colcon_core.environment:checking '/home/parallels/ROS_Workspaces/boat_workspace/install/vision' for CMake config files
[1.619s] Level 1:colcon.colcon_core.shell:create_environment_hook('vision', 'cmake_prefix_path')
[1.621s] INFO:colcon.colcon_core.shell:Creating environment hook '/home/parallels/ROS_Workspaces/boat_workspace/install/vision/share/vision/hook/cmake_prefix_path.ps1'
[1.622s] INFO:colcon.colcon_core.shell:Creating environment descriptor '/home/parallels/ROS_Workspaces/boat_workspace/install/vision/share/vision/hook/cmake_prefix_path.dsv'
[1.623s] INFO:colcon.colcon_core.shell:Creating environment hook '/home/parallels/ROS_Workspaces/boat_workspace/install/vision/share/vision/hook/cmake_prefix_path.sh'
[1.623s] Level 1:colcon.colcon_core.environment:checking '/home/parallels/ROS_Workspaces/boat_workspace/install/vision/lib'
[1.624s] Level 1:colcon.colcon_core.environment:checking '/home/parallels/ROS_Workspaces/boat_workspace/install/vision/bin'
[1.624s] Level 1:colcon.colcon_core.environment:checking '/home/parallels/ROS_Workspaces/boat_workspace/install/vision/lib/pkgconfig/vision.pc'
[1.624s] Level 1:colcon.colcon_core.environment:checking '/home/parallels/ROS_Workspaces/boat_workspace/install/vision/lib/python3.10/site-packages'
[1.625s] Level 1:colcon.colcon_core.environment:checking '/home/parallels/ROS_Workspaces/boat_workspace/install/vision/bin'
[1.628s] INFO:colcon.colcon_core.shell:Creating package script '/home/parallels/ROS_Workspaces/boat_workspace/install/vision/share/vision/package.ps1'
[1.628s] INFO:colcon.colcon_core.shell:Creating package descriptor '/home/parallels/ROS_Workspaces/boat_workspace/install/vision/share/vision/package.dsv'
[1.629s] INFO:colcon.colcon_core.shell:Creating package script '/home/parallels/ROS_Workspaces/boat_workspace/install/vision/share/vision/package.sh'
[1.630s] INFO:colcon.colcon_core.shell:Creating package script '/home/parallels/ROS_Workspaces/boat_workspace/install/vision/share/vision/package.bash'
[1.630s] INFO:colcon.colcon_core.shell:Creating package script '/home/parallels/ROS_Workspaces/boat_workspace/install/vision/share/vision/package.zsh'
[1.631s] Level 1:colcon.colcon_core.environment:create_file_with_runtime_dependencies(/home/parallels/ROS_Workspaces/boat_workspace/install/vision/share/colcon-core/packages/vision)
[1.631s] DEBUG:colcon.colcon_parallel_executor.executor.parallel:closing loop
[1.632s] DEBUG:colcon.colcon_parallel_executor.executor.parallel:loop closed
[1.632s] DEBUG:colcon.colcon_parallel_executor.executor.parallel:run_until_complete finished with '0'
[1.632s] DEBUG:colcon.colcon_core.event_reactor:joining thread
[1.641s] INFO:colcon.colcon_core.plugin_system:Skipping extension 'colcon_notification.desktop_notification.terminal_notifier': Not used on non-Darwin systems
[1.641s] INFO:colcon.colcon_core.plugin_system:Skipping extension 'colcon_notification.desktop_notification.win32': Not used on non-Windows systems
[1.641s] INFO:colcon.colcon_notification.desktop_notification:Sending desktop notification using 'notify2'
[1.659s] DEBUG:colcon.colcon_core.event_reactor:joined thread
[1.661s] INFO:colcon.colcon_core.shell:Creating prefix script '/home/parallels/ROS_Workspaces/boat_workspace/install/local_setup.ps1'
[1.663s] INFO:colcon.colcon_core.shell:Creating prefix util module '/home/parallels/ROS_Workspaces/boat_workspace/install/_local_setup_util_ps1.py'
[1.667s] INFO:colcon.colcon_core.shell:Creating prefix chain script '/home/parallels/ROS_Workspaces/boat_workspace/install/setup.ps1'
[1.670s] INFO:colcon.colcon_core.shell:Creating prefix script '/home/parallels/ROS_Workspaces/boat_workspace/install/local_setup.sh'
[1.671s] INFO:colcon.colcon_core.shell:Creating prefix util module '/home/parallels/ROS_Workspaces/boat_workspace/install/_local_setup_util_sh.py'
[1.672s] INFO:colcon.colcon_core.shell:Creating prefix chain script '/home/parallels/ROS_Workspaces/boat_workspace/install/setup.sh'
[1.676s] INFO:colcon.colcon_core.shell:Creating prefix script '/home/parallels/ROS_Workspaces/boat_workspace/install/local_setup.bash'
[1.678s] INFO:colcon.colcon_core.shell:Creating prefix chain script '/home/parallels/ROS_Workspaces/boat_workspace/install/setup.bash'
[1.681s] INFO:colcon.colcon_core.shell:Creating prefix script '/home/parallels/ROS_Workspaces/boat_workspace/install/local_setup.zsh'
[1.683s] INFO:colcon.colcon_core.shell:Creating prefix chain script '/home/parallels/ROS_Workspaces/boat_workspace/install/setup.zsh'
