[0.020s] Invoking command in '/home/parallels/ROS_Workspaces/boat_workspace/build/navigation_again': CMAKE_PREFIX_PATH=${CMAKE_PREFIX_PATH}:/home/parallels/ROS_Workspaces/boat_workspace/install/navigation_again:/opt/ros/humble /usr/bin/cmake --build /home/parallels/ROS_Workspaces/boat_workspace/build/navigation_again -- -j3 -l3
[0.048s] -- Found ament_cmake_python: 1.3.2 (/opt/ros/humble/share/ament_cmake_python/cmake)
[0.049s] -- Found rclpy: 3.3.4 (/opt/ros/humble/share/rclpy/cmake)
[0.049s] -- Found sensor_msgs: 4.2.2 (/opt/ros/humble/share/sensor_msgs/cmake)
[0.257s] -- Found rosidl_generator_c: 3.1.3 (/opt/ros/humble/share/rosidl_generator_c/cmake)
[0.262s] -- Found rosidl_adapter: 3.1.3 (/opt/ros/humble/share/rosidl_adapter/cmake)
[0.274s] -- Found rosidl_generator_cpp: 3.1.3 (/opt/ros/humble/share/rosidl_generator_cpp/cmake)
[0.290s] -- Using all available rosidl_typesupport_c: rosidl_typesupport_fastrtps_c;rosidl_typesupport_introspection_c
[0.312s] -- Using all available rosidl_typesupport_cpp: rosidl_typesupport_fastrtps_cpp;rosidl_typesupport_introspection_cpp
[0.783s] -- Configuring done
[0.789s] -- Generating done
[0.791s] -- Build files have been written to: /home/parallels/ROS_Workspaces/boat_workspace/build/navigation_again
[0.836s] Built target ament_cmake_python_copy_navigation_again
[0.837s] Built target ament_cmake_python_copy_navigation_again_setup
[1.172s] running egg_info
[1.179s] writing manifest file 'navigation_again.egg-info/SOURCES.txt'
[1.230s] Built target ament_cmake_python_build_navigation_again_egg
[1.245s] Invoked command in '/home/parallels/ROS_Workspaces/boat_workspace/build/navigation_again' returned '0': CMAKE_PREFIX_PATH=${CMAKE_PREFIX_PATH}:/home/parallels/ROS_Workspaces/boat_workspace/install/navigation_again:/opt/ros/humble /usr/bin/cmake --build /home/parallels/ROS_Workspaces/boat_workspace/build/navigation_again -- -j3 -l3
[1.288s] Invoking command in '/home/parallels/ROS_Workspaces/boat_workspace/build/navigation_again': CMAKE_PREFIX_PATH=${CMAKE_PREFIX_PATH}:/home/parallels/ROS_Workspaces/boat_workspace/install/navigation_again:/opt/ros/humble /usr/bin/cmake --install /home/parallels/ROS_Workspaces/boat_workspace/build/navigation_again
[1.296s] -- Install configuration: ""
[1.296s] -- Up-to-date: /home/parallels/ROS_Workspaces/boat_workspace/install/navigation_again/share/navigation_again/environment/pythonpath.sh
[1.296s] -- Installing: /home/parallels/ROS_Workspaces/boat_workspace/install/navigation_again/share/navigation_again/environment/pythonpath.dsv
[1.296s] -- Up-to-date: /home/parallels/ROS_Workspaces/boat_workspace/install/navigation_again/local/lib/python3.10/dist-packages/navigation_again-0.0.0-py3.10.egg-info
[1.296s] -- Installing: /home/parallels/ROS_Workspaces/boat_workspace/install/navigation_again/local/lib/python3.10/dist-packages/navigation_again-0.0.0-py3.10.egg-info/dependency_links.txt
[1.297s] -- Installing: /home/parallels/ROS_Workspaces/boat_workspace/install/navigation_again/local/lib/python3.10/dist-packages/navigation_again-0.0.0-py3.10.egg-info/PKG-INFO
[1.297s] -- Installing: /home/parallels/ROS_Workspaces/boat_workspace/install/navigation_again/local/lib/python3.10/dist-packages/navigation_again-0.0.0-py3.10.egg-info/top_level.txt
[1.297s] -- Installing: /home/parallels/ROS_Workspaces/boat_workspace/install/navigation_again/local/lib/python3.10/dist-packages/navigation_again-0.0.0-py3.10.egg-info/SOURCES.txt
[1.297s] -- Up-to-date: /home/parallels/ROS_Workspaces/boat_workspace/install/navigation_again/local/lib/python3.10/dist-packages/navigation_again
[1.297s] -- Up-to-date: /home/parallels/ROS_Workspaces/boat_workspace/install/navigation_again/local/lib/python3.10/dist-packages/navigation_again/__init__.py
[1.333s] Listing '/home/parallels/ROS_Workspaces/boat_workspace/install/navigation_again/local/lib/python3.10/dist-packages/navigation_again'...
[1.338s] -- Installing: /home/parallels/ROS_Workspaces/boat_workspace/install/navigation_again/lib/navigation_again/motor_action.py
[1.338s] -- Up-to-date: /home/parallels/ROS_Workspaces/boat_workspace/install/navigation_again/lib/navigation_again/motor_logic.py
[1.338s] -- Up-to-date: /home/parallels/ROS_Workspaces/boat_workspace/install/navigation_again/share/ament_index/resource_index/package_run_dependencies/navigation_again
[1.338s] -- Up-to-date: /home/parallels/ROS_Workspaces/boat_workspace/install/navigation_again/share/ament_index/resource_index/parent_prefix_path/navigation_again
[1.339s] -- Up-to-date: /home/parallels/ROS_Workspaces/boat_workspace/install/navigation_again/share/navigation_again/environment/ament_prefix_path.sh
[1.339s] -- Installing: /home/parallels/ROS_Workspaces/boat_workspace/install/navigation_again/share/navigation_again/environment/ament_prefix_path.dsv
[1.339s] -- Up-to-date: /home/parallels/ROS_Workspaces/boat_workspace/install/navigation_again/share/navigation_again/environment/path.sh
[1.339s] -- Installing: /home/parallels/ROS_Workspaces/boat_workspace/install/navigation_again/share/navigation_again/environment/path.dsv
[1.339s] -- Up-to-date: /home/parallels/ROS_Workspaces/boat_workspace/install/navigation_again/share/navigation_again/local_setup.bash
[1.339s] -- Up-to-date: /home/parallels/ROS_Workspaces/boat_workspace/install/navigation_again/share/navigation_again/local_setup.sh
[1.339s] -- Up-to-date: /home/parallels/ROS_Workspaces/boat_workspace/install/navigation_again/share/navigation_again/local_setup.zsh
[1.339s] -- Installing: /home/parallels/ROS_Workspaces/boat_workspace/install/navigation_again/share/navigation_again/local_setup.dsv
[1.339s] -- Installing: /home/parallels/ROS_Workspaces/boat_workspace/install/navigation_again/share/navigation_again/package.dsv
[1.340s] -- Up-to-date: /home/parallels/ROS_Workspaces/boat_workspace/install/navigation_again/share/ament_index/resource_index/packages/navigation_again
[1.340s] -- Up-to-date: /home/parallels/ROS_Workspaces/boat_workspace/install/navigation_again/share/navigation_again/cmake/navigation_againConfig.cmake
[1.340s] -- Up-to-date: /home/parallels/ROS_Workspaces/boat_workspace/install/navigation_again/share/navigation_again/cmake/navigation_againConfig-version.cmake
[1.340s] -- Up-to-date: /home/parallels/ROS_Workspaces/boat_workspace/install/navigation_again/share/navigation_again/package.xml
[1.343s] Invoked command in '/home/parallels/ROS_Workspaces/boat_workspace/build/navigation_again' returned '0': CMAKE_PREFIX_PATH=${CMAKE_PREFIX_PATH}:/home/parallels/ROS_Workspaces/boat_workspace/install/navigation_again:/opt/ros/humble /usr/bin/cmake --install /home/parallels/ROS_Workspaces/boat_workspace/build/navigation_again
