[0.022s] Invoking command in '/home/parallels/ROS_Workspaces/boat_workspace/build/vision': CMAKE_PREFIX_PATH=/opt/ros/humble /usr/bin/cmake --build /home/parallels/ROS_Workspaces/boat_workspace/build/vision -- -j3 -l3
[0.088s] [ 50%] [32mBuilding CXX object CMakeFiles/NetFinder.dir/src/NetFinder.cpp.o[0m
[0.094s] [ 50%] Built target ament_cmake_python_copy_vision
[0.210s] [01m[K/home/parallels/ROS_Workspaces/boat_workspace/src/vision/src/NetFinder.cpp:8:3:[m[K [01;31m[Kerror: [m[Kinvalid preprocessing directive #on
[0.210s]     8 | # [01;31m[Kon[m[K the pi, make sure u have installed image stuff  - sudo apt-get install -y ros-sensor-msgs
[0.210s]       |   [01;31m[K^~[m[K
[0.211s] In file included from [01m[K/home/parallels/ROS_Workspaces/boat_workspace/src/vision/src/NetFinder.cpp:9[m[K:
[0.211s] [01m[K/opt/ros/humble/include/sensor_msgs/sensor_msgs/msg/image.hpp:7:10:[m[K [01;31m[Kfatal error: [m[Ksensor_msgs/msg/detail/image__struct.hpp: No such file or directory
[0.211s]     7 | #include [01;31m[K"sensor_msgs/msg/detail/image__struct.hpp"[m[K
[0.211s]       |          [01;31m[K^~~~~~~~~~~~~~~~~~~~~~~~~~~~~~~~~~~~~~~~~~[m[K
[0.211s] compilation terminated.
[0.213s] gmake[2]: *** [CMakeFiles/NetFinder.dir/build.make:76: CMakeFiles/NetFinder.dir/src/NetFinder.cpp.o] Error 1
[0.213s] gmake[1]: *** [CMakeFiles/Makefile2:140: CMakeFiles/NetFinder.dir/all] Error 2
[0.213s] gmake[1]: *** Waiting for unfinished jobs....
[0.582s] running egg_info
[0.601s] writing vision.egg-info/PKG-INFO
[0.601s] writing dependency_links to vision.egg-info/dependency_links.txt
[0.601s] writing top-level names to vision.egg-info/top_level.txt
[0.654s] reading manifest file 'vision.egg-info/SOURCES.txt'
[0.655s] writing manifest file 'vision.egg-info/SOURCES.txt'
[0.712s] [ 50%] Built target ament_cmake_python_build_vision_egg
[0.713s] gmake: *** [Makefile:146: all] Error 2
[0.716s] Invoked command in '/home/parallels/ROS_Workspaces/boat_workspace/build/vision' returned '2': CMAKE_PREFIX_PATH=/opt/ros/humble /usr/bin/cmake --build /home/parallels/ROS_Workspaces/boat_workspace/build/vision -- -j3 -l3
