[0.026s] Invoking command in '/home/parallels/ROS_Workspaces/boat_workspace/build/vision': CMAKE_PREFIX_PATH=/opt/ros/humble /usr/bin/cmake --build /home/parallels/ROS_Workspaces/boat_workspace/build/vision -- -j3 -l3
[0.055s] -- Found ament_cmake: 1.3.2 (/opt/ros/humble/share/ament_cmake/cmake)
[0.234s] -- Found rclcpp: 16.0.1 (/opt/ros/humble/share/rclcpp/cmake)
[0.279s] -- Found rosidl_generator_c: 3.1.3 (/opt/ros/humble/share/rosidl_generator_c/cmake)
[0.283s] -- Found rosidl_adapter: 3.1.3 (/opt/ros/humble/share/rosidl_adapter/cmake)
[0.297s] -- Found rosidl_generator_cpp: 3.1.3 (/opt/ros/humble/share/rosidl_generator_cpp/cmake)
[0.314s] -- Using all available rosidl_typesupport_c: rosidl_typesupport_fastrtps_c;rosidl_typesupport_introspection_c
[0.337s] -- Using all available rosidl_typesupport_cpp: rosidl_typesupport_fastrtps_cpp;rosidl_typesupport_introspection_cpp
[0.423s] -- Found rmw_implementation_cmake: 6.1.0 (/opt/ros/humble/share/rmw_implementation_cmake/cmake)
[0.425s] -- Found rmw_fastrtps_cpp: 6.2.1 (/opt/ros/humble/share/rmw_fastrtps_cpp/cmake)
[0.580s] -- Using RMW implementation 'rmw_fastrtps_cpp' as default
[0.828s] -- Found rclpy: 3.3.4 (/opt/ros/humble/share/rclpy/cmake)
[0.903s] -- Configuring done
[0.914s] [0mCMake Error: Cannot determine link language for target "camera".[0m
[0.914s] [0mCMake Error: CMake can not determine linker language for target: camera[0m
[0.914s] [0mCMake Error: Cannot determine link language for target "camera_debug".[0m
[0.914s] [0mCMake Error: CMake can not determine linker language for target: camera_debug[0m
[0.918s] -- Generating done
[0.920s] [0mCMake Generate step failed.  Build files cannot be regenerated correctly.[0m
[0.930s] gmake: *** [Makefile:308: cmake_check_build_system] Error 1
[0.932s] Invoked command in '/home/parallels/ROS_Workspaces/boat_workspace/build/vision' returned '2': CMAKE_PREFIX_PATH=/opt/ros/humble /usr/bin/cmake --build /home/parallels/ROS_Workspaces/boat_workspace/build/vision -- -j3 -l3
