[0.364s] DEBUG:colcon:Command line arguments: ['/usr/bin/colcon', 'build']
[0.365s] DEBUG:colcon:Parsed command line arguments: Namespace(log_base=None, log_level=None, verb_name='build', build_base='build', install_base='install', merge_install=False, symlink_install=False, test_result_base=None, continue_on_error=False, executor='parallel', parallel_workers=3, event_handlers=None, ignore_user_meta=False, metas=['./colcon.meta'], base_paths=['.'], packages_ignore=None, packages_ignore_regex=None, paths=None, packages_up_to=None, packages_up_to_regex=None, packages_above=None, packages_above_and_dependencies=None, packages_above_depth=None, packages_select_by_dep=None, packages_skip_by_dep=None, packages_skip_up_to=None, packages_select_build_failed=False, packages_skip_build_finished=False, packages_select_test_failures=False, packages_skip_test_passed=False, packages_select=None, packages_skip=None, packages_select_regex=None, packages_skip_regex=None, packages_start=None, packages_end=None, allow_overriding=[], cmake_args=None, cmake_target=None, cmake_target_skip_unavailable=False, cmake_clean_cache=False, cmake_clean_first=False, cmake_force_configure=False, ament_cmake_args=None, catkin_cmake_args=None, catkin_skip_building_tests=False, verb_parser=<colcon_defaults.argument_parser.defaults.DefaultArgumentsDecorator object at 0x7fb2548ca530>, verb_extension=<colcon_core.verb.build.BuildVerb object at 0x7fb255252200>, main=<bound method BuildVerb.main of <colcon_core.verb.build.BuildVerb object at 0x7fb255252200>>)
[0.390s] Level 1:colcon.colcon_core.package_discovery:discover_packages(colcon_meta) check parameters
[0.390s] Level 1:colcon.colcon_core.package_discovery:discover_packages(recursive) check parameters
[0.390s] Level 1:colcon.colcon_core.package_discovery:discover_packages(ignore) check parameters
[0.390s] Level 1:colcon.colcon_core.package_discovery:discover_packages(path) check parameters
[0.390s] Level 1:colcon.colcon_core.package_discovery:discover_packages(colcon_meta) discover
[0.391s] Level 1:colcon.colcon_core.package_discovery:discover_packages(recursive) discover
[0.391s] INFO:colcon.colcon_core.package_discovery:Crawling recursively for packages in '/home/parallels/ROS_Workspaces/boat_workspace'
[0.391s] Level 1:colcon.colcon_core.package_identification:_identify(.) by extensions ['ignore', 'ignore_ament_install']
[0.391s] Level 1:colcon.colcon_core.package_identification:_identify(.) by extension 'ignore'
[0.391s] Level 1:colcon.colcon_core.package_identification:_identify(.) by extension 'ignore_ament_install'
[0.391s] Level 1:colcon.colcon_core.package_identification:_identify(.) by extensions ['colcon_pkg']
[0.391s] Level 1:colcon.colcon_core.package_identification:_identify(.) by extension 'colcon_pkg'
[0.391s] Level 1:colcon.colcon_core.package_identification:_identify(.) by extensions ['colcon_meta']
[0.392s] Level 1:colcon.colcon_core.package_identification:_identify(.) by extension 'colcon_meta'
[0.392s] Level 1:colcon.colcon_core.package_identification:_identify(.) by extensions ['ros']
[0.392s] Level 1:colcon.colcon_core.package_identification:_identify(.) by extension 'ros'
[0.415s] Level 1:colcon.colcon_core.package_identification:_identify(.) by extensions ['cmake', 'python']
[0.415s] Level 1:colcon.colcon_core.package_identification:_identify(.) by extension 'cmake'
[0.416s] Level 1:colcon.colcon_core.package_identification:_identify(.) by extension 'python'
[0.416s] Level 1:colcon.colcon_core.package_identification:_identify(.) by extensions ['python_setup_py']
[0.416s] Level 1:colcon.colcon_core.package_identification:_identify(.) by extension 'python_setup_py'
[0.416s] Level 1:colcon.colcon_core.package_identification:_identify(build) by extensions ['ignore', 'ignore_ament_install']
[0.416s] Level 1:colcon.colcon_core.package_identification:_identify(build) by extension 'ignore'
[0.416s] Level 1:colcon.colcon_core.package_identification:_identify(build) ignored
[0.416s] Level 1:colcon.colcon_core.package_identification:_identify(install) by extensions ['ignore', 'ignore_ament_install']
[0.416s] Level 1:colcon.colcon_core.package_identification:_identify(install) by extension 'ignore'
[0.417s] Level 1:colcon.colcon_core.package_identification:_identify(install) ignored
[0.417s] Level 1:colcon.colcon_core.package_identification:_identify(log) by extensions ['ignore', 'ignore_ament_install']
[0.417s] Level 1:colcon.colcon_core.package_identification:_identify(log) by extension 'ignore'
[0.417s] Level 1:colcon.colcon_core.package_identification:_identify(log) ignored
[0.417s] Level 1:colcon.colcon_core.package_identification:_identify(src) by extensions ['ignore', 'ignore_ament_install']
[0.417s] Level 1:colcon.colcon_core.package_identification:_identify(src) by extension 'ignore'
[0.417s] Level 1:colcon.colcon_core.package_identification:_identify(src) by extension 'ignore_ament_install'
[0.417s] Level 1:colcon.colcon_core.package_identification:_identify(src) by extensions ['colcon_pkg']
[0.417s] Level 1:colcon.colcon_core.package_identification:_identify(src) by extension 'colcon_pkg'
[0.417s] Level 1:colcon.colcon_core.package_identification:_identify(src) by extensions ['colcon_meta']
[0.418s] Level 1:colcon.colcon_core.package_identification:_identify(src) by extension 'colcon_meta'
[0.418s] Level 1:colcon.colcon_core.package_identification:_identify(src) by extensions ['ros']
[0.418s] Level 1:colcon.colcon_core.package_identification:_identify(src) by extension 'ros'
[0.418s] Level 1:colcon.colcon_core.package_identification:_identify(src) by extensions ['cmake', 'python']
[0.418s] Level 1:colcon.colcon_core.package_identification:_identify(src) by extension 'cmake'
[0.418s] Level 1:colcon.colcon_core.package_identification:_identify(src) by extension 'python'
[0.418s] Level 1:colcon.colcon_core.package_identification:_identify(src) by extensions ['python_setup_py']
[0.418s] Level 1:colcon.colcon_core.package_identification:_identify(src) by extension 'python_setup_py'
[0.418s] Level 1:colcon.colcon_core.package_identification:_identify(src/navigation) by extensions ['ignore', 'ignore_ament_install']
[0.418s] Level 1:colcon.colcon_core.package_identification:_identify(src/navigation) by extension 'ignore'
[0.418s] Level 1:colcon.colcon_core.package_identification:_identify(src/navigation) by extension 'ignore_ament_install'
[0.419s] Level 1:colcon.colcon_core.package_identification:_identify(src/navigation) by extensions ['colcon_pkg']
[0.419s] Level 1:colcon.colcon_core.package_identification:_identify(src/navigation) by extension 'colcon_pkg'
[0.419s] Level 1:colcon.colcon_core.package_identification:_identify(src/navigation) by extensions ['colcon_meta']
[0.419s] Level 1:colcon.colcon_core.package_identification:_identify(src/navigation) by extension 'colcon_meta'
[0.419s] Level 1:colcon.colcon_core.package_identification:_identify(src/navigation) by extensions ['ros']
[0.419s] Level 1:colcon.colcon_core.package_identification:_identify(src/navigation) by extension 'ros'
[0.422s] DEBUG:colcon.colcon_core.package_identification:Package 'src/navigation' with type 'ros.ament_cmake' and name 'navigation'
[0.422s] Level 1:colcon.colcon_core.package_identification:_identify(src/vision) by extensions ['ignore', 'ignore_ament_install']
[0.422s] Level 1:colcon.colcon_core.package_identification:_identify(src/vision) by extension 'ignore'
[0.422s] Level 1:colcon.colcon_core.package_identification:_identify(src/vision) by extension 'ignore_ament_install'
[0.422s] Level 1:colcon.colcon_core.package_identification:_identify(src/vision) by extensions ['colcon_pkg']
[0.422s] Level 1:colcon.colcon_core.package_identification:_identify(src/vision) by extension 'colcon_pkg'
[0.423s] Level 1:colcon.colcon_core.package_identification:_identify(src/vision) by extensions ['colcon_meta']
[0.423s] Level 1:colcon.colcon_core.package_identification:_identify(src/vision) by extension 'colcon_meta'
[0.423s] Level 1:colcon.colcon_core.package_identification:_identify(src/vision) by extensions ['ros']
[0.423s] Level 1:colcon.colcon_core.package_identification:_identify(src/vision) by extension 'ros'
[0.424s] DEBUG:colcon.colcon_core.package_identification:Package 'src/vision' with type 'ros.ament_cmake' and name 'vision'
[0.424s] Level 1:colcon.colcon_core.package_discovery:discover_packages(recursive) using defaults
[0.424s] Level 1:colcon.colcon_core.package_discovery:discover_packages(ignore) discover
[0.424s] Level 1:colcon.colcon_core.package_discovery:discover_packages(ignore) using defaults
[0.424s] Level 1:colcon.colcon_core.package_discovery:discover_packages(path) discover
[0.424s] Level 1:colcon.colcon_core.package_discovery:discover_packages(path) using defaults
[0.452s] Level 1:colcon.colcon_core.package_discovery:discover_packages(prefix_path) check parameters
[0.452s] Level 1:colcon.colcon_core.package_discovery:discover_packages(prefix_path) discover
[0.456s] DEBUG:colcon.colcon_installed_package_information.package_discovery:Found 283 installed packages in /opt/ros/humble
[0.459s] Level 1:colcon.colcon_core.package_discovery:discover_packages(prefix_path) using defaults
[0.538s] Level 5:colcon.colcon_core.verb:set package 'navigation' build argument 'cmake_args' from command line to 'None'
[0.538s] Level 5:colcon.colcon_core.verb:set package 'navigation' build argument 'cmake_target' from command line to 'None'
[0.538s] Level 5:colcon.colcon_core.verb:set package 'navigation' build argument 'cmake_target_skip_unavailable' from command line to 'False'
[0.538s] Level 5:colcon.colcon_core.verb:set package 'navigation' build argument 'cmake_clean_cache' from command line to 'False'
[0.538s] Level 5:colcon.colcon_core.verb:set package 'navigation' build argument 'cmake_clean_first' from command line to 'False'
[0.538s] Level 5:colcon.colcon_core.verb:set package 'navigation' build argument 'cmake_force_configure' from command line to 'False'
[0.538s] Level 5:colcon.colcon_core.verb:set package 'navigation' build argument 'ament_cmake_args' from command line to 'None'
[0.538s] Level 5:colcon.colcon_core.verb:set package 'navigation' build argument 'catkin_cmake_args' from command line to 'None'
[0.538s] Level 5:colcon.colcon_core.verb:set package 'navigation' build argument 'catkin_skip_building_tests' from command line to 'False'
[0.538s] DEBUG:colcon.colcon_core.verb:Building package 'navigation' with the following arguments: {'ament_cmake_args': None, 'build_base': '/home/parallels/ROS_Workspaces/boat_workspace/build/navigation', 'catkin_cmake_args': None, 'catkin_skip_building_tests': False, 'cmake_args': None, 'cmake_clean_cache': False, 'cmake_clean_first': False, 'cmake_force_configure': False, 'cmake_target': None, 'cmake_target_skip_unavailable': False, 'install_base': '/home/parallels/ROS_Workspaces/boat_workspace/install/navigation', 'merge_install': False, 'path': '/home/parallels/ROS_Workspaces/boat_workspace/src/navigation', 'symlink_install': False, 'test_result_base': None}
[0.539s] Level 5:colcon.colcon_core.verb:set package 'vision' build argument 'cmake_args' from command line to 'None'
[0.539s] Level 5:colcon.colcon_core.verb:set package 'vision' build argument 'cmake_target' from command line to 'None'
[0.540s] Level 5:colcon.colcon_core.verb:set package 'vision' build argument 'cmake_target_skip_unavailable' from command line to 'False'
[0.540s] Level 5:colcon.colcon_core.verb:set package 'vision' build argument 'cmake_clean_cache' from command line to 'False'
[0.540s] Level 5:colcon.colcon_core.verb:set package 'vision' build argument 'cmake_clean_first' from command line to 'False'
[0.540s] Level 5:colcon.colcon_core.verb:set package 'vision' build argument 'cmake_force_configure' from command line to 'False'
[0.540s] Level 5:colcon.colcon_core.verb:set package 'vision' build argument 'ament_cmake_args' from command line to 'None'
[0.540s] Level 5:colcon.colcon_core.verb:set package 'vision' build argument 'catkin_cmake_args' from command line to 'None'
[0.540s] Level 5:colcon.colcon_core.verb:set package 'vision' build argument 'catkin_skip_building_tests' from command line to 'False'
[0.540s] DEBUG:colcon.colcon_core.verb:Building package 'vision' with the following arguments: {'ament_cmake_args': None, 'build_base': '/home/parallels/ROS_Workspaces/boat_workspace/build/vision', 'catkin_cmake_args': None, 'catkin_skip_building_tests': False, 'cmake_args': None, 'cmake_clean_cache': False, 'cmake_clean_first': False, 'cmake_force_configure': False, 'cmake_target': None, 'cmake_target_skip_unavailable': False, 'install_base': '/home/parallels/ROS_Workspaces/boat_workspace/install/vision', 'merge_install': False, 'path': '/home/parallels/ROS_Workspaces/boat_workspace/src/vision', 'symlink_install': False, 'test_result_base': None}
[0.541s] INFO:colcon.colcon_core.executor:Executing jobs using 'parallel' executor
[0.547s] DEBUG:colcon.colcon_parallel_executor.executor.parallel:run_until_complete
[0.547s] INFO:colcon.colcon_ros.task.ament_cmake.build:Building ROS package in '/home/parallels/ROS_Workspaces/boat_workspace/src/navigation' with build type 'ament_cmake'
[0.547s] INFO:colcon.colcon_cmake.task.cmake.build:Building CMake package in '/home/parallels/ROS_Workspaces/boat_workspace/src/navigation'
[0.554s] INFO:colcon.colcon_core.plugin_system:Skipping extension 'colcon_core.shell.bat': Not used on non-Windows systems
[0.555s] INFO:colcon.colcon_core.shell:Skip shell extension 'powershell' for command environment: Not usable outside of PowerShell
[0.555s] DEBUG:colcon.colcon_core.shell:Skip shell extension 'dsv' for command environment
[0.559s] INFO:colcon.colcon_ros.task.ament_cmake.build:Building ROS package in '/home/parallels/ROS_Workspaces/boat_workspace/src/vision' with build type 'ament_cmake'
[0.560s] INFO:colcon.colcon_cmake.task.cmake.build:Building CMake package in '/home/parallels/ROS_Workspaces/boat_workspace/src/vision'
[0.561s] INFO:colcon.colcon_core.shell:Skip shell extension 'powershell' for command environment: Not usable outside of PowerShell
[0.562s] DEBUG:colcon.colcon_core.shell:Skip shell extension 'dsv' for command environment
[0.574s] DEBUG:colcon.colcon_core.event_handler.log_command:Invoking command in '/home/parallels/ROS_Workspaces/boat_workspace/build/navigation': CMAKE_PREFIX_PATH=/opt/ros/humble /usr/bin/cmake --build /home/parallels/ROS_Workspaces/boat_workspace/build/navigation -- -j3 -l3
[0.578s] DEBUG:colcon.colcon_core.event_handler.log_command:Invoking command in '/home/parallels/ROS_Workspaces/boat_workspace/build/vision': CMAKE_PREFIX_PATH=/opt/ros/humble /usr/bin/cmake --build /home/parallels/ROS_Workspaces/boat_workspace/build/vision -- -j3 -l3
[0.665s] DEBUG:colcon.colcon_core.event_handler.log_command:Invoked command in '/home/parallels/ROS_Workspaces/boat_workspace/build/navigation' returned '0': CMAKE_PREFIX_PATH=/opt/ros/humble /usr/bin/cmake --build /home/parallels/ROS_Workspaces/boat_workspace/build/navigation -- -j3 -l3
[0.720s] DEBUG:colcon.colcon_core.event_handler.log_command:Invoking command in '/home/parallels/ROS_Workspaces/boat_workspace/build/navigation': CMAKE_PREFIX_PATH=/opt/ros/humble /usr/bin/cmake --install /home/parallels/ROS_Workspaces/boat_workspace/build/navigation
[0.735s] Level 1:colcon.colcon_core.environment:create_environment_scripts_only(navigation)
[0.736s] DEBUG:colcon.colcon_core.event_handler.log_command:Invoked command in '/home/parallels/ROS_Workspaces/boat_workspace/build/navigation' returned '0': CMAKE_PREFIX_PATH=/opt/ros/humble /usr/bin/cmake --install /home/parallels/ROS_Workspaces/boat_workspace/build/navigation
[0.742s] Level 1:colcon.colcon_core.environment:checking '/home/parallels/ROS_Workspaces/boat_workspace/install/navigation' for CMake module files
[0.743s] Level 1:colcon.colcon_core.environment:checking '/home/parallels/ROS_Workspaces/boat_workspace/install/navigation' for CMake config files
[0.743s] Level 1:colcon.colcon_core.shell:create_environment_hook('navigation', 'cmake_prefix_path')
[0.745s] INFO:colcon.colcon_core.shell:Creating environment hook '/home/parallels/ROS_Workspaces/boat_workspace/install/navigation/share/navigation/hook/cmake_prefix_path.ps1'
[0.745s] INFO:colcon.colcon_core.shell:Creating environment descriptor '/home/parallels/ROS_Workspaces/boat_workspace/install/navigation/share/navigation/hook/cmake_prefix_path.dsv'
[0.746s] INFO:colcon.colcon_core.shell:Creating environment hook '/home/parallels/ROS_Workspaces/boat_workspace/install/navigation/share/navigation/hook/cmake_prefix_path.sh'
[0.748s] Level 1:colcon.colcon_core.environment:checking '/home/parallels/ROS_Workspaces/boat_workspace/install/navigation/lib'
[0.748s] Level 1:colcon.colcon_core.environment:checking '/home/parallels/ROS_Workspaces/boat_workspace/install/navigation/bin'
[0.748s] Level 1:colcon.colcon_core.environment:checking '/home/parallels/ROS_Workspaces/boat_workspace/install/navigation/lib/pkgconfig/navigation.pc'
[0.748s] Level 1:colcon.colcon_core.environment:checking '/home/parallels/ROS_Workspaces/boat_workspace/install/navigation/lib/python3.10/site-packages'
[0.749s] Level 1:colcon.colcon_core.environment:checking '/home/parallels/ROS_Workspaces/boat_workspace/install/navigation/bin'
[0.751s] INFO:colcon.colcon_core.shell:Creating package script '/home/parallels/ROS_Workspaces/boat_workspace/install/navigation/share/navigation/package.ps1'
[0.752s] INFO:colcon.colcon_core.shell:Creating package descriptor '/home/parallels/ROS_Workspaces/boat_workspace/install/navigation/share/navigation/package.dsv'
[0.752s] INFO:colcon.colcon_core.shell:Creating package script '/home/parallels/ROS_Workspaces/boat_workspace/install/navigation/share/navigation/package.sh'
[0.753s] INFO:colcon.colcon_core.shell:Creating package script '/home/parallels/ROS_Workspaces/boat_workspace/install/navigation/share/navigation/package.bash'
[0.754s] INFO:colcon.colcon_core.shell:Creating package script '/home/parallels/ROS_Workspaces/boat_workspace/install/navigation/share/navigation/package.zsh'
[0.755s] Level 1:colcon.colcon_core.environment:create_file_with_runtime_dependencies(/home/parallels/ROS_Workspaces/boat_workspace/install/navigation/share/colcon-core/packages/navigation)
[0.796s] Level 1:colcon.colcon_core.environment:create_environment_scripts_only(navigation)
[0.799s] Level 1:colcon.colcon_core.environment:checking '/home/parallels/ROS_Workspaces/boat_workspace/install/navigation' for CMake module files
[0.800s] Level 1:colcon.colcon_core.environment:checking '/home/parallels/ROS_Workspaces/boat_workspace/install/navigation' for CMake config files
[0.800s] Level 1:colcon.colcon_core.shell:create_environment_hook('navigation', 'cmake_prefix_path')
[0.802s] INFO:colcon.colcon_core.shell:Creating environment hook '/home/parallels/ROS_Workspaces/boat_workspace/install/navigation/share/navigation/hook/cmake_prefix_path.ps1'
[0.802s] INFO:colcon.colcon_core.shell:Creating environment descriptor '/home/parallels/ROS_Workspaces/boat_workspace/install/navigation/share/navigation/hook/cmake_prefix_path.dsv'
[0.803s] INFO:colcon.colcon_core.shell:Creating environment hook '/home/parallels/ROS_Workspaces/boat_workspace/install/navigation/share/navigation/hook/cmake_prefix_path.sh'
[0.804s] Level 1:colcon.colcon_core.environment:checking '/home/parallels/ROS_Workspaces/boat_workspace/install/navigation/lib'
[0.804s] Level 1:colcon.colcon_core.environment:checking '/home/parallels/ROS_Workspaces/boat_workspace/install/navigation/bin'
[0.804s] Level 1:colcon.colcon_core.environment:checking '/home/parallels/ROS_Workspaces/boat_workspace/install/navigation/lib/pkgconfig/navigation.pc'
[0.804s] Level 1:colcon.colcon_core.environment:checking '/home/parallels/ROS_Workspaces/boat_workspace/install/navigation/lib/python3.10/site-packages'
[0.804s] Level 1:colcon.colcon_core.environment:checking '/home/parallels/ROS_Workspaces/boat_workspace/install/navigation/bin'
[0.806s] INFO:colcon.colcon_core.shell:Creating package script '/home/parallels/ROS_Workspaces/boat_workspace/install/navigation/share/navigation/package.ps1'
[0.807s] INFO:colcon.colcon_core.shell:Creating package descriptor '/home/parallels/ROS_Workspaces/boat_workspace/install/navigation/share/navigation/package.dsv'
[0.807s] INFO:colcon.colcon_core.shell:Creating package script '/home/parallels/ROS_Workspaces/boat_workspace/install/navigation/share/navigation/package.sh'
[0.808s] INFO:colcon.colcon_core.shell:Creating package script '/home/parallels/ROS_Workspaces/boat_workspace/install/navigation/share/navigation/package.bash'
[0.808s] INFO:colcon.colcon_core.shell:Creating package script '/home/parallels/ROS_Workspaces/boat_workspace/install/navigation/share/navigation/package.zsh'
[0.809s] Level 1:colcon.colcon_core.environment:create_file_with_runtime_dependencies(/home/parallels/ROS_Workspaces/boat_workspace/install/navigation/share/colcon-core/packages/navigation)
[1.019s] DEBUG:colcon.colcon_core.event_handler.log_command:Invoked command in '/home/parallels/ROS_Workspaces/boat_workspace/build/vision' returned '0': CMAKE_PREFIX_PATH=/opt/ros/humble /usr/bin/cmake --build /home/parallels/ROS_Workspaces/boat_workspace/build/vision -- -j3 -l3
[1.057s] DEBUG:colcon.colcon_core.event_handler.log_command:Invoking command in '/home/parallels/ROS_Workspaces/boat_workspace/build/vision': CMAKE_PREFIX_PATH=/opt/ros/humble /usr/bin/cmake --install /home/parallels/ROS_Workspaces/boat_workspace/build/vision
[1.108s] Level 1:colcon.colcon_core.environment:create_environment_scripts_only(vision)
[1.111s] Level 1:colcon.colcon_core.environment:checking '/home/parallels/ROS_Workspaces/boat_workspace/install/vision' for CMake module files
[1.112s] DEBUG:colcon.colcon_core.event_handler.log_command:Invoked command in '/home/parallels/ROS_Workspaces/boat_workspace/build/vision' returned '0': CMAKE_PREFIX_PATH=/opt/ros/humble /usr/bin/cmake --install /home/parallels/ROS_Workspaces/boat_workspace/build/vision
[1.112s] Level 1:colcon.colcon_core.environment:checking '/home/parallels/ROS_Workspaces/boat_workspace/install/vision' for CMake config files
[1.112s] Level 1:colcon.colcon_core.shell:create_environment_hook('vision', 'cmake_prefix_path')
[1.114s] INFO:colcon.colcon_core.shell:Creating environment hook '/home/parallels/ROS_Workspaces/boat_workspace/install/vision/share/vision/hook/cmake_prefix_path.ps1'
[1.115s] INFO:colcon.colcon_core.shell:Creating environment descriptor '/home/parallels/ROS_Workspaces/boat_workspace/install/vision/share/vision/hook/cmake_prefix_path.dsv'
[1.115s] INFO:colcon.colcon_core.shell:Creating environment hook '/home/parallels/ROS_Workspaces/boat_workspace/install/vision/share/vision/hook/cmake_prefix_path.sh'
[1.116s] Level 1:colcon.colcon_core.environment:checking '/home/parallels/ROS_Workspaces/boat_workspace/install/vision/lib'
[1.116s] Level 1:colcon.colcon_core.environment:checking '/home/parallels/ROS_Workspaces/boat_workspace/install/vision/bin'
[1.116s] Level 1:colcon.colcon_core.environment:checking '/home/parallels/ROS_Workspaces/boat_workspace/install/vision/lib/pkgconfig/vision.pc'
[1.116s] Level 1:colcon.colcon_core.environment:checking '/home/parallels/ROS_Workspaces/boat_workspace/install/vision/lib/python3.10/site-packages'
[1.116s] Level 1:colcon.colcon_core.environment:checking '/home/parallels/ROS_Workspaces/boat_workspace/install/vision/bin'
[1.118s] INFO:colcon.colcon_core.shell:Creating package script '/home/parallels/ROS_Workspaces/boat_workspace/install/vision/share/vision/package.ps1'
[1.119s] INFO:colcon.colcon_core.shell:Creating package descriptor '/home/parallels/ROS_Workspaces/boat_workspace/install/vision/share/vision/package.dsv'
[1.119s] INFO:colcon.colcon_core.shell:Creating package script '/home/parallels/ROS_Workspaces/boat_workspace/install/vision/share/vision/package.sh'
[1.120s] INFO:colcon.colcon_core.shell:Creating package script '/home/parallels/ROS_Workspaces/boat_workspace/install/vision/share/vision/package.bash'
[1.120s] INFO:colcon.colcon_core.shell:Creating package script '/home/parallels/ROS_Workspaces/boat_workspace/install/vision/share/vision/package.zsh'
[1.121s] Level 1:colcon.colcon_core.environment:create_file_with_runtime_dependencies(/home/parallels/ROS_Workspaces/boat_workspace/install/vision/share/colcon-core/packages/vision)
[1.158s] Level 1:colcon.colcon_core.environment:create_environment_scripts_only(vision)
[1.160s] Level 1:colcon.colcon_core.environment:checking '/home/parallels/ROS_Workspaces/boat_workspace/install/vision' for CMake module files
[1.161s] Level 1:colcon.colcon_core.environment:checking '/home/parallels/ROS_Workspaces/boat_workspace/install/vision' for CMake config files
[1.161s] Level 1:colcon.colcon_core.shell:create_environment_hook('vision', 'cmake_prefix_path')
[1.163s] INFO:colcon.colcon_core.shell:Creating environment hook '/home/parallels/ROS_Workspaces/boat_workspace/install/vision/share/vision/hook/cmake_prefix_path.ps1'
[1.163s] INFO:colcon.colcon_core.shell:Creating environment descriptor '/home/parallels/ROS_Workspaces/boat_workspace/install/vision/share/vision/hook/cmake_prefix_path.dsv'
[1.164s] INFO:colcon.colcon_core.shell:Creating environment hook '/home/parallels/ROS_Workspaces/boat_workspace/install/vision/share/vision/hook/cmake_prefix_path.sh'
[1.164s] Level 1:colcon.colcon_core.environment:checking '/home/parallels/ROS_Workspaces/boat_workspace/install/vision/lib'
[1.164s] Level 1:colcon.colcon_core.environment:checking '/home/parallels/ROS_Workspaces/boat_workspace/install/vision/bin'
[1.164s] Level 1:colcon.colcon_core.environment:checking '/home/parallels/ROS_Workspaces/boat_workspace/install/vision/lib/pkgconfig/vision.pc'
[1.165s] Level 1:colcon.colcon_core.environment:checking '/home/parallels/ROS_Workspaces/boat_workspace/install/vision/lib/python3.10/site-packages'
[1.165s] Level 1:colcon.colcon_core.environment:checking '/home/parallels/ROS_Workspaces/boat_workspace/install/vision/bin'
[1.167s] INFO:colcon.colcon_core.shell:Creating package script '/home/parallels/ROS_Workspaces/boat_workspace/install/vision/share/vision/package.ps1'
[1.167s] INFO:colcon.colcon_core.shell:Creating package descriptor '/home/parallels/ROS_Workspaces/boat_workspace/install/vision/share/vision/package.dsv'
[1.168s] INFO:colcon.colcon_core.shell:Creating package script '/home/parallels/ROS_Workspaces/boat_workspace/install/vision/share/vision/package.sh'
[1.168s] INFO:colcon.colcon_core.shell:Creating package script '/home/parallels/ROS_Workspaces/boat_workspace/install/vision/share/vision/package.bash'
[1.169s] INFO:colcon.colcon_core.shell:Creating package script '/home/parallels/ROS_Workspaces/boat_workspace/install/vision/share/vision/package.zsh'
[1.169s] Level 1:colcon.colcon_core.environment:create_file_with_runtime_dependencies(/home/parallels/ROS_Workspaces/boat_workspace/install/vision/share/colcon-core/packages/vision)
[1.170s] DEBUG:colcon.colcon_parallel_executor.executor.parallel:closing loop
[1.171s] DEBUG:colcon.colcon_parallel_executor.executor.parallel:loop closed
[1.171s] DEBUG:colcon.colcon_parallel_executor.executor.parallel:run_until_complete finished with '0'
[1.171s] DEBUG:colcon.colcon_core.event_reactor:joining thread
[1.179s] INFO:colcon.colcon_core.plugin_system:Skipping extension 'colcon_notification.desktop_notification.terminal_notifier': Not used on non-Darwin systems
[1.179s] INFO:colcon.colcon_core.plugin_system:Skipping extension 'colcon_notification.desktop_notification.win32': Not used on non-Windows systems
[1.179s] INFO:colcon.colcon_notification.desktop_notification:Sending desktop notification using 'notify2'
[1.195s] DEBUG:colcon.colcon_core.event_reactor:joined thread
[1.197s] INFO:colcon.colcon_core.shell:Creating prefix script '/home/parallels/ROS_Workspaces/boat_workspace/install/local_setup.ps1'
[1.199s] INFO:colcon.colcon_core.shell:Creating prefix util module '/home/parallels/ROS_Workspaces/boat_workspace/install/_local_setup_util_ps1.py'
[1.202s] INFO:colcon.colcon_core.shell:Creating prefix chain script '/home/parallels/ROS_Workspaces/boat_workspace/install/setup.ps1'
[1.205s] INFO:colcon.colcon_core.shell:Creating prefix script '/home/parallels/ROS_Workspaces/boat_workspace/install/local_setup.sh'
[1.206s] INFO:colcon.colcon_core.shell:Creating prefix util module '/home/parallels/ROS_Workspaces/boat_workspace/install/_local_setup_util_sh.py'
[1.207s] INFO:colcon.colcon_core.shell:Creating prefix chain script '/home/parallels/ROS_Workspaces/boat_workspace/install/setup.sh'
[1.209s] INFO:colcon.colcon_core.shell:Creating prefix script '/home/parallels/ROS_Workspaces/boat_workspace/install/local_setup.bash'
[1.210s] INFO:colcon.colcon_core.shell:Creating prefix chain script '/home/parallels/ROS_Workspaces/boat_workspace/install/setup.bash'
[1.212s] INFO:colcon.colcon_core.shell:Creating prefix script '/home/parallels/ROS_Workspaces/boat_workspace/install/local_setup.zsh'
[1.213s] INFO:colcon.colcon_core.shell:Creating prefix chain script '/home/parallels/ROS_Workspaces/boat_workspace/install/setup.zsh'
