[0.023s] Invoking command in '/home/parallels/ROS_Workspaces/boat_workspace/build/imgToMotor': CMAKE_PREFIX_PATH=/opt/ros/humble /usr/bin/cmake --build /home/parallels/ROS_Workspaces/boat_workspace/build/imgToMotor -- -j3 -l3
[0.073s] [35m[1mConsolidate compiler generated dependencies of target cam_logic[0m
[0.088s] [ 12%] [32mBuilding CXX object CMakeFiles/cam_driver.dir/src/world_to_img.cpp.o[0m
[0.094s] [ 37%] [32mBuilding CXX object CMakeFiles/cam_logic.dir/src/img_to_destination.cpp.o[0m
[0.094s] [ 37%] [32mBuilding CXX object CMakeFiles/nav_logic.dir/src/dest_to_motorInfo.cpp.o[0m
[3.990s] [01m[K/home/parallels/ROS_Workspaces/boat_workspace/src/imgToMotor/src/world_to_img.cpp:18:3:[m[K [01;31m[Kerror: [m[KISO C++ forbids declaration of ‘[01m[Kimg_to_dest[m[K’ with no type [[01;31m[K]8;;https://gcc.gnu.org/onlinedocs/gcc/Warning-Options.html#index-fpermissive-fpermissive]8;;[m[K]
[3.990s]    18 |   [01;31m[Kimg_to_dest[m[K()
[3.991s]       |   [01;31m[K^~~~~~~~~~~[m[K
[3.992s] [01m[K/home/parallels/ROS_Workspaces/boat_workspace/src/imgToMotor/src/world_to_img.cpp:[m[K In member function ‘[01m[Kint world_to_img::img_to_dest()[m[K’:
[3.992s] [01m[K/home/parallels/ROS_Workspaces/boat_workspace/src/imgToMotor/src/world_to_img.cpp:19:5:[m[K [01;31m[Kerror: [m[Konly constructors take member initializers
[3.992s]    19 |   : [01;31m[KNode[m[K("world_to_img")
[3.992s]       |     [01;31m[K^~~~[m[K
[3.992s] [01m[K/home/parallels/ROS_Workspaces/boat_workspace/src/imgToMotor/src/world_to_img.cpp:22:3:[m[K [01;35m[Kwarning: [m[Kno return statement in function returning non-void [[01;35m[K]8;;https://gcc.gnu.org/onlinedocs/gcc/Warning-Options.html#index-Wreturn-type-Wreturn-type]8;;[m[K]
[3.993s]    22 |   [01;35m[K}[m[K
[3.993s]       |   [01;35m[K^[m[K
[4.567s] In file included from [01m[K/usr/include/x86_64-linux-gnu/c++/11/bits/c++allocator.h:33[m[K,
[4.567s]                  from [01m[K/usr/include/c++/11/bits/allocator.h:46[m[K,
[4.568s]                  from [01m[K/usr/include/c++/11/unordered_map:40[m[K,
[4.568s]                  from [01m[K/usr/include/c++/11/functional:61[m[K,
[4.568s]                  from [01m[K/home/parallels/ROS_Workspaces/boat_workspace/src/imgToMotor/src/world_to_img.cpp:4[m[K:
[4.568s] /usr/include/c++/11/ext/new_allocator.h: In instantiation of ‘[01m[Kvoid __gnu_cxx::new_allocator<_Tp>::construct(_Up*, _Args&& ...) [with _Up = world_to_img; _Args = {}; _Tp = world_to_img][m[K’:
[4.569s] [01m[K/usr/include/c++/11/bits/alloc_traits.h:516:17:[m[K   required from ‘[01m[Kstatic void std::allocator_traits<std::allocator<_Tp1> >::construct(std::allocator_traits<std::allocator<_Tp1> >::allocator_type&, _Up*, _Args&& ...) [with _Up = world_to_img; _Args = {}; _Tp = world_to_img; std::allocator_traits<std::allocator<_Tp1> >::allocator_type = std::allocator<world_to_img>][m[K’
[4.569s] [01m[K/usr/include/c++/11/bits/shared_ptr_base.h:519:39:[m[K   required from ‘[01m[Kstd::_Sp_counted_ptr_inplace<_Tp, _Alloc, _Lp>::_Sp_counted_ptr_inplace(_Alloc, _Args&& ...) [with _Args = {}; _Tp = world_to_img; _Alloc = std::allocator<world_to_img>; __gnu_cxx::_Lock_policy _Lp = __gnu_cxx::_S_atomic][m[K’
[4.569s] [01m[K/usr/include/c++/11/bits/shared_ptr_base.h:650:16:[m[K   required from ‘[01m[Kstd::__shared_count<_Lp>::__shared_count(_Tp*&, std::_Sp_alloc_shared_tag<_Alloc>, _Args&& ...) [with _Tp = world_to_img; _Alloc = std::allocator<world_to_img>; _Args = {}; __gnu_cxx::_Lock_policy _Lp = __gnu_cxx::_S_atomic][m[K’
[4.569s] [01m[K/usr/include/c++/11/bits/shared_ptr_base.h:1342:14:[m[K   required from ‘[01m[Kstd::__shared_ptr<_Tp, _Lp>::__shared_ptr(std::_Sp_alloc_shared_tag<_Tp>, _Args&& ...) [with _Alloc = std::allocator<world_to_img>; _Args = {}; _Tp = world_to_img; __gnu_cxx::_Lock_policy _Lp = __gnu_cxx::_S_atomic][m[K’
[4.569s] [01m[K/usr/include/c++/11/bits/shared_ptr.h:409:59:[m[K   required from ‘[01m[Kstd::shared_ptr<_Tp>::shared_ptr(std::_Sp_alloc_shared_tag<_Tp>, _Args&& ...) [with _Alloc = std::allocator<world_to_img>; _Args = {}; _Tp = world_to_img][m[K’
[4.570s] [01m[K/usr/include/c++/11/bits/shared_ptr.h:862:14:[m[K   required from ‘[01m[Kstd::shared_ptr<_Tp> std::allocate_shared(const _Alloc&, _Args&& ...) [with _Tp = world_to_img; _Alloc = std::allocator<world_to_img>; _Args = {}][m[K’
[4.570s] [01m[K/usr/include/c++/11/bits/shared_ptr.h:878:39:[m[K   required from ‘[01m[Kstd::shared_ptr<_Tp> std::make_shared(_Args&& ...) [with _Tp = world_to_img; _Args = {}][m[K’
[4.570s] [01m[K/home/parallels/ROS_Workspaces/boat_workspace/src/imgToMotor/src/world_to_img.cpp:30:46:[m[K   required from here
[4.570s] [01m[K/usr/include/c++/11/ext/new_allocator.h:162:11:[m[K [01;31m[Kerror: [m[Kuse of deleted function ‘[01m[Kworld_to_img::world_to_img()[m[K’
[4.570s]   162 |         { [01;31m[K::new((void *)__p) _Up(std::forward<_Args>(__args)...)[m[K; }
[4.571s]       |           [01;31m[K^~~~~~~~~~~~~~~~~~~~~~~~~~~~~~~~~~~~~~~~~~~~~~~~~~~~~~[m[K
[4.571s] [01m[K/home/parallels/ROS_Workspaces/boat_workspace/src/imgToMotor/src/world_to_img.cpp:15:7:[m[K [01;36m[Knote: [m[K‘[01m[Kworld_to_img::world_to_img()[m[K’ is implicitly deleted because the default definition would be ill-formed:
[4.571s]    15 | class [01;36m[Kworld_to_img[m[K : public rclcpp::Node
[4.571s]       |       [01;36m[K^~~~~~~~~~~~[m[K
[4.572s] [01m[K/home/parallels/ROS_Workspaces/boat_workspace/src/imgToMotor/src/world_to_img.cpp:15:7:[m[K [01;31m[Kerror: [m[Kno matching function for call to ‘[01m[Krclcpp::Node::Node()[m[K’
[4.572s] In file included from [01m[K/opt/ros/humble/include/rclcpp/rclcpp/executors/single_threaded_executor.hpp:28[m[K,
[4.572s]                  from [01m[K/opt/ros/humble/include/rclcpp/rclcpp/executors.hpp:22[m[K,
[4.572s]                  from [01m[K/opt/ros/humble/include/rclcpp/rclcpp/rclcpp.hpp:155[m[K,
[4.573s]                  from [01m[K/home/parallels/ROS_Workspaces/boat_workspace/src/imgToMotor/src/world_to_img.cpp:8[m[K:
[4.573s] [01m[K/opt/ros/humble/include/rclcpp/rclcpp/node.hpp:1294:3:[m[K [01;36m[Knote: [m[Kcandidate: ‘[01m[Krclcpp::Node::Node(const rclcpp::Node&, const string&)[m[K’
[4.573s]  1294 |   [01;36m[KNode[m[K(
[4.573s]       |   [01;36m[K^~~~[m[K
[4.573s] [01m[K/opt/ros/humble/include/rclcpp/rclcpp/node.hpp:1294:3:[m[K [01;36m[Knote: [m[K  candidate expects 2 arguments, 0 provided
[4.574s] [01m[K/opt/ros/humble/include/rclcpp/rclcpp/node.hpp:101:12:[m[K [01;36m[Knote: [m[Kcandidate: ‘[01m[Krclcpp::Node::Node(const string&, const string&, const rclcpp::NodeOptions&)[m[K’
[4.574s]   101 |   explicit [01;36m[KNode[m[K(
[4.574s]       |            [01;36m[K^~~~[m[K
[4.574s] [01m[K/opt/ros/humble/include/rclcpp/rclcpp/node.hpp:101:12:[m[K [01;36m[Knote: [m[K  candidate expects 3 arguments, 0 provided
[4.574s] [01m[K/opt/ros/humble/include/rclcpp/rclcpp/node.hpp:89:12:[m[K [01;36m[Knote: [m[Kcandidate: ‘[01m[Krclcpp::Node::Node(const string&, const rclcpp::NodeOptions&)[m[K’
[4.575s]    89 |   explicit [01;36m[KNode[m[K(
[4.575s]       |            [01;36m[K^~~~[m[K
[4.575s] [01m[K/opt/ros/humble/include/rclcpp/rclcpp/node.hpp:89:12:[m[K [01;36m[Knote: [m[K  candidate expects 2 arguments, 0 provided
[4.685s] gmake[2]: *** [CMakeFiles/cam_driver.dir/build.make:76: CMakeFiles/cam_driver.dir/src/world_to_img.cpp.o] Error 1
[4.685s] gmake[1]: *** [CMakeFiles/Makefile2:143: CMakeFiles/cam_driver.dir/all] Error 2
[4.685s] gmake[1]: *** Waiting for unfinished jobs....
[5.044s] [ 50%] [32m[1mLinking CXX executable nav_logic[0m
[5.102s] [ 62%] [32m[1mLinking CXX executable cam_logic[0m
[5.232s] [ 62%] Built target nav_logic
[5.275s] [ 62%] Built target cam_logic
[5.277s] gmake: *** [Makefile:146: all] Error 2
[5.280s] Invoked command in '/home/parallels/ROS_Workspaces/boat_workspace/build/imgToMotor' returned '2': CMAKE_PREFIX_PATH=/opt/ros/humble /usr/bin/cmake --build /home/parallels/ROS_Workspaces/boat_workspace/build/imgToMotor -- -j3 -l3
