-- The C compiler identification is GNU 11.3.0
-- The CXX compiler identification is GNU 11.3.0
-- Detecting C compiler ABI info
-- Detecting C compiler ABI info - done
-- Check for working C compiler: /usr/bin/cc - skipped
-- Detecting C compile features
-- Detecting C compile features - done
-- Detecting CXX compiler ABI info
-- Detecting CXX compiler ABI info - done
-- Check for working CXX compiler: /usr/bin/c++ - skipped
-- Detecting CXX compile features
-- Detecting CXX compile features - done
-- Found ament_cmake_python: 1.3.2 (/opt/ros/humble/share/ament_cmake_python/cmake)
-- Found rclpy: 3.3.4 (/opt/ros/humble/share/rclpy/cmake)
-- Found sensor_msgs: 4.2.2 (/opt/ros/humble/share/sensor_msgs/cmake)
-- Found Python3: /usr/bin/python3.10 (found version "3.10.6") found components: Interpreter 
-- Found rosidl_generator_c: 3.1.3 (/opt/ros/humble/share/rosidl_generator_c/cmake)
-- Found rosidl_adapter: 3.1.3 (/opt/ros/humble/share/rosidl_adapter/cmake)
-- Found rosidl_generator_cpp: 3.1.3 (/opt/ros/humble/share/rosidl_generator_cpp/cmake)
-- Using all available rosidl_typesupport_c: rosidl_typesupport_fastrtps_c;rosidl_typesupport_introspection_c
-- Using all available rosidl_typesupport_cpp: rosidl_typesupport_fastrtps_cpp;rosidl_typesupport_introspection_cpp
-- Configuring done
-- Generating done
-- Build files have been written to: /home/parallels/ROS_Workspaces/boat_workspace/build/navigation_again
Built target ament_cmake_python_copy_navigation_again
Built target ament_cmake_python_copy_navigation_again_setup
running egg_info
creating navigation_again.egg-info
writing manifest file 'navigation_again.egg-info/SOURCES.txt'
writing manifest file 'navigation_again.egg-info/SOURCES.txt'
Built target ament_cmake_python_build_navigation_again_egg
-- Install configuration: ""
-- Installing: /home/parallels/ROS_Workspaces/boat_workspace/install/navigation_again/share/navigation_again/environment/pythonpath.sh
-- Installing: /home/parallels/ROS_Workspaces/boat_workspace/install/navigation_again/share/navigation_again/environment/pythonpath.dsv
-- Up-to-date: /home/parallels/ROS_Workspaces/boat_workspace/install/navigation_again/local/lib/python3.10/dist-packages/navigation_again-0.0.0-py3.10.egg-info
-- Installing: /home/parallels/ROS_Workspaces/boat_workspace/install/navigation_again/local/lib/python3.10/dist-packages/navigation_again-0.0.0-py3.10.egg-info/dependency_links.txt
-- Installing: /home/parallels/ROS_Workspaces/boat_workspace/install/navigation_again/local/lib/python3.10/dist-packages/navigation_again-0.0.0-py3.10.egg-info/PKG-INFO
-- Installing: /home/parallels/ROS_Workspaces/boat_workspace/install/navigation_again/local/lib/python3.10/dist-packages/navigation_again-0.0.0-py3.10.egg-info/top_level.txt
-- Installing: /home/parallels/ROS_Workspaces/boat_workspace/install/navigation_again/local/lib/python3.10/dist-packages/navigation_again-0.0.0-py3.10.egg-info/SOURCES.txt
-- Up-to-date: /home/parallels/ROS_Workspaces/boat_workspace/install/navigation_again/local/lib/python3.10/dist-packages/navigation_again
-- Up-to-date: /home/parallels/ROS_Workspaces/boat_workspace/install/navigation_again/local/lib/python3.10/dist-packages/navigation_again/__init__.py
Listing '/home/parallels/ROS_Workspaces/boat_workspace/install/navigation_again/local/lib/python3.10/dist-packages/navigation_again'...
-- Up-to-date: /home/parallels/ROS_Workspaces/boat_workspace/install/navigation_again/lib/navigation_again/motor_action.py
-- Up-to-date: /home/parallels/ROS_Workspaces/boat_workspace/install/navigation_again/lib/navigation_again/motor_logic.py
-- Installing: /home/parallels/ROS_Workspaces/boat_workspace/install/navigation_again/share/ament_index/resource_index/package_run_dependencies/navigation_again
-- Installing: /home/parallels/ROS_Workspaces/boat_workspace/install/navigation_again/share/ament_index/resource_index/parent_prefix_path/navigation_again
-- Up-to-date: /home/parallels/ROS_Workspaces/boat_workspace/install/navigation_again/share/navigation_again/environment/ament_prefix_path.sh
-- Installing: /home/parallels/ROS_Workspaces/boat_workspace/install/navigation_again/share/navigation_again/environment/ament_prefix_path.dsv
-- Up-to-date: /home/parallels/ROS_Workspaces/boat_workspace/install/navigation_again/share/navigation_again/environment/path.sh
-- Installing: /home/parallels/ROS_Workspaces/boat_workspace/install/navigation_again/share/navigation_again/environment/path.dsv
-- Installing: /home/parallels/ROS_Workspaces/boat_workspace/install/navigation_again/share/navigation_again/local_setup.bash
-- Installing: /home/parallels/ROS_Workspaces/boat_workspace/install/navigation_again/share/navigation_again/local_setup.sh
-- Installing: /home/parallels/ROS_Workspaces/boat_workspace/install/navigation_again/share/navigation_again/local_setup.zsh
-- Installing: /home/parallels/ROS_Workspaces/boat_workspace/install/navigation_again/share/navigation_again/local_setup.dsv
-- Installing: /home/parallels/ROS_Workspaces/boat_workspace/install/navigation_again/share/navigation_again/package.dsv
-- Installing: /home/parallels/ROS_Workspaces/boat_workspace/install/navigation_again/share/ament_index/resource_index/packages/navigation_again
-- Installing: /home/parallels/ROS_Workspaces/boat_workspace/install/navigation_again/share/navigation_again/cmake/navigation_againConfig.cmake
-- Installing: /home/parallels/ROS_Workspaces/boat_workspace/install/navigation_again/share/navigation_again/cmake/navigation_againConfig-version.cmake
-- Up-to-date: /home/parallels/ROS_Workspaces/boat_workspace/install/navigation_again/share/navigation_again/package.xml
