[0.228s] DEBUG:colcon:Command line arguments: ['/usr/bin/colcon', 'build']
[0.228s] DEBUG:colcon:Parsed command line arguments: Namespace(log_base=None, log_level=None, verb_name='build', build_base='build', install_base='install', merge_install=False, symlink_install=False, test_result_base=None, continue_on_error=False, executor='parallel', parallel_workers=3, event_handlers=None, ignore_user_meta=False, metas=['./colcon.meta'], base_paths=['.'], packages_ignore=None, packages_ignore_regex=None, paths=None, packages_up_to=None, packages_up_to_regex=None, packages_above=None, packages_above_and_dependencies=None, packages_above_depth=None, packages_select_by_dep=None, packages_skip_by_dep=None, packages_skip_up_to=None, packages_select_build_failed=False, packages_skip_build_finished=False, packages_select_test_failures=False, packages_skip_test_passed=False, packages_select=None, packages_skip=None, packages_select_regex=None, packages_skip_regex=None, packages_start=None, packages_end=None, allow_overriding=[], cmake_args=None, cmake_target=None, cmake_target_skip_unavailable=False, cmake_clean_cache=False, cmake_clean_first=False, cmake_force_configure=False, ament_cmake_args=None, catkin_cmake_args=None, catkin_skip_building_tests=False, verb_parser=<colcon_defaults.argument_parser.defaults.DefaultArgumentsDecorator object at 0x7fea53284490>, verb_extension=<colcon_core.verb.build.BuildVerb object at 0x7fea534c3ee0>, main=<bound method BuildVerb.main of <colcon_core.verb.build.BuildVerb object at 0x7fea534c3ee0>>)
[0.274s] Level 1:colcon.colcon_core.package_discovery:discover_packages(colcon_meta) check parameters
[0.274s] Level 1:colcon.colcon_core.package_discovery:discover_packages(recursive) check parameters
[0.274s] Level 1:colcon.colcon_core.package_discovery:discover_packages(ignore) check parameters
[0.274s] Level 1:colcon.colcon_core.package_discovery:discover_packages(path) check parameters
[0.274s] Level 1:colcon.colcon_core.package_discovery:discover_packages(colcon_meta) discover
[0.274s] Level 1:colcon.colcon_core.package_discovery:discover_packages(recursive) discover
[0.274s] INFO:colcon.colcon_core.package_discovery:Crawling recursively for packages in '/home/parallels/ROS_Workspaces/boat_workspace'
[0.274s] Level 1:colcon.colcon_core.package_identification:_identify(.) by extensions ['ignore', 'ignore_ament_install']
[0.275s] Level 1:colcon.colcon_core.package_identification:_identify(.) by extension 'ignore'
[0.275s] Level 1:colcon.colcon_core.package_identification:_identify(.) by extension 'ignore_ament_install'
[0.275s] Level 1:colcon.colcon_core.package_identification:_identify(.) by extensions ['colcon_pkg']
[0.275s] Level 1:colcon.colcon_core.package_identification:_identify(.) by extension 'colcon_pkg'
[0.275s] Level 1:colcon.colcon_core.package_identification:_identify(.) by extensions ['colcon_meta']
[0.275s] Level 1:colcon.colcon_core.package_identification:_identify(.) by extension 'colcon_meta'
[0.275s] Level 1:colcon.colcon_core.package_identification:_identify(.) by extensions ['ros']
[0.275s] Level 1:colcon.colcon_core.package_identification:_identify(.) by extension 'ros'
[0.295s] Level 1:colcon.colcon_core.package_identification:_identify(.) by extensions ['cmake', 'python']
[0.295s] Level 1:colcon.colcon_core.package_identification:_identify(.) by extension 'cmake'
[0.295s] Level 1:colcon.colcon_core.package_identification:_identify(.) by extension 'python'
[0.295s] Level 1:colcon.colcon_core.package_identification:_identify(.) by extensions ['python_setup_py']
[0.295s] Level 1:colcon.colcon_core.package_identification:_identify(.) by extension 'python_setup_py'
[0.295s] Level 1:colcon.colcon_core.package_identification:_identify(build) by extensions ['ignore', 'ignore_ament_install']
[0.296s] Level 1:colcon.colcon_core.package_identification:_identify(build) by extension 'ignore'
[0.296s] Level 1:colcon.colcon_core.package_identification:_identify(build) ignored
[0.296s] Level 1:colcon.colcon_core.package_identification:_identify(install) by extensions ['ignore', 'ignore_ament_install']
[0.296s] Level 1:colcon.colcon_core.package_identification:_identify(install) by extension 'ignore'
[0.296s] Level 1:colcon.colcon_core.package_identification:_identify(install) ignored
[0.296s] Level 1:colcon.colcon_core.package_identification:_identify(log) by extensions ['ignore', 'ignore_ament_install']
[0.297s] Level 1:colcon.colcon_core.package_identification:_identify(log) by extension 'ignore'
[0.297s] Level 1:colcon.colcon_core.package_identification:_identify(log) ignored
[0.297s] Level 1:colcon.colcon_core.package_identification:_identify(src) by extensions ['ignore', 'ignore_ament_install']
[0.297s] Level 1:colcon.colcon_core.package_identification:_identify(src) by extension 'ignore'
[0.297s] Level 1:colcon.colcon_core.package_identification:_identify(src) by extension 'ignore_ament_install'
[0.297s] Level 1:colcon.colcon_core.package_identification:_identify(src) by extensions ['colcon_pkg']
[0.297s] Level 1:colcon.colcon_core.package_identification:_identify(src) by extension 'colcon_pkg'
[0.297s] Level 1:colcon.colcon_core.package_identification:_identify(src) by extensions ['colcon_meta']
[0.297s] Level 1:colcon.colcon_core.package_identification:_identify(src) by extension 'colcon_meta'
[0.297s] Level 1:colcon.colcon_core.package_identification:_identify(src) by extensions ['ros']
[0.297s] Level 1:colcon.colcon_core.package_identification:_identify(src) by extension 'ros'
[0.298s] Level 1:colcon.colcon_core.package_identification:_identify(src) by extensions ['cmake', 'python']
[0.298s] Level 1:colcon.colcon_core.package_identification:_identify(src) by extension 'cmake'
[0.298s] Level 1:colcon.colcon_core.package_identification:_identify(src) by extension 'python'
[0.298s] Level 1:colcon.colcon_core.package_identification:_identify(src) by extensions ['python_setup_py']
[0.298s] Level 1:colcon.colcon_core.package_identification:_identify(src) by extension 'python_setup_py'
[0.298s] Level 1:colcon.colcon_core.package_identification:_identify(src/navigation_again) by extensions ['ignore', 'ignore_ament_install']
[0.298s] Level 1:colcon.colcon_core.package_identification:_identify(src/navigation_again) by extension 'ignore'
[0.298s] Level 1:colcon.colcon_core.package_identification:_identify(src/navigation_again) by extension 'ignore_ament_install'
[0.298s] Level 1:colcon.colcon_core.package_identification:_identify(src/navigation_again) by extensions ['colcon_pkg']
[0.298s] Level 1:colcon.colcon_core.package_identification:_identify(src/navigation_again) by extension 'colcon_pkg'
[0.298s] Level 1:colcon.colcon_core.package_identification:_identify(src/navigation_again) by extensions ['colcon_meta']
[0.299s] Level 1:colcon.colcon_core.package_identification:_identify(src/navigation_again) by extension 'colcon_meta'
[0.299s] Level 1:colcon.colcon_core.package_identification:_identify(src/navigation_again) by extensions ['ros']
[0.299s] Level 1:colcon.colcon_core.package_identification:_identify(src/navigation_again) by extension 'ros'
[0.302s] DEBUG:colcon.colcon_core.package_identification:Package 'src/navigation_again' with type 'ros.ament_cmake' and name 'navigation_again'
[0.303s] Level 1:colcon.colcon_core.package_identification:_identify(src/vision) by extensions ['ignore', 'ignore_ament_install']
[0.303s] Level 1:colcon.colcon_core.package_identification:_identify(src/vision) by extension 'ignore'
[0.303s] Level 1:colcon.colcon_core.package_identification:_identify(src/vision) by extension 'ignore_ament_install'
[0.303s] Level 1:colcon.colcon_core.package_identification:_identify(src/vision) by extensions ['colcon_pkg']
[0.303s] Level 1:colcon.colcon_core.package_identification:_identify(src/vision) by extension 'colcon_pkg'
[0.303s] Level 1:colcon.colcon_core.package_identification:_identify(src/vision) by extensions ['colcon_meta']
[0.303s] Level 1:colcon.colcon_core.package_identification:_identify(src/vision) by extension 'colcon_meta'
[0.303s] Level 1:colcon.colcon_core.package_identification:_identify(src/vision) by extensions ['ros']
[0.303s] Level 1:colcon.colcon_core.package_identification:_identify(src/vision) by extension 'ros'
[0.305s] DEBUG:colcon.colcon_core.package_identification:Package 'src/vision' with type 'ros.ament_cmake' and name 'vision'
[0.305s] Level 1:colcon.colcon_core.package_discovery:discover_packages(recursive) using defaults
[0.305s] Level 1:colcon.colcon_core.package_discovery:discover_packages(ignore) discover
[0.305s] Level 1:colcon.colcon_core.package_discovery:discover_packages(ignore) using defaults
[0.305s] Level 1:colcon.colcon_core.package_discovery:discover_packages(path) discover
[0.305s] Level 1:colcon.colcon_core.package_discovery:discover_packages(path) using defaults
[0.339s] Level 1:colcon.colcon_core.package_discovery:discover_packages(prefix_path) check parameters
[0.339s] Level 1:colcon.colcon_core.package_discovery:discover_packages(prefix_path) discover
[0.343s] DEBUG:colcon.colcon_installed_package_information.package_discovery:Found 283 installed packages in /opt/ros/humble
[0.347s] Level 1:colcon.colcon_core.package_discovery:discover_packages(prefix_path) using defaults
[0.444s] Level 5:colcon.colcon_core.verb:set package 'navigation_again' build argument 'cmake_args' from command line to 'None'
[0.445s] Level 5:colcon.colcon_core.verb:set package 'navigation_again' build argument 'cmake_target' from command line to 'None'
[0.445s] Level 5:colcon.colcon_core.verb:set package 'navigation_again' build argument 'cmake_target_skip_unavailable' from command line to 'False'
[0.445s] Level 5:colcon.colcon_core.verb:set package 'navigation_again' build argument 'cmake_clean_cache' from command line to 'False'
[0.445s] Level 5:colcon.colcon_core.verb:set package 'navigation_again' build argument 'cmake_clean_first' from command line to 'False'
[0.445s] Level 5:colcon.colcon_core.verb:set package 'navigation_again' build argument 'cmake_force_configure' from command line to 'False'
[0.445s] Level 5:colcon.colcon_core.verb:set package 'navigation_again' build argument 'ament_cmake_args' from command line to 'None'
[0.445s] Level 5:colcon.colcon_core.verb:set package 'navigation_again' build argument 'catkin_cmake_args' from command line to 'None'
[0.445s] Level 5:colcon.colcon_core.verb:set package 'navigation_again' build argument 'catkin_skip_building_tests' from command line to 'False'
[0.445s] DEBUG:colcon.colcon_core.verb:Building package 'navigation_again' with the following arguments: {'ament_cmake_args': None, 'build_base': '/home/parallels/ROS_Workspaces/boat_workspace/build/navigation_again', 'catkin_cmake_args': None, 'catkin_skip_building_tests': False, 'cmake_args': None, 'cmake_clean_cache': False, 'cmake_clean_first': False, 'cmake_force_configure': False, 'cmake_target': None, 'cmake_target_skip_unavailable': False, 'install_base': '/home/parallels/ROS_Workspaces/boat_workspace/install/navigation_again', 'merge_install': False, 'path': '/home/parallels/ROS_Workspaces/boat_workspace/src/navigation_again', 'symlink_install': False, 'test_result_base': None}
[0.446s] Level 5:colcon.colcon_core.verb:set package 'vision' build argument 'cmake_args' from command line to 'None'
[0.447s] Level 5:colcon.colcon_core.verb:set package 'vision' build argument 'cmake_target' from command line to 'None'
[0.447s] Level 5:colcon.colcon_core.verb:set package 'vision' build argument 'cmake_target_skip_unavailable' from command line to 'False'
[0.447s] Level 5:colcon.colcon_core.verb:set package 'vision' build argument 'cmake_clean_cache' from command line to 'False'
[0.447s] Level 5:colcon.colcon_core.verb:set package 'vision' build argument 'cmake_clean_first' from command line to 'False'
[0.447s] Level 5:colcon.colcon_core.verb:set package 'vision' build argument 'cmake_force_configure' from command line to 'False'
[0.447s] Level 5:colcon.colcon_core.verb:set package 'vision' build argument 'ament_cmake_args' from command line to 'None'
[0.447s] Level 5:colcon.colcon_core.verb:set package 'vision' build argument 'catkin_cmake_args' from command line to 'None'
[0.447s] Level 5:colcon.colcon_core.verb:set package 'vision' build argument 'catkin_skip_building_tests' from command line to 'False'
[0.447s] DEBUG:colcon.colcon_core.verb:Building package 'vision' with the following arguments: {'ament_cmake_args': None, 'build_base': '/home/parallels/ROS_Workspaces/boat_workspace/build/vision', 'catkin_cmake_args': None, 'catkin_skip_building_tests': False, 'cmake_args': None, 'cmake_clean_cache': False, 'cmake_clean_first': False, 'cmake_force_configure': False, 'cmake_target': None, 'cmake_target_skip_unavailable': False, 'install_base': '/home/parallels/ROS_Workspaces/boat_workspace/install/vision', 'merge_install': False, 'path': '/home/parallels/ROS_Workspaces/boat_workspace/src/vision', 'symlink_install': False, 'test_result_base': None}
[0.448s] INFO:colcon.colcon_core.executor:Executing jobs using 'parallel' executor
[0.454s] DEBUG:colcon.colcon_parallel_executor.executor.parallel:run_until_complete
[0.454s] INFO:colcon.colcon_ros.task.ament_cmake.build:Building ROS package in '/home/parallels/ROS_Workspaces/boat_workspace/src/navigation_again' with build type 'ament_cmake'
[0.454s] INFO:colcon.colcon_cmake.task.cmake.build:Building CMake package in '/home/parallels/ROS_Workspaces/boat_workspace/src/navigation_again'
[0.460s] INFO:colcon.colcon_core.plugin_system:Skipping extension 'colcon_core.shell.bat': Not used on non-Windows systems
[0.460s] INFO:colcon.colcon_core.shell:Skip shell extension 'powershell' for command environment: Not usable outside of PowerShell
[0.460s] DEBUG:colcon.colcon_core.shell:Skip shell extension 'dsv' for command environment
[0.469s] INFO:colcon.colcon_ros.task.ament_cmake.build:Building ROS package in '/home/parallels/ROS_Workspaces/boat_workspace/src/vision' with build type 'ament_cmake'
[0.470s] INFO:colcon.colcon_cmake.task.cmake.build:Building CMake package in '/home/parallels/ROS_Workspaces/boat_workspace/src/vision'
[0.472s] INFO:colcon.colcon_core.shell:Skip shell extension 'powershell' for command environment: Not usable outside of PowerShell
[0.472s] DEBUG:colcon.colcon_core.shell:Skip shell extension 'dsv' for command environment
[0.501s] DEBUG:colcon.colcon_core.event_handler.log_command:Invoking command in '/home/parallels/ROS_Workspaces/boat_workspace/build/navigation_again': CMAKE_PREFIX_PATH=/opt/ros/humble /usr/bin/cmake /home/parallels/ROS_Workspaces/boat_workspace/src/navigation_again -DCMAKE_INSTALL_PREFIX=/home/parallels/ROS_Workspaces/boat_workspace/install/navigation_again
[0.508s] DEBUG:colcon.colcon_core.event_handler.log_command:Invoking command in '/home/parallels/ROS_Workspaces/boat_workspace/build/vision': CMAKE_PREFIX_PATH=/opt/ros/humble /usr/bin/cmake --build /home/parallels/ROS_Workspaces/boat_workspace/build/vision -- -j3 -l3
[1.325s] DEBUG:colcon.colcon_core.event_handler.log_command:Invoked command in '/home/parallels/ROS_Workspaces/boat_workspace/build/vision' returned '0': CMAKE_PREFIX_PATH=/opt/ros/humble /usr/bin/cmake --build /home/parallels/ROS_Workspaces/boat_workspace/build/vision -- -j3 -l3
[1.482s] DEBUG:colcon.colcon_core.event_handler.log_command:Invoking command in '/home/parallels/ROS_Workspaces/boat_workspace/build/vision': CMAKE_PREFIX_PATH=/opt/ros/humble /usr/bin/cmake --install /home/parallels/ROS_Workspaces/boat_workspace/build/vision
[1.550s] Level 1:colcon.colcon_core.environment:create_environment_scripts_only(vision)
[1.553s] DEBUG:colcon.colcon_core.event_handler.log_command:Invoked command in '/home/parallels/ROS_Workspaces/boat_workspace/build/vision' returned '0': CMAKE_PREFIX_PATH=/opt/ros/humble /usr/bin/cmake --install /home/parallels/ROS_Workspaces/boat_workspace/build/vision
[1.559s] Level 1:colcon.colcon_core.environment:checking '/home/parallels/ROS_Workspaces/boat_workspace/install/vision' for CMake module files
[1.560s] Level 1:colcon.colcon_core.environment:checking '/home/parallels/ROS_Workspaces/boat_workspace/install/vision' for CMake config files
[1.560s] Level 1:colcon.colcon_core.shell:create_environment_hook('vision', 'cmake_prefix_path')
[1.564s] INFO:colcon.colcon_core.shell:Creating environment hook '/home/parallels/ROS_Workspaces/boat_workspace/install/vision/share/vision/hook/cmake_prefix_path.ps1'
[1.565s] INFO:colcon.colcon_core.shell:Creating environment descriptor '/home/parallels/ROS_Workspaces/boat_workspace/install/vision/share/vision/hook/cmake_prefix_path.dsv'
[1.566s] INFO:colcon.colcon_core.shell:Creating environment hook '/home/parallels/ROS_Workspaces/boat_workspace/install/vision/share/vision/hook/cmake_prefix_path.sh'
[1.570s] Level 1:colcon.colcon_core.environment:checking '/home/parallels/ROS_Workspaces/boat_workspace/install/vision/lib'
[1.570s] Level 1:colcon.colcon_core.environment:checking '/home/parallels/ROS_Workspaces/boat_workspace/install/vision/bin'
[1.570s] Level 1:colcon.colcon_core.environment:checking '/home/parallels/ROS_Workspaces/boat_workspace/install/vision/lib/pkgconfig/vision.pc'
[1.570s] Level 1:colcon.colcon_core.environment:checking '/home/parallels/ROS_Workspaces/boat_workspace/install/vision/lib/python3.10/site-packages'
[1.571s] Level 1:colcon.colcon_core.environment:checking '/home/parallels/ROS_Workspaces/boat_workspace/install/vision/bin'
[1.572s] INFO:colcon.colcon_core.shell:Creating package script '/home/parallels/ROS_Workspaces/boat_workspace/install/vision/share/vision/package.ps1'
[1.574s] INFO:colcon.colcon_core.shell:Creating package descriptor '/home/parallels/ROS_Workspaces/boat_workspace/install/vision/share/vision/package.dsv'
[1.574s] INFO:colcon.colcon_core.shell:Creating package script '/home/parallels/ROS_Workspaces/boat_workspace/install/vision/share/vision/package.sh'
[1.575s] INFO:colcon.colcon_core.shell:Creating package script '/home/parallels/ROS_Workspaces/boat_workspace/install/vision/share/vision/package.bash'
[1.577s] INFO:colcon.colcon_core.shell:Creating package script '/home/parallels/ROS_Workspaces/boat_workspace/install/vision/share/vision/package.zsh'
[1.578s] Level 1:colcon.colcon_core.environment:create_file_with_runtime_dependencies(/home/parallels/ROS_Workspaces/boat_workspace/install/vision/share/colcon-core/packages/vision)
[1.627s] Level 1:colcon.colcon_core.environment:create_environment_scripts_only(vision)
[1.634s] Level 1:colcon.colcon_core.environment:checking '/home/parallels/ROS_Workspaces/boat_workspace/install/vision' for CMake module files
[1.635s] Level 1:colcon.colcon_core.environment:checking '/home/parallels/ROS_Workspaces/boat_workspace/install/vision' for CMake config files
[1.635s] Level 1:colcon.colcon_core.shell:create_environment_hook('vision', 'cmake_prefix_path')
[1.637s] INFO:colcon.colcon_core.shell:Creating environment hook '/home/parallels/ROS_Workspaces/boat_workspace/install/vision/share/vision/hook/cmake_prefix_path.ps1'
[1.637s] INFO:colcon.colcon_core.shell:Creating environment descriptor '/home/parallels/ROS_Workspaces/boat_workspace/install/vision/share/vision/hook/cmake_prefix_path.dsv'
[1.638s] INFO:colcon.colcon_core.shell:Creating environment hook '/home/parallels/ROS_Workspaces/boat_workspace/install/vision/share/vision/hook/cmake_prefix_path.sh'
[1.639s] Level 1:colcon.colcon_core.environment:checking '/home/parallels/ROS_Workspaces/boat_workspace/install/vision/lib'
[1.639s] Level 1:colcon.colcon_core.environment:checking '/home/parallels/ROS_Workspaces/boat_workspace/install/vision/bin'
[1.639s] Level 1:colcon.colcon_core.environment:checking '/home/parallels/ROS_Workspaces/boat_workspace/install/vision/lib/pkgconfig/vision.pc'
[1.639s] Level 1:colcon.colcon_core.environment:checking '/home/parallels/ROS_Workspaces/boat_workspace/install/vision/lib/python3.10/site-packages'
[1.639s] Level 1:colcon.colcon_core.environment:checking '/home/parallels/ROS_Workspaces/boat_workspace/install/vision/bin'
[1.641s] INFO:colcon.colcon_core.shell:Creating package script '/home/parallels/ROS_Workspaces/boat_workspace/install/vision/share/vision/package.ps1'
[1.642s] INFO:colcon.colcon_core.shell:Creating package descriptor '/home/parallels/ROS_Workspaces/boat_workspace/install/vision/share/vision/package.dsv'
[1.643s] INFO:colcon.colcon_core.shell:Creating package script '/home/parallels/ROS_Workspaces/boat_workspace/install/vision/share/vision/package.sh'
[1.643s] INFO:colcon.colcon_core.shell:Creating package script '/home/parallels/ROS_Workspaces/boat_workspace/install/vision/share/vision/package.bash'
[1.644s] INFO:colcon.colcon_core.shell:Creating package script '/home/parallels/ROS_Workspaces/boat_workspace/install/vision/share/vision/package.zsh'
[1.644s] Level 1:colcon.colcon_core.environment:create_file_with_runtime_dependencies(/home/parallels/ROS_Workspaces/boat_workspace/install/vision/share/colcon-core/packages/vision)
[3.008s] DEBUG:colcon.colcon_core.event_handler.log_command:Invoked command in '/home/parallels/ROS_Workspaces/boat_workspace/build/navigation_again' returned '0': CMAKE_PREFIX_PATH=/opt/ros/humble /usr/bin/cmake /home/parallels/ROS_Workspaces/boat_workspace/src/navigation_again -DCMAKE_INSTALL_PREFIX=/home/parallels/ROS_Workspaces/boat_workspace/install/navigation_again
[3.009s] DEBUG:colcon.colcon_core.event_handler.log_command:Invoking command in '/home/parallels/ROS_Workspaces/boat_workspace/build/navigation_again': CMAKE_PREFIX_PATH=/opt/ros/humble /usr/bin/cmake --build /home/parallels/ROS_Workspaces/boat_workspace/build/navigation_again -- -j3 -l3
[3.473s] DEBUG:colcon.colcon_core.event_handler.log_command:Invoked command in '/home/parallels/ROS_Workspaces/boat_workspace/build/navigation_again' returned '0': CMAKE_PREFIX_PATH=/opt/ros/humble /usr/bin/cmake --build /home/parallels/ROS_Workspaces/boat_workspace/build/navigation_again -- -j3 -l3
[3.505s] DEBUG:colcon.colcon_core.event_handler.log_command:Invoking command in '/home/parallels/ROS_Workspaces/boat_workspace/build/navigation_again': CMAKE_PREFIX_PATH=/opt/ros/humble /usr/bin/cmake --install /home/parallels/ROS_Workspaces/boat_workspace/build/navigation_again
[3.564s] Level 1:colcon.colcon_core.environment:create_environment_scripts_only(navigation_again)
[3.568s] Level 1:colcon.colcon_core.environment:checking '/home/parallels/ROS_Workspaces/boat_workspace/install/navigation_again' for CMake module files
[3.571s] Level 1:colcon.colcon_core.environment:checking '/home/parallels/ROS_Workspaces/boat_workspace/install/navigation_again' for CMake config files
[3.571s] DEBUG:colcon.colcon_core.event_handler.log_command:Invoked command in '/home/parallels/ROS_Workspaces/boat_workspace/build/navigation_again' returned '0': CMAKE_PREFIX_PATH=/opt/ros/humble /usr/bin/cmake --install /home/parallels/ROS_Workspaces/boat_workspace/build/navigation_again
[3.572s] Level 1:colcon.colcon_core.shell:create_environment_hook('navigation_again', 'cmake_prefix_path')
[3.574s] INFO:colcon.colcon_core.shell:Creating environment hook '/home/parallels/ROS_Workspaces/boat_workspace/install/navigation_again/share/navigation_again/hook/cmake_prefix_path.ps1'
[3.575s] INFO:colcon.colcon_core.shell:Creating environment descriptor '/home/parallels/ROS_Workspaces/boat_workspace/install/navigation_again/share/navigation_again/hook/cmake_prefix_path.dsv'
[3.576s] INFO:colcon.colcon_core.shell:Creating environment hook '/home/parallels/ROS_Workspaces/boat_workspace/install/navigation_again/share/navigation_again/hook/cmake_prefix_path.sh'
[3.577s] Level 1:colcon.colcon_core.environment:checking '/home/parallels/ROS_Workspaces/boat_workspace/install/navigation_again/lib'
[3.577s] Level 1:colcon.colcon_core.environment:checking '/home/parallels/ROS_Workspaces/boat_workspace/install/navigation_again/bin'
[3.577s] Level 1:colcon.colcon_core.environment:checking '/home/parallels/ROS_Workspaces/boat_workspace/install/navigation_again/lib/pkgconfig/navigation_again.pc'
[3.578s] Level 1:colcon.colcon_core.environment:checking '/home/parallels/ROS_Workspaces/boat_workspace/install/navigation_again/lib/python3.10/site-packages'
[3.578s] Level 1:colcon.colcon_core.shell:create_environment_hook('navigation_again', 'pythonpath')
[3.579s] INFO:colcon.colcon_core.shell:Creating environment hook '/home/parallels/ROS_Workspaces/boat_workspace/install/navigation_again/share/navigation_again/hook/pythonpath.ps1'
[3.580s] INFO:colcon.colcon_core.shell:Creating environment descriptor '/home/parallels/ROS_Workspaces/boat_workspace/install/navigation_again/share/navigation_again/hook/pythonpath.dsv'
[3.580s] INFO:colcon.colcon_core.shell:Creating environment hook '/home/parallels/ROS_Workspaces/boat_workspace/install/navigation_again/share/navigation_again/hook/pythonpath.sh'
[3.581s] Level 1:colcon.colcon_core.environment:checking '/home/parallels/ROS_Workspaces/boat_workspace/install/navigation_again/bin'
[3.583s] INFO:colcon.colcon_core.shell:Creating package script '/home/parallels/ROS_Workspaces/boat_workspace/install/navigation_again/share/navigation_again/package.ps1'
[3.584s] INFO:colcon.colcon_core.shell:Creating package descriptor '/home/parallels/ROS_Workspaces/boat_workspace/install/navigation_again/share/navigation_again/package.dsv'
[3.584s] INFO:colcon.colcon_core.shell:Creating package script '/home/parallels/ROS_Workspaces/boat_workspace/install/navigation_again/share/navigation_again/package.sh'
[3.585s] INFO:colcon.colcon_core.shell:Creating package script '/home/parallels/ROS_Workspaces/boat_workspace/install/navigation_again/share/navigation_again/package.bash'
[3.585s] INFO:colcon.colcon_core.shell:Creating package script '/home/parallels/ROS_Workspaces/boat_workspace/install/navigation_again/share/navigation_again/package.zsh'
[3.586s] Level 1:colcon.colcon_core.environment:create_file_with_runtime_dependencies(/home/parallels/ROS_Workspaces/boat_workspace/install/navigation_again/share/colcon-core/packages/navigation_again)
[3.619s] Level 1:colcon.colcon_core.environment:create_environment_scripts_only(navigation_again)
[3.621s] Level 1:colcon.colcon_core.environment:checking '/home/parallels/ROS_Workspaces/boat_workspace/install/navigation_again' for CMake module files
[3.622s] Level 1:colcon.colcon_core.environment:checking '/home/parallels/ROS_Workspaces/boat_workspace/install/navigation_again' for CMake config files
[3.622s] Level 1:colcon.colcon_core.shell:create_environment_hook('navigation_again', 'cmake_prefix_path')
[3.624s] INFO:colcon.colcon_core.shell:Creating environment hook '/home/parallels/ROS_Workspaces/boat_workspace/install/navigation_again/share/navigation_again/hook/cmake_prefix_path.ps1'
[3.624s] INFO:colcon.colcon_core.shell:Creating environment descriptor '/home/parallels/ROS_Workspaces/boat_workspace/install/navigation_again/share/navigation_again/hook/cmake_prefix_path.dsv'
[3.625s] INFO:colcon.colcon_core.shell:Creating environment hook '/home/parallels/ROS_Workspaces/boat_workspace/install/navigation_again/share/navigation_again/hook/cmake_prefix_path.sh'
[3.625s] Level 1:colcon.colcon_core.environment:checking '/home/parallels/ROS_Workspaces/boat_workspace/install/navigation_again/lib'
[3.626s] Level 1:colcon.colcon_core.environment:checking '/home/parallels/ROS_Workspaces/boat_workspace/install/navigation_again/bin'
[3.626s] Level 1:colcon.colcon_core.environment:checking '/home/parallels/ROS_Workspaces/boat_workspace/install/navigation_again/lib/pkgconfig/navigation_again.pc'
[3.626s] Level 1:colcon.colcon_core.environment:checking '/home/parallels/ROS_Workspaces/boat_workspace/install/navigation_again/lib/python3.10/site-packages'
[3.626s] Level 1:colcon.colcon_core.shell:create_environment_hook('navigation_again', 'pythonpath')
[3.628s] INFO:colcon.colcon_core.shell:Creating environment hook '/home/parallels/ROS_Workspaces/boat_workspace/install/navigation_again/share/navigation_again/hook/pythonpath.ps1'
[3.628s] INFO:colcon.colcon_core.shell:Creating environment descriptor '/home/parallels/ROS_Workspaces/boat_workspace/install/navigation_again/share/navigation_again/hook/pythonpath.dsv'
[3.629s] INFO:colcon.colcon_core.shell:Creating environment hook '/home/parallels/ROS_Workspaces/boat_workspace/install/navigation_again/share/navigation_again/hook/pythonpath.sh'
[3.630s] Level 1:colcon.colcon_core.environment:checking '/home/parallels/ROS_Workspaces/boat_workspace/install/navigation_again/bin'
[3.631s] INFO:colcon.colcon_core.shell:Creating package script '/home/parallels/ROS_Workspaces/boat_workspace/install/navigation_again/share/navigation_again/package.ps1'
[3.632s] INFO:colcon.colcon_core.shell:Creating package descriptor '/home/parallels/ROS_Workspaces/boat_workspace/install/navigation_again/share/navigation_again/package.dsv'
[3.633s] INFO:colcon.colcon_core.shell:Creating package script '/home/parallels/ROS_Workspaces/boat_workspace/install/navigation_again/share/navigation_again/package.sh'
[3.633s] INFO:colcon.colcon_core.shell:Creating package script '/home/parallels/ROS_Workspaces/boat_workspace/install/navigation_again/share/navigation_again/package.bash'
[3.634s] INFO:colcon.colcon_core.shell:Creating package script '/home/parallels/ROS_Workspaces/boat_workspace/install/navigation_again/share/navigation_again/package.zsh'
[3.634s] Level 1:colcon.colcon_core.environment:create_file_with_runtime_dependencies(/home/parallels/ROS_Workspaces/boat_workspace/install/navigation_again/share/colcon-core/packages/navigation_again)
[3.635s] DEBUG:colcon.colcon_parallel_executor.executor.parallel:closing loop
[3.635s] DEBUG:colcon.colcon_parallel_executor.executor.parallel:loop closed
[3.635s] DEBUG:colcon.colcon_parallel_executor.executor.parallel:run_until_complete finished with '0'
[3.636s] DEBUG:colcon.colcon_core.event_reactor:joining thread
[3.643s] INFO:colcon.colcon_core.plugin_system:Skipping extension 'colcon_notification.desktop_notification.terminal_notifier': Not used on non-Darwin systems
[3.643s] INFO:colcon.colcon_core.plugin_system:Skipping extension 'colcon_notification.desktop_notification.win32': Not used on non-Windows systems
[3.643s] INFO:colcon.colcon_notification.desktop_notification:Sending desktop notification using 'notify2'
[3.667s] DEBUG:colcon.colcon_core.event_reactor:joined thread
[3.669s] INFO:colcon.colcon_core.shell:Creating prefix script '/home/parallels/ROS_Workspaces/boat_workspace/install/local_setup.ps1'
[3.671s] INFO:colcon.colcon_core.shell:Creating prefix util module '/home/parallels/ROS_Workspaces/boat_workspace/install/_local_setup_util_ps1.py'
[3.674s] INFO:colcon.colcon_core.shell:Creating prefix chain script '/home/parallels/ROS_Workspaces/boat_workspace/install/setup.ps1'
[3.676s] INFO:colcon.colcon_core.shell:Creating prefix script '/home/parallels/ROS_Workspaces/boat_workspace/install/local_setup.sh'
[3.677s] INFO:colcon.colcon_core.shell:Creating prefix util module '/home/parallels/ROS_Workspaces/boat_workspace/install/_local_setup_util_sh.py'
[3.678s] INFO:colcon.colcon_core.shell:Creating prefix chain script '/home/parallels/ROS_Workspaces/boat_workspace/install/setup.sh'
[3.680s] INFO:colcon.colcon_core.shell:Creating prefix script '/home/parallels/ROS_Workspaces/boat_workspace/install/local_setup.bash'
[3.680s] INFO:colcon.colcon_core.shell:Creating prefix chain script '/home/parallels/ROS_Workspaces/boat_workspace/install/setup.bash'
[3.682s] INFO:colcon.colcon_core.shell:Creating prefix script '/home/parallels/ROS_Workspaces/boat_workspace/install/local_setup.zsh'
[3.682s] INFO:colcon.colcon_core.shell:Creating prefix chain script '/home/parallels/ROS_Workspaces/boat_workspace/install/setup.zsh'
