[0.032s] Invoking command in '/home/parallels/ROS_Workspaces/boat_workspace/build/navigation': CMAKE_PREFIX_PATH=/opt/ros/humble /usr/bin/cmake --build /home/parallels/ROS_Workspaces/boat_workspace/build/navigation -- -j3 -l3
[0.160s] [ 50%] Built target nav_logic
[0.163s] [100%] Built target nav_do
[0.184s] Invoked command in '/home/parallels/ROS_Workspaces/boat_workspace/build/navigation' returned '0': CMAKE_PREFIX_PATH=/opt/ros/humble /usr/bin/cmake --build /home/parallels/ROS_Workspaces/boat_workspace/build/navigation -- -j3 -l3
[0.246s] Invoking command in '/home/parallels/ROS_Workspaces/boat_workspace/build/navigation': CMAKE_PREFIX_PATH=/opt/ros/humble /usr/bin/cmake --install /home/parallels/ROS_Workspaces/boat_workspace/build/navigation
[0.255s] -- Install configuration: ""
[0.256s] -- Up-to-date: /home/parallels/ROS_Workspaces/boat_workspace/install/navigation/lib/navigation/nav_logic
[0.257s] -- Up-to-date: /home/parallels/ROS_Workspaces/boat_workspace/install/navigation/lib/navigation/nav_do
[0.259s] -- Up-to-date: /home/parallels/ROS_Workspaces/boat_workspace/install/navigation/share/ament_index/resource_index/package_run_dependencies/navigation
[0.259s] -- Up-to-date: /home/parallels/ROS_Workspaces/boat_workspace/install/navigation/share/ament_index/resource_index/parent_prefix_path/navigation
[0.259s] -- Up-to-date: /home/parallels/ROS_Workspaces/boat_workspace/install/navigation/share/navigation/environment/ament_prefix_path.sh
[0.259s] -- Up-to-date: /home/parallels/ROS_Workspaces/boat_workspace/install/navigation/share/navigation/environment/ament_prefix_path.dsv
[0.259s] -- Up-to-date: /home/parallels/ROS_Workspaces/boat_workspace/install/navigation/share/navigation/environment/path.sh
[0.259s] -- Up-to-date: /home/parallels/ROS_Workspaces/boat_workspace/install/navigation/share/navigation/environment/path.dsv
[0.260s] -- Up-to-date: /home/parallels/ROS_Workspaces/boat_workspace/install/navigation/share/navigation/local_setup.bash
[0.260s] -- Up-to-date: /home/parallels/ROS_Workspaces/boat_workspace/install/navigation/share/navigation/local_setup.sh
[0.260s] -- Up-to-date: /home/parallels/ROS_Workspaces/boat_workspace/install/navigation/share/navigation/local_setup.zsh
[0.260s] -- Up-to-date: /home/parallels/ROS_Workspaces/boat_workspace/install/navigation/share/navigation/local_setup.dsv
[0.261s] -- Installing: /home/parallels/ROS_Workspaces/boat_workspace/install/navigation/share/navigation/package.dsv
[0.261s] -- Up-to-date: /home/parallels/ROS_Workspaces/boat_workspace/install/navigation/share/ament_index/resource_index/packages/navigation
[0.262s] -- Up-to-date: /home/parallels/ROS_Workspaces/boat_workspace/install/navigation/share/navigation/cmake/navigationConfig.cmake
[0.262s] -- Up-to-date: /home/parallels/ROS_Workspaces/boat_workspace/install/navigation/share/navigation/cmake/navigationConfig-version.cmake
[0.262s] -- Up-to-date: /home/parallels/ROS_Workspaces/boat_workspace/install/navigation/share/navigation/package.xml
[0.265s] Invoked command in '/home/parallels/ROS_Workspaces/boat_workspace/build/navigation' returned '0': CMAKE_PREFIX_PATH=/opt/ros/humble /usr/bin/cmake --install /home/parallels/ROS_Workspaces/boat_workspace/build/navigation
