[0.012s] Invoking command in '/home/parallels/ROS_Workspaces/boat_workspace/src/imgToMotor/build/imgToMotor': CMAKE_PREFIX_PATH=/opt/ros/humble /usr/bin/cmake /home/parallels/ROS_Workspaces/boat_workspace/src/imgToMotor -DCMAKE_INSTALL_PREFIX=/home/parallels/ROS_Workspaces/boat_workspace/src/imgToMotor/install/imgToMotor
[0.166s] -- The C compiler identification is GNU 11.3.0
[0.236s] -- The CXX compiler identification is GNU 11.3.0
[0.257s] -- Detecting C compiler ABI info
[0.340s] -- Detecting C compiler ABI info - done
[0.356s] -- Check for working C compiler: /usr/bin/cc - skipped
[0.357s] -- Detecting C compile features
[0.358s] -- Detecting C compile features - done
[0.365s] -- Detecting CXX compiler ABI info
[0.458s] -- Detecting CXX compiler ABI info - done
[0.471s] -- Check for working CXX compiler: /usr/bin/c++ - skipped
[0.471s] -- Detecting CXX compile features
[0.472s] -- Detecting CXX compile features - done
[0.496s] -- Found ament_cmake: 1.3.2 (/opt/ros/humble/share/ament_cmake/cmake)
[0.687s] -- Found Python3: /usr/bin/python3.10 (found version "3.10.6") found components: Interpreter 
[0.785s] -- Found rclcpp: 16.0.1 (/opt/ros/humble/share/rclcpp/cmake)
[0.892s] -- Found rosidl_generator_c: 3.1.3 (/opt/ros/humble/share/rosidl_generator_c/cmake)
[0.906s] -- Found rosidl_adapter: 3.1.3 (/opt/ros/humble/share/rosidl_adapter/cmake)
[0.925s] -- Found rosidl_generator_cpp: 3.1.3 (/opt/ros/humble/share/rosidl_generator_cpp/cmake)
[0.957s] -- Using all available rosidl_typesupport_c: rosidl_typesupport_fastrtps_c;rosidl_typesupport_introspection_c
[0.998s] -- Using all available rosidl_typesupport_cpp: rosidl_typesupport_fastrtps_cpp;rosidl_typesupport_introspection_cpp
[1.133s] -- Found rmw_implementation_cmake: 6.1.0 (/opt/ros/humble/share/rmw_implementation_cmake/cmake)
[1.140s] -- Found rmw_fastrtps_cpp: 6.2.1 (/opt/ros/humble/share/rmw_fastrtps_cpp/cmake)
[1.280s] -- Found OpenSSL: /usr/lib/x86_64-linux-gnu/libcrypto.so (found version "3.0.2")  
[1.312s] -- Found FastRTPS: /opt/ros/humble/include  
[1.373s] -- Using RMW implementation 'rmw_fastrtps_cpp' as default
[1.716s] WARNING: Package name "imgToMotor" does not follow the naming conventions. It should start with a lower case letter and only contain lower case letters, digits, underscores, and dashes.
[1.728s] -- Configuring done
[1.765s] -- Generating done
[1.769s] -- Build files have been written to: /home/parallels/ROS_Workspaces/boat_workspace/src/imgToMotor/build/imgToMotor
[1.779s] Invoked command in '/home/parallels/ROS_Workspaces/boat_workspace/src/imgToMotor/build/imgToMotor' returned '0': CMAKE_PREFIX_PATH=/opt/ros/humble /usr/bin/cmake /home/parallels/ROS_Workspaces/boat_workspace/src/imgToMotor -DCMAKE_INSTALL_PREFIX=/home/parallels/ROS_Workspaces/boat_workspace/src/imgToMotor/install/imgToMotor
[1.784s] Invoking command in '/home/parallels/ROS_Workspaces/boat_workspace/src/imgToMotor/build/imgToMotor': CMAKE_PREFIX_PATH=/opt/ros/humble /usr/bin/cmake --build /home/parallels/ROS_Workspaces/boat_workspace/src/imgToMotor/build/imgToMotor -- -j3 -l3
[1.839s] [ 25%] [32mBuilding CXX object CMakeFiles/cam_logic.dir/src/img_to_destination.cpp.o[0m
[1.839s] [ 25%] [32mBuilding CXX object CMakeFiles/cam_driver.dir/src/world_to_img.cpp.o[0m
[1.856s] [ 37%] [32mBuilding CXX object CMakeFiles/nav_logic.dir/src/dest_to_motorInfo.cpp.o[0m
[4.988s] [01m[K/home/parallels/ROS_Workspaces/boat_workspace/src/imgToMotor/src/world_to_img.cpp:18:3:[m[K [01;31m[Kerror: [m[KISO C++ forbids declaration of ‘[01m[Kimg_to_dest[m[K’ with no type [[01;31m[K]8;;https://gcc.gnu.org/onlinedocs/gcc/Warning-Options.html#index-fpermissive-fpermissive]8;;[m[K]
[4.989s]    18 |   [01;31m[Kimg_to_dest[m[K()
[4.989s]       |   [01;31m[K^~~~~~~~~~~[m[K
[4.989s] [01m[K/home/parallels/ROS_Workspaces/boat_workspace/src/imgToMotor/src/world_to_img.cpp:[m[K In member function ‘[01m[Kint world_to_img::img_to_dest()[m[K’:
[4.990s] [01m[K/home/parallels/ROS_Workspaces/boat_workspace/src/imgToMotor/src/world_to_img.cpp:19:5:[m[K [01;31m[Kerror: [m[Konly constructors take member initializers
[4.990s]    19 |   : [01;31m[KNode[m[K("world_to_img")
[4.990s]       |     [01;31m[K^~~~[m[K
[4.990s] [01m[K/home/parallels/ROS_Workspaces/boat_workspace/src/imgToMotor/src/world_to_img.cpp:22:3:[m[K [01;35m[Kwarning: [m[Kno return statement in function returning non-void [[01;35m[K]8;;https://gcc.gnu.org/onlinedocs/gcc/Warning-Options.html#index-Wreturn-type-Wreturn-type]8;;[m[K]
[4.990s]    22 |   [01;35m[K}[m[K
[4.990s]       |   [01;35m[K^[m[K
[5.649s] In file included from [01m[K/usr/include/x86_64-linux-gnu/c++/11/bits/c++allocator.h:33[m[K,
[5.649s]                  from [01m[K/usr/include/c++/11/bits/allocator.h:46[m[K,
[5.649s]                  from [01m[K/usr/include/c++/11/unordered_map:40[m[K,
[5.649s]                  from [01m[K/usr/include/c++/11/functional:61[m[K,
[5.650s]                  from [01m[K/home/parallels/ROS_Workspaces/boat_workspace/src/imgToMotor/src/world_to_img.cpp:4[m[K:
[5.650s] /usr/include/c++/11/ext/new_allocator.h: In instantiation of ‘[01m[Kvoid __gnu_cxx::new_allocator<_Tp>::construct(_Up*, _Args&& ...) [with _Up = world_to_img; _Args = {}; _Tp = world_to_img][m[K’:
[5.650s] [01m[K/usr/include/c++/11/bits/alloc_traits.h:516:17:[m[K   required from ‘[01m[Kstatic void std::allocator_traits<std::allocator<_Tp1> >::construct(std::allocator_traits<std::allocator<_Tp1> >::allocator_type&, _Up*, _Args&& ...) [with _Up = world_to_img; _Args = {}; _Tp = world_to_img; std::allocator_traits<std::allocator<_Tp1> >::allocator_type = std::allocator<world_to_img>][m[K’
[5.650s] [01m[K/usr/include/c++/11/bits/shared_ptr_base.h:519:39:[m[K   required from ‘[01m[Kstd::_Sp_counted_ptr_inplace<_Tp, _Alloc, _Lp>::_Sp_counted_ptr_inplace(_Alloc, _Args&& ...) [with _Args = {}; _Tp = world_to_img; _Alloc = std::allocator<world_to_img>; __gnu_cxx::_Lock_policy _Lp = __gnu_cxx::_S_atomic][m[K’
[5.650s] [01m[K/usr/include/c++/11/bits/shared_ptr_base.h:650:16:[m[K   required from ‘[01m[Kstd::__shared_count<_Lp>::__shared_count(_Tp*&, std::_Sp_alloc_shared_tag<_Alloc>, _Args&& ...) [with _Tp = world_to_img; _Alloc = std::allocator<world_to_img>; _Args = {}; __gnu_cxx::_Lock_policy _Lp = __gnu_cxx::_S_atomic][m[K’
[5.650s] [01m[K/usr/include/c++/11/bits/shared_ptr_base.h:1342:14:[m[K   required from ‘[01m[Kstd::__shared_ptr<_Tp, _Lp>::__shared_ptr(std::_Sp_alloc_shared_tag<_Tp>, _Args&& ...) [with _Alloc = std::allocator<world_to_img>; _Args = {}; _Tp = world_to_img; __gnu_cxx::_Lock_policy _Lp = __gnu_cxx::_S_atomic][m[K’
[5.650s] [01m[K/usr/include/c++/11/bits/shared_ptr.h:409:59:[m[K   required from ‘[01m[Kstd::shared_ptr<_Tp>::shared_ptr(std::_Sp_alloc_shared_tag<_Tp>, _Args&& ...) [with _Alloc = std::allocator<world_to_img>; _Args = {}; _Tp = world_to_img][m[K’
[5.650s] [01m[K/usr/include/c++/11/bits/shared_ptr.h:862:14:[m[K   required from ‘[01m[Kstd::shared_ptr<_Tp> std::allocate_shared(const _Alloc&, _Args&& ...) [with _Tp = world_to_img; _Alloc = std::allocator<world_to_img>; _Args = {}][m[K’
[5.650s] [01m[K/usr/include/c++/11/bits/shared_ptr.h:878:39:[m[K   required from ‘[01m[Kstd::shared_ptr<_Tp> std::make_shared(_Args&& ...) [with _Tp = world_to_img; _Args = {}][m[K’
[5.651s] [01m[K/home/parallels/ROS_Workspaces/boat_workspace/src/imgToMotor/src/world_to_img.cpp:30:46:[m[K   required from here
[5.651s] [01m[K/usr/include/c++/11/ext/new_allocator.h:162:11:[m[K [01;31m[Kerror: [m[Kuse of deleted function ‘[01m[Kworld_to_img::world_to_img()[m[K’
[5.651s]   162 |         { [01;31m[K::new((void *)__p) _Up(std::forward<_Args>(__args)...)[m[K; }
[5.651s]       |           [01;31m[K^~~~~~~~~~~~~~~~~~~~~~~~~~~~~~~~~~~~~~~~~~~~~~~~~~~~~~[m[K
[5.651s] [01m[K/home/parallels/ROS_Workspaces/boat_workspace/src/imgToMotor/src/world_to_img.cpp:15:7:[m[K [01;36m[Knote: [m[K‘[01m[Kworld_to_img::world_to_img()[m[K’ is implicitly deleted because the default definition would be ill-formed:
[5.651s]    15 | class [01;36m[Kworld_to_img[m[K : public rclcpp::Node
[5.651s]       |       [01;36m[K^~~~~~~~~~~~[m[K
[5.651s] [01m[K/home/parallels/ROS_Workspaces/boat_workspace/src/imgToMotor/src/world_to_img.cpp:15:7:[m[K [01;31m[Kerror: [m[Kno matching function for call to ‘[01m[Krclcpp::Node::Node()[m[K’
[5.651s] In file included from [01m[K/opt/ros/humble/include/rclcpp/rclcpp/executors/single_threaded_executor.hpp:28[m[K,
[5.651s]                  from [01m[K/opt/ros/humble/include/rclcpp/rclcpp/executors.hpp:22[m[K,
[5.651s]                  from [01m[K/opt/ros/humble/include/rclcpp/rclcpp/rclcpp.hpp:155[m[K,
[5.651s]                  from [01m[K/home/parallels/ROS_Workspaces/boat_workspace/src/imgToMotor/src/world_to_img.cpp:8[m[K:
[5.652s] [01m[K/opt/ros/humble/include/rclcpp/rclcpp/node.hpp:1294:3:[m[K [01;36m[Knote: [m[Kcandidate: ‘[01m[Krclcpp::Node::Node(const rclcpp::Node&, const string&)[m[K’
[5.652s]  1294 |   [01;36m[KNode[m[K(
[5.652s]       |   [01;36m[K^~~~[m[K
[5.652s] [01m[K/opt/ros/humble/include/rclcpp/rclcpp/node.hpp:1294:3:[m[K [01;36m[Knote: [m[K  candidate expects 2 arguments, 0 provided
[5.652s] [01m[K/opt/ros/humble/include/rclcpp/rclcpp/node.hpp:101:12:[m[K [01;36m[Knote: [m[Kcandidate: ‘[01m[Krclcpp::Node::Node(const string&, const string&, const rclcpp::NodeOptions&)[m[K’
[5.652s]   101 |   explicit [01;36m[KNode[m[K(
[5.652s]       |            [01;36m[K^~~~[m[K
[5.652s] [01m[K/opt/ros/humble/include/rclcpp/rclcpp/node.hpp:101:12:[m[K [01;36m[Knote: [m[K  candidate expects 3 arguments, 0 provided
[5.653s] [01m[K/opt/ros/humble/include/rclcpp/rclcpp/node.hpp:89:12:[m[K [01;36m[Knote: [m[Kcandidate: ‘[01m[Krclcpp::Node::Node(const string&, const rclcpp::NodeOptions&)[m[K’
[5.653s]    89 |   explicit [01;36m[KNode[m[K(
[5.653s]       |            [01;36m[K^~~~[m[K
[5.653s] [01m[K/opt/ros/humble/include/rclcpp/rclcpp/node.hpp:89:12:[m[K [01;36m[Knote: [m[K  candidate expects 2 arguments, 0 provided
[5.750s] gmake[2]: *** [CMakeFiles/cam_driver.dir/build.make:76: CMakeFiles/cam_driver.dir/src/world_to_img.cpp.o] Error 1
[5.751s] gmake[1]: *** [CMakeFiles/Makefile2:143: CMakeFiles/cam_driver.dir/all] Error 2
[5.751s] gmake[1]: *** Waiting for unfinished jobs....
[5.775s] [ 50%] [32m[1mLinking CXX executable cam_logic[0m
[5.907s] [ 50%] Built target cam_logic
[6.566s] [ 62%] [32m[1mLinking CXX executable nav_logic[0m
[6.710s] [ 62%] Built target nav_logic
[6.711s] gmake: *** [Makefile:146: all] Error 2
[6.714s] Invoked command in '/home/parallels/ROS_Workspaces/boat_workspace/src/imgToMotor/build/imgToMotor' returned '2': CMAKE_PREFIX_PATH=/opt/ros/humble /usr/bin/cmake --build /home/parallels/ROS_Workspaces/boat_workspace/src/imgToMotor/build/imgToMotor -- -j3 -l3
