[0.014s] Invoking command in '/home/parallels/ROS_Workspaces/boat_workspace/build/vision': CMAKE_PREFIX_PATH=/opt/ros/humble /usr/bin/cmake --build /home/parallels/ROS_Workspaces/boat_workspace/build/vision -- -j3 -l3
[0.048s] -- Found ament_cmake: 1.3.2 (/opt/ros/humble/share/ament_cmake/cmake)
[0.216s] -- Found rclcpp: 16.0.1 (/opt/ros/humble/share/rclcpp/cmake)
[0.258s] -- Found rosidl_generator_c: 3.1.3 (/opt/ros/humble/share/rosidl_generator_c/cmake)
[0.262s] -- Found rosidl_adapter: 3.1.3 (/opt/ros/humble/share/rosidl_adapter/cmake)
[0.272s] -- Found rosidl_generator_cpp: 3.1.3 (/opt/ros/humble/share/rosidl_generator_cpp/cmake)
[0.292s] -- Using all available rosidl_typesupport_c: rosidl_typesupport_fastrtps_c;rosidl_typesupport_introspection_c
[0.316s] -- Using all available rosidl_typesupport_cpp: rosidl_typesupport_fastrtps_cpp;rosidl_typesupport_introspection_cpp
[0.399s] -- Found rmw_implementation_cmake: 6.1.0 (/opt/ros/humble/share/rmw_implementation_cmake/cmake)
[0.402s] -- Found rmw_fastrtps_cpp: 6.2.1 (/opt/ros/humble/share/rmw_fastrtps_cpp/cmake)
[0.554s] -- Using RMW implementation 'rmw_fastrtps_cpp' as default
[0.860s] -- Configuring done
[0.862s] [31mCMake Error at CMakeLists.txt:19 (add_executable):
[0.862s]   Cannot find source file:
[0.862s] 
[0.863s]     src/netFinder.cpp
[0.863s] 
[0.863s]   Tried extensions .c .C .c++ .cc .cpp .cxx .cu .mpp .m .M .mm .ixx .cppm .h
[0.863s]   .hh .h++ .hm .hpp .hxx .in .txx .f .F .for .f77 .f90 .f95 .f03 .hip .ispc
[0.863s] 
[0.863s] [0m
[0.863s] [31mCMake Error at CMakeLists.txt:22 (add_executable):
[0.863s]   Cannot find source file:
[0.864s] 
[0.864s]     src/camera.cpp
[0.864s] 
[0.864s]   Tried extensions .c .C .c++ .cc .cpp .cxx .cu .mpp .m .M .mm .ixx .cppm .h
[0.864s]   .hh .h++ .hm .hpp .hxx .in .txx .f .F .for .f77 .f90 .f95 .f03 .hip .ispc
[0.864s] 
[0.864s] [0m
[0.865s] [31mCMake Error at CMakeLists.txt:19 (add_executable):
[0.865s]   No SOURCES given to target: NetFinder
[0.865s] 
[0.865s] [0m
[0.865s] [31mCMake Error at CMakeLists.txt:22 (add_executable):
[0.865s]   No SOURCES given to target: camera
[0.865s] 
[0.865s] [0m
[0.865s] [0mCMake Generate step failed.  Build files cannot be regenerated correctly.[0m
[0.870s] gmake: *** [Makefile:308: cmake_check_build_system] Error 1
[0.872s] Invoked command in '/home/parallels/ROS_Workspaces/boat_workspace/build/vision' returned '2': CMAKE_PREFIX_PATH=/opt/ros/humble /usr/bin/cmake --build /home/parallels/ROS_Workspaces/boat_workspace/build/vision -- -j3 -l3
