-- The C compiler identification is GNU 11.3.0
-- The CXX compiler identification is GNU 11.3.0
-- Detecting C compiler ABI info
-- Detecting C compiler ABI info - done
-- Check for working C compiler: /usr/bin/cc - skipped
-- Detecting C compile features
-- Detecting C compile features - done
-- Detecting CXX compiler ABI info
-- Detecting CXX compiler ABI info - done
-- Check for working CXX compiler: /usr/bin/c++ - skipped
-- Detecting CXX compile features
-- Detecting CXX compile features - done
-- Found ament_cmake: 1.3.2 (/opt/ros/humble/share/ament_cmake/cmake)
-- Found Python3: /usr/bin/python3.10 (found version "3.10.6") found components: Interpreter 
-- Found rclcpp: 16.0.1 (/opt/ros/humble/share/rclcpp/cmake)
-- Found rosidl_generator_c: 3.1.3 (/opt/ros/humble/share/rosidl_generator_c/cmake)
-- Found rosidl_adapter: 3.1.3 (/opt/ros/humble/share/rosidl_adapter/cmake)
-- Found rosidl_generator_cpp: 3.1.3 (/opt/ros/humble/share/rosidl_generator_cpp/cmake)
-- Using all available rosidl_typesupport_c: rosidl_typesupport_fastrtps_c;rosidl_typesupport_introspection_c
-- Using all available rosidl_typesupport_cpp: rosidl_typesupport_fastrtps_cpp;rosidl_typesupport_introspection_cpp
-- Found rmw_implementation_cmake: 6.1.0 (/opt/ros/humble/share/rmw_implementation_cmake/cmake)
-- Found rmw_fastrtps_cpp: 6.2.1 (/opt/ros/humble/share/rmw_fastrtps_cpp/cmake)
-- Found OpenSSL: /usr/lib/x86_64-linux-gnu/libcrypto.so (found version "3.0.2")  
-- Found FastRTPS: /opt/ros/humble/include  
-- Using RMW implementation 'rmw_fastrtps_cpp' as default
-- Found rclpy: 3.3.4 (/opt/ros/humble/share/rclpy/cmake)
-- Configuring done
-- Generating done
-- Build files have been written to: /home/parallels/ROS_Workspaces/boat_workspace/build/the_vision
[ 50%] [32mBuilding CXX object CMakeFiles/NetFinder.dir/src/NetFinder.cpp.o[0m
[ 50%] Built target ament_cmake_python_copy_the_vision
running egg_info
creating the_vision.egg-info
writing the_vision.egg-info/PKG-INFO
writing dependency_links to the_vision.egg-info/dependency_links.txt
writing top-level names to the_vision.egg-info/top_level.txt
writing manifest file 'the_vision.egg-info/SOURCES.txt'
reading manifest file 'the_vision.egg-info/SOURCES.txt'
writing manifest file 'the_vision.egg-info/SOURCES.txt'
[ 50%] Built target ament_cmake_python_build_the_vision_egg
[100%] [32m[1mLinking CXX executable NetFinder[0m
[100%] Built target NetFinder
-- Install configuration: ""
-- Installing: /home/parallels/ROS_Workspaces/boat_workspace/install/the_vision/lib/the_vision/NetFinder
-- Set runtime path of "/home/parallels/ROS_Workspaces/boat_workspace/install/the_vision/lib/the_vision/NetFinder" to ""
-- Installing: /home/parallels/ROS_Workspaces/boat_workspace/install/the_vision/share/the_vision/environment/pythonpath.sh
-- Installing: /home/parallels/ROS_Workspaces/boat_workspace/install/the_vision/share/the_vision/environment/pythonpath.dsv
-- Installing: /home/parallels/ROS_Workspaces/boat_workspace/install/the_vision/local/lib/python3.10/dist-packages/the_vision-0.0.0-py3.10.egg-info
-- Installing: /home/parallels/ROS_Workspaces/boat_workspace/install/the_vision/local/lib/python3.10/dist-packages/the_vision-0.0.0-py3.10.egg-info/dependency_links.txt
-- Installing: /home/parallels/ROS_Workspaces/boat_workspace/install/the_vision/local/lib/python3.10/dist-packages/the_vision-0.0.0-py3.10.egg-info/PKG-INFO
-- Installing: /home/parallels/ROS_Workspaces/boat_workspace/install/the_vision/local/lib/python3.10/dist-packages/the_vision-0.0.0-py3.10.egg-info/top_level.txt
-- Installing: /home/parallels/ROS_Workspaces/boat_workspace/install/the_vision/local/lib/python3.10/dist-packages/the_vision-0.0.0-py3.10.egg-info/SOURCES.txt
-- Installing: /home/parallels/ROS_Workspaces/boat_workspace/install/the_vision/local/lib/python3.10/dist-packages/the_vision
-- Installing: /home/parallels/ROS_Workspaces/boat_workspace/install/the_vision/local/lib/python3.10/dist-packages/the_vision/__init__.py
Listing '/home/parallels/ROS_Workspaces/boat_workspace/install/the_vision/local/lib/python3.10/dist-packages/the_vision'...
Compiling '/home/parallels/ROS_Workspaces/boat_workspace/install/the_vision/local/lib/python3.10/dist-packages/the_vision/__init__.py'...
-- Installing: /home/parallels/ROS_Workspaces/boat_workspace/install/the_vision/lib/the_vision/camera_debug.py
-- Installing: /home/parallels/ROS_Workspaces/boat_workspace/install/the_vision/lib/the_vision/camera.py
-- Installing: /home/parallels/ROS_Workspaces/boat_workspace/install/the_vision/share/ament_index/resource_index/package_run_dependencies/the_vision
-- Installing: /home/parallels/ROS_Workspaces/boat_workspace/install/the_vision/share/ament_index/resource_index/parent_prefix_path/the_vision
-- Installing: /home/parallels/ROS_Workspaces/boat_workspace/install/the_vision/share/the_vision/environment/ament_prefix_path.sh
-- Installing: /home/parallels/ROS_Workspaces/boat_workspace/install/the_vision/share/the_vision/environment/ament_prefix_path.dsv
-- Installing: /home/parallels/ROS_Workspaces/boat_workspace/install/the_vision/share/the_vision/environment/path.sh
-- Installing: /home/parallels/ROS_Workspaces/boat_workspace/install/the_vision/share/the_vision/environment/path.dsv
-- Installing: /home/parallels/ROS_Workspaces/boat_workspace/install/the_vision/share/the_vision/local_setup.bash
-- Installing: /home/parallels/ROS_Workspaces/boat_workspace/install/the_vision/share/the_vision/local_setup.sh
-- Installing: /home/parallels/ROS_Workspaces/boat_workspace/install/the_vision/share/the_vision/local_setup.zsh
-- Installing: /home/parallels/ROS_Workspaces/boat_workspace/install/the_vision/share/the_vision/local_setup.dsv
-- Installing: /home/parallels/ROS_Workspaces/boat_workspace/install/the_vision/share/the_vision/package.dsv
-- Installing: /home/parallels/ROS_Workspaces/boat_workspace/install/the_vision/share/ament_index/resource_index/packages/the_vision
-- Installing: /home/parallels/ROS_Workspaces/boat_workspace/install/the_vision/share/the_vision/cmake/the_visionConfig.cmake
-- Installing: /home/parallels/ROS_Workspaces/boat_workspace/install/the_vision/share/the_vision/cmake/the_visionConfig-version.cmake
-- Installing: /home/parallels/ROS_Workspaces/boat_workspace/install/the_vision/share/the_vision/package.xml
