[0.031s] Invoking command in '/home/parallels/ROS_Workspaces/boat_workspace/build/the_vision': CMAKE_PREFIX_PATH=/opt/ros/humble /usr/bin/cmake /home/parallels/ROS_Workspaces/boat_workspace/src/the_vision -DCMAKE_INSTALL_PREFIX=/home/parallels/ROS_Workspaces/boat_workspace/install/the_vision
[0.143s] -- The C compiler identification is GNU 11.3.0
[0.233s] -- The CXX compiler identification is GNU 11.3.0
[0.244s] -- Detecting C compiler ABI info
[0.343s] -- Detecting C compiler ABI info - done
[0.356s] -- Check for working C compiler: /usr/bin/cc - skipped
[0.356s] -- Detecting C compile features
[0.357s] -- Detecting C compile features - done
[0.360s] -- Detecting CXX compiler ABI info
[0.457s] -- Detecting CXX compiler ABI info - done
[0.470s] -- Check for working CXX compiler: /usr/bin/c++ - skipped
[0.470s] -- Detecting CXX compile features
[0.471s] -- Detecting CXX compile features - done
[0.473s] -- Found ament_cmake: 1.3.2 (/opt/ros/humble/share/ament_cmake/cmake)
[0.664s] -- Found Python3: /usr/bin/python3.10 (found version "3.10.6") found components: Interpreter 
[0.758s] -- Found rclcpp: 16.0.1 (/opt/ros/humble/share/rclcpp/cmake)
[0.825s] -- Found rosidl_generator_c: 3.1.3 (/opt/ros/humble/share/rosidl_generator_c/cmake)
[0.830s] -- Found rosidl_adapter: 3.1.3 (/opt/ros/humble/share/rosidl_adapter/cmake)
[0.840s] -- Found rosidl_generator_cpp: 3.1.3 (/opt/ros/humble/share/rosidl_generator_cpp/cmake)
[0.860s] -- Using all available rosidl_typesupport_c: rosidl_typesupport_fastrtps_c;rosidl_typesupport_introspection_c
[0.886s] -- Using all available rosidl_typesupport_cpp: rosidl_typesupport_fastrtps_cpp;rosidl_typesupport_introspection_cpp
[0.988s] -- Found rmw_implementation_cmake: 6.1.0 (/opt/ros/humble/share/rmw_implementation_cmake/cmake)
[0.991s] -- Found rmw_fastrtps_cpp: 6.2.1 (/opt/ros/humble/share/rmw_fastrtps_cpp/cmake)
[1.112s] -- Found OpenSSL: /usr/lib/x86_64-linux-gnu/libcrypto.so (found version "3.0.2")  
[1.146s] -- Found FastRTPS: /opt/ros/humble/include  
[1.202s] -- Using RMW implementation 'rmw_fastrtps_cpp' as default
[1.443s] -- Found rclpy: 3.3.4 (/opt/ros/humble/share/rclpy/cmake)
[1.621s] -- Configuring done
[1.636s] -- Generating done
[1.638s] -- Build files have been written to: /home/parallels/ROS_Workspaces/boat_workspace/build/the_vision
[1.649s] Invoked command in '/home/parallels/ROS_Workspaces/boat_workspace/build/the_vision' returned '0': CMAKE_PREFIX_PATH=/opt/ros/humble /usr/bin/cmake /home/parallels/ROS_Workspaces/boat_workspace/src/the_vision -DCMAKE_INSTALL_PREFIX=/home/parallels/ROS_Workspaces/boat_workspace/install/the_vision
[1.651s] Invoking command in '/home/parallels/ROS_Workspaces/boat_workspace/build/the_vision': CMAKE_PREFIX_PATH=/opt/ros/humble /usr/bin/cmake --build /home/parallels/ROS_Workspaces/boat_workspace/build/the_vision -- -j3 -l3
[1.709s] [ 50%] [32mBuilding CXX object CMakeFiles/NetFinder.dir/src/NetFinder.cpp.o[0m
[1.718s] [ 50%] Built target ament_cmake_python_copy_the_vision
[2.038s] running egg_info
[2.039s] creating the_vision.egg-info
[2.039s] writing the_vision.egg-info/PKG-INFO
[2.040s] writing dependency_links to the_vision.egg-info/dependency_links.txt
[2.040s] writing top-level names to the_vision.egg-info/top_level.txt
[2.040s] writing manifest file 'the_vision.egg-info/SOURCES.txt'
[2.044s] reading manifest file 'the_vision.egg-info/SOURCES.txt'
[2.045s] writing manifest file 'the_vision.egg-info/SOURCES.txt'
[2.080s] [ 50%] Built target ament_cmake_python_build_the_vision_egg
[6.098s] [100%] [32m[1mLinking CXX executable NetFinder[0m
[6.242s] [100%] Built target NetFinder
[6.255s] Invoked command in '/home/parallels/ROS_Workspaces/boat_workspace/build/the_vision' returned '0': CMAKE_PREFIX_PATH=/opt/ros/humble /usr/bin/cmake --build /home/parallels/ROS_Workspaces/boat_workspace/build/the_vision -- -j3 -l3
[6.295s] Invoking command in '/home/parallels/ROS_Workspaces/boat_workspace/build/the_vision': CMAKE_PREFIX_PATH=/opt/ros/humble /usr/bin/cmake --install /home/parallels/ROS_Workspaces/boat_workspace/build/the_vision
[6.302s] -- Install configuration: ""
[6.303s] -- Installing: /home/parallels/ROS_Workspaces/boat_workspace/install/the_vision/lib/the_vision/NetFinder
[6.303s] -- Set runtime path of "/home/parallels/ROS_Workspaces/boat_workspace/install/the_vision/lib/the_vision/NetFinder" to ""
[6.310s] -- Installing: /home/parallels/ROS_Workspaces/boat_workspace/install/the_vision/share/the_vision/environment/pythonpath.sh
[6.311s] -- Installing: /home/parallels/ROS_Workspaces/boat_workspace/install/the_vision/share/the_vision/environment/pythonpath.dsv
[6.311s] -- Installing: /home/parallels/ROS_Workspaces/boat_workspace/install/the_vision/local/lib/python3.10/dist-packages/the_vision-0.0.0-py3.10.egg-info
[6.312s] -- Installing: /home/parallels/ROS_Workspaces/boat_workspace/install/the_vision/local/lib/python3.10/dist-packages/the_vision-0.0.0-py3.10.egg-info/dependency_links.txt
[6.312s] -- Installing: /home/parallels/ROS_Workspaces/boat_workspace/install/the_vision/local/lib/python3.10/dist-packages/the_vision-0.0.0-py3.10.egg-info/PKG-INFO
[6.312s] -- Installing: /home/parallels/ROS_Workspaces/boat_workspace/install/the_vision/local/lib/python3.10/dist-packages/the_vision-0.0.0-py3.10.egg-info/top_level.txt
[6.312s] -- Installing: /home/parallels/ROS_Workspaces/boat_workspace/install/the_vision/local/lib/python3.10/dist-packages/the_vision-0.0.0-py3.10.egg-info/SOURCES.txt
[6.312s] -- Installing: /home/parallels/ROS_Workspaces/boat_workspace/install/the_vision/local/lib/python3.10/dist-packages/the_vision
[6.312s] -- Installing: /home/parallels/ROS_Workspaces/boat_workspace/install/the_vision/local/lib/python3.10/dist-packages/the_vision/__init__.py
[6.349s] Listing '/home/parallels/ROS_Workspaces/boat_workspace/install/the_vision/local/lib/python3.10/dist-packages/the_vision'...
[6.350s] Compiling '/home/parallels/ROS_Workspaces/boat_workspace/install/the_vision/local/lib/python3.10/dist-packages/the_vision/__init__.py'...
[6.355s] -- Installing: /home/parallels/ROS_Workspaces/boat_workspace/install/the_vision/lib/the_vision/camera_debug.py
[6.355s] -- Installing: /home/parallels/ROS_Workspaces/boat_workspace/install/the_vision/lib/the_vision/camera.py
[6.355s] -- Installing: /home/parallels/ROS_Workspaces/boat_workspace/install/the_vision/share/ament_index/resource_index/package_run_dependencies/the_vision
[6.355s] -- Installing: /home/parallels/ROS_Workspaces/boat_workspace/install/the_vision/share/ament_index/resource_index/parent_prefix_path/the_vision
[6.355s] -- Installing: /home/parallels/ROS_Workspaces/boat_workspace/install/the_vision/share/the_vision/environment/ament_prefix_path.sh
[6.356s] -- Installing: /home/parallels/ROS_Workspaces/boat_workspace/install/the_vision/share/the_vision/environment/ament_prefix_path.dsv
[6.357s] -- Installing: /home/parallels/ROS_Workspaces/boat_workspace/install/the_vision/share/the_vision/environment/path.sh
[6.357s] -- Installing: /home/parallels/ROS_Workspaces/boat_workspace/install/the_vision/share/the_vision/environment/path.dsv
[6.357s] -- Installing: /home/parallels/ROS_Workspaces/boat_workspace/install/the_vision/share/the_vision/local_setup.bash
[6.357s] -- Installing: /home/parallels/ROS_Workspaces/boat_workspace/install/the_vision/share/the_vision/local_setup.sh
[6.357s] -- Installing: /home/parallels/ROS_Workspaces/boat_workspace/install/the_vision/share/the_vision/local_setup.zsh
[6.358s] -- Installing: /home/parallels/ROS_Workspaces/boat_workspace/install/the_vision/share/the_vision/local_setup.dsv
[6.358s] -- Installing: /home/parallels/ROS_Workspaces/boat_workspace/install/the_vision/share/the_vision/package.dsv
[6.358s] -- Installing: /home/parallels/ROS_Workspaces/boat_workspace/install/the_vision/share/ament_index/resource_index/packages/the_vision
[6.358s] -- Installing: /home/parallels/ROS_Workspaces/boat_workspace/install/the_vision/share/the_vision/cmake/the_visionConfig.cmake
[6.358s] -- Installing: /home/parallels/ROS_Workspaces/boat_workspace/install/the_vision/share/the_vision/cmake/the_visionConfig-version.cmake
[6.358s] -- Installing: /home/parallels/ROS_Workspaces/boat_workspace/install/the_vision/share/the_vision/package.xml
[6.363s] Invoked command in '/home/parallels/ROS_Workspaces/boat_workspace/build/the_vision' returned '0': CMAKE_PREFIX_PATH=/opt/ros/humble /usr/bin/cmake --install /home/parallels/ROS_Workspaces/boat_workspace/build/the_vision
