[0.028s] Invoking command in '/home/parallels/ROS_Workspaces/boat_workspace/build/vision': CMAKE_PREFIX_PATH=${CMAKE_PREFIX_PATH}:/opt/ros/humble /usr/bin/cmake --build /home/parallels/ROS_Workspaces/boat_workspace/build/vision -- -j3 -l3
[0.096s] [100%] Built target NetFinder
[0.111s] [100%] Built target ament_cmake_python_copy_vision
[0.412s] running egg_info
[0.413s] writing vision.egg-info/PKG-INFO
[0.414s] writing dependency_links to vision.egg-info/dependency_links.txt
[0.414s] writing top-level names to vision.egg-info/top_level.txt
[0.422s] reading manifest file 'vision.egg-info/SOURCES.txt'
[0.423s] writing manifest file 'vision.egg-info/SOURCES.txt'
[0.453s] [100%] Built target ament_cmake_python_build_vision_egg
[0.468s] Invoked command in '/home/parallels/ROS_Workspaces/boat_workspace/build/vision' returned '0': CMAKE_PREFIX_PATH=${CMAKE_PREFIX_PATH}:/opt/ros/humble /usr/bin/cmake --build /home/parallels/ROS_Workspaces/boat_workspace/build/vision -- -j3 -l3
[0.512s] Invoking command in '/home/parallels/ROS_Workspaces/boat_workspace/build/vision': CMAKE_PREFIX_PATH=${CMAKE_PREFIX_PATH}:/opt/ros/humble /usr/bin/cmake --install /home/parallels/ROS_Workspaces/boat_workspace/build/vision
[0.521s] -- Install configuration: ""
[0.522s] -- Up-to-date: /home/parallels/ROS_Workspaces/boat_workspace/install/vision/lib/vision/NetFinder
[0.522s] -- Up-to-date: /home/parallels/ROS_Workspaces/boat_workspace/install/vision/share/vision/environment/pythonpath.sh
[0.523s] -- Up-to-date: /home/parallels/ROS_Workspaces/boat_workspace/install/vision/share/vision/environment/pythonpath.dsv
[0.523s] -- Up-to-date: /home/parallels/ROS_Workspaces/boat_workspace/install/vision/local/lib/python3.10/dist-packages/vision-0.0.0-py3.10.egg-info
[0.523s] -- Installing: /home/parallels/ROS_Workspaces/boat_workspace/install/vision/local/lib/python3.10/dist-packages/vision-0.0.0-py3.10.egg-info/dependency_links.txt
[0.523s] -- Installing: /home/parallels/ROS_Workspaces/boat_workspace/install/vision/local/lib/python3.10/dist-packages/vision-0.0.0-py3.10.egg-info/PKG-INFO
[0.523s] -- Installing: /home/parallels/ROS_Workspaces/boat_workspace/install/vision/local/lib/python3.10/dist-packages/vision-0.0.0-py3.10.egg-info/top_level.txt
[0.524s] -- Installing: /home/parallels/ROS_Workspaces/boat_workspace/install/vision/local/lib/python3.10/dist-packages/vision-0.0.0-py3.10.egg-info/SOURCES.txt
[0.524s] -- Up-to-date: /home/parallels/ROS_Workspaces/boat_workspace/install/vision/local/lib/python3.10/dist-packages/vision
[0.524s] -- Up-to-date: /home/parallels/ROS_Workspaces/boat_workspace/install/vision/local/lib/python3.10/dist-packages/vision/__init__.py
[0.561s] Listing '/home/parallels/ROS_Workspaces/boat_workspace/install/vision/local/lib/python3.10/dist-packages/vision'...
[0.567s] -- Up-to-date: /home/parallels/ROS_Workspaces/boat_workspace/install/vision/lib/vision/camera_debug.py
[0.567s] -- Installing: /home/parallels/ROS_Workspaces/boat_workspace/install/vision/lib/vision/camera.py
[0.567s] -- Up-to-date: /home/parallels/ROS_Workspaces/boat_workspace/install/vision/share/ament_index/resource_index/package_run_dependencies/vision
[0.567s] -- Up-to-date: /home/parallels/ROS_Workspaces/boat_workspace/install/vision/share/ament_index/resource_index/parent_prefix_path/vision
[0.567s] -- Up-to-date: /home/parallels/ROS_Workspaces/boat_workspace/install/vision/share/vision/environment/ament_prefix_path.sh
[0.568s] -- Up-to-date: /home/parallels/ROS_Workspaces/boat_workspace/install/vision/share/vision/environment/ament_prefix_path.dsv
[0.568s] -- Up-to-date: /home/parallels/ROS_Workspaces/boat_workspace/install/vision/share/vision/environment/path.sh
[0.568s] -- Up-to-date: /home/parallels/ROS_Workspaces/boat_workspace/install/vision/share/vision/environment/path.dsv
[0.569s] -- Up-to-date: /home/parallels/ROS_Workspaces/boat_workspace/install/vision/share/vision/local_setup.bash
[0.569s] -- Up-to-date: /home/parallels/ROS_Workspaces/boat_workspace/install/vision/share/vision/local_setup.sh
[0.569s] -- Up-to-date: /home/parallels/ROS_Workspaces/boat_workspace/install/vision/share/vision/local_setup.zsh
[0.569s] -- Up-to-date: /home/parallels/ROS_Workspaces/boat_workspace/install/vision/share/vision/local_setup.dsv
[0.569s] -- Installing: /home/parallels/ROS_Workspaces/boat_workspace/install/vision/share/vision/package.dsv
[0.570s] -- Up-to-date: /home/parallels/ROS_Workspaces/boat_workspace/install/vision/share/ament_index/resource_index/packages/vision
[0.570s] -- Up-to-date: /home/parallels/ROS_Workspaces/boat_workspace/install/vision/share/vision/cmake/visionConfig.cmake
[0.570s] -- Up-to-date: /home/parallels/ROS_Workspaces/boat_workspace/install/vision/share/vision/cmake/visionConfig-version.cmake
[0.570s] -- Up-to-date: /home/parallels/ROS_Workspaces/boat_workspace/install/vision/share/vision/package.xml
[0.575s] Invoked command in '/home/parallels/ROS_Workspaces/boat_workspace/build/vision' returned '0': CMAKE_PREFIX_PATH=${CMAKE_PREFIX_PATH}:/opt/ros/humble /usr/bin/cmake --install /home/parallels/ROS_Workspaces/boat_workspace/build/vision
