[0.020s] Invoking command in '/home/parallels/ROS_Workspaces/boat_workspace/build/navigation': CMAKE_PREFIX_PATH=/opt/ros/humble /usr/bin/cmake /home/parallels/ROS_Workspaces/boat_workspace/src/navigation -DCMAKE_INSTALL_PREFIX=/home/parallels/ROS_Workspaces/boat_workspace/install/navigation
[0.089s] -- The C compiler identification is GNU 11.3.0
[0.156s] -- The CXX compiler identification is GNU 11.3.0
[0.165s] -- Detecting C compiler ABI info
[0.245s] -- Detecting C compiler ABI info - done
[0.262s] -- Check for working C compiler: /usr/bin/cc - skipped
[0.262s] -- Detecting C compile features
[0.262s] -- Detecting C compile features - done
[0.266s] -- Detecting CXX compiler ABI info
[0.365s] -- Detecting CXX compiler ABI info - done
[0.377s] -- Check for working CXX compiler: /usr/bin/c++ - skipped
[0.378s] -- Detecting CXX compile features
[0.378s] -- Detecting CXX compile features - done
[0.380s] -- Found ament_cmake_python: 1.3.2 (/opt/ros/humble/share/ament_cmake_python/cmake)
[0.382s] -- Found rclpy: 3.3.4 (/opt/ros/humble/share/rclpy/cmake)
[0.383s] -- Found sensor_msgs: 4.2.2 (/opt/ros/humble/share/sensor_msgs/cmake)
[1.125s] -- Found Python3: /usr/bin/python3.10 (found version "3.10.6") found components: Interpreter 
[1.259s] -- Found rosidl_generator_c: 3.1.3 (/opt/ros/humble/share/rosidl_generator_c/cmake)
[1.264s] -- Found rosidl_adapter: 3.1.3 (/opt/ros/humble/share/rosidl_adapter/cmake)
[1.274s] -- Found rosidl_generator_cpp: 3.1.3 (/opt/ros/humble/share/rosidl_generator_cpp/cmake)
[1.292s] -- Using all available rosidl_typesupport_c: rosidl_typesupport_fastrtps_c;rosidl_typesupport_introspection_c
[1.317s] -- Using all available rosidl_typesupport_cpp: rosidl_typesupport_fastrtps_cpp;rosidl_typesupport_introspection_cpp
[1.813s] -- Configuring done
[1.819s] -- Generating done
[1.820s] -- Build files have been written to: /home/parallels/ROS_Workspaces/boat_workspace/build/navigation
[1.828s] Invoked command in '/home/parallels/ROS_Workspaces/boat_workspace/build/navigation' returned '0': CMAKE_PREFIX_PATH=/opt/ros/humble /usr/bin/cmake /home/parallels/ROS_Workspaces/boat_workspace/src/navigation -DCMAKE_INSTALL_PREFIX=/home/parallels/ROS_Workspaces/boat_workspace/install/navigation
[1.830s] Invoking command in '/home/parallels/ROS_Workspaces/boat_workspace/build/navigation': CMAKE_PREFIX_PATH=/opt/ros/humble /usr/bin/cmake --build /home/parallels/ROS_Workspaces/boat_workspace/build/navigation -- -j3 -l3
[1.890s] Built target ament_cmake_python_copy_navigation
[1.893s] Built target ament_cmake_python_copy_navigation_setup
[2.222s] running egg_info
[2.223s] creating navigation.egg-info
[2.224s] writing manifest file 'navigation.egg-info/SOURCES.txt'
[2.226s] writing manifest file 'navigation.egg-info/SOURCES.txt'
[2.253s] Built target ament_cmake_python_build_navigation_egg
[2.264s] Invoked command in '/home/parallels/ROS_Workspaces/boat_workspace/build/navigation' returned '0': CMAKE_PREFIX_PATH=/opt/ros/humble /usr/bin/cmake --build /home/parallels/ROS_Workspaces/boat_workspace/build/navigation -- -j3 -l3
[2.297s] Invoking command in '/home/parallels/ROS_Workspaces/boat_workspace/build/navigation': CMAKE_PREFIX_PATH=/opt/ros/humble /usr/bin/cmake --install /home/parallels/ROS_Workspaces/boat_workspace/build/navigation
[2.306s] -- Install configuration: ""
[2.306s] -- Installing: /home/parallels/ROS_Workspaces/boat_workspace/install/navigation/share/navigation/environment/pythonpath.sh
[2.306s] -- Installing: /home/parallels/ROS_Workspaces/boat_workspace/install/navigation/share/navigation/environment/pythonpath.dsv
[2.306s] -- Installing: /home/parallels/ROS_Workspaces/boat_workspace/install/navigation/local/lib/python3.10/dist-packages/navigation-0.0.0-py3.10.egg-info
[2.306s] -- Installing: /home/parallels/ROS_Workspaces/boat_workspace/install/navigation/local/lib/python3.10/dist-packages/navigation-0.0.0-py3.10.egg-info/dependency_links.txt
[2.306s] -- Installing: /home/parallels/ROS_Workspaces/boat_workspace/install/navigation/local/lib/python3.10/dist-packages/navigation-0.0.0-py3.10.egg-info/PKG-INFO
[2.307s] -- Installing: /home/parallels/ROS_Workspaces/boat_workspace/install/navigation/local/lib/python3.10/dist-packages/navigation-0.0.0-py3.10.egg-info/top_level.txt
[2.307s] -- Installing: /home/parallels/ROS_Workspaces/boat_workspace/install/navigation/local/lib/python3.10/dist-packages/navigation-0.0.0-py3.10.egg-info/SOURCES.txt
[2.307s] -- Installing: /home/parallels/ROS_Workspaces/boat_workspace/install/navigation/local/lib/python3.10/dist-packages/navigation
[2.307s] -- Installing: /home/parallels/ROS_Workspaces/boat_workspace/install/navigation/local/lib/python3.10/dist-packages/navigation/__init__.py
[2.344s] Listing '/home/parallels/ROS_Workspaces/boat_workspace/install/navigation/local/lib/python3.10/dist-packages/navigation'...
[2.344s] Compiling '/home/parallels/ROS_Workspaces/boat_workspace/install/navigation/local/lib/python3.10/dist-packages/navigation/__init__.py'...
[2.349s] -- Installing: /home/parallels/ROS_Workspaces/boat_workspace/install/navigation/lib/navigation/motor_action.py
[2.349s] -- Installing: /home/parallels/ROS_Workspaces/boat_workspace/install/navigation/lib/navigation/motor_logic.py
[2.349s] -- Installing: /home/parallels/ROS_Workspaces/boat_workspace/install/navigation/share/ament_index/resource_index/package_run_dependencies/navigation
[2.350s] -- Installing: /home/parallels/ROS_Workspaces/boat_workspace/install/navigation/share/ament_index/resource_index/parent_prefix_path/navigation
[2.350s] -- Up-to-date: /home/parallels/ROS_Workspaces/boat_workspace/install/navigation/share/navigation/environment/ament_prefix_path.sh
[2.350s] -- Installing: /home/parallels/ROS_Workspaces/boat_workspace/install/navigation/share/navigation/environment/ament_prefix_path.dsv
[2.350s] -- Up-to-date: /home/parallels/ROS_Workspaces/boat_workspace/install/navigation/share/navigation/environment/path.sh
[2.350s] -- Installing: /home/parallels/ROS_Workspaces/boat_workspace/install/navigation/share/navigation/environment/path.dsv
[2.351s] -- Installing: /home/parallels/ROS_Workspaces/boat_workspace/install/navigation/share/navigation/local_setup.bash
[2.351s] -- Installing: /home/parallels/ROS_Workspaces/boat_workspace/install/navigation/share/navigation/local_setup.sh
[2.351s] -- Installing: /home/parallels/ROS_Workspaces/boat_workspace/install/navigation/share/navigation/local_setup.zsh
[2.351s] -- Installing: /home/parallels/ROS_Workspaces/boat_workspace/install/navigation/share/navigation/local_setup.dsv
[2.351s] -- Installing: /home/parallels/ROS_Workspaces/boat_workspace/install/navigation/share/navigation/package.dsv
[2.351s] -- Installing: /home/parallels/ROS_Workspaces/boat_workspace/install/navigation/share/ament_index/resource_index/packages/navigation
[2.351s] -- Installing: /home/parallels/ROS_Workspaces/boat_workspace/install/navigation/share/navigation/cmake/navigationConfig.cmake
[2.352s] -- Installing: /home/parallels/ROS_Workspaces/boat_workspace/install/navigation/share/navigation/cmake/navigationConfig-version.cmake
[2.352s] -- Installing: /home/parallels/ROS_Workspaces/boat_workspace/install/navigation/share/navigation/package.xml
[2.357s] Invoked command in '/home/parallels/ROS_Workspaces/boat_workspace/build/navigation' returned '0': CMAKE_PREFIX_PATH=/opt/ros/humble /usr/bin/cmake --install /home/parallels/ROS_Workspaces/boat_workspace/build/navigation
