[0.040s] Invoking command in '/home/parallels/ROS_Workspaces/boat_workspace/build/navigation': CMAKE_PREFIX_PATH=/opt/ros/humble /usr/bin/cmake --build /home/parallels/ROS_Workspaces/boat_workspace/build/navigation -- -j3 -l3
[0.271s] [ 50%] Built target nav_logic
[0.284s] [100%] Built target nav_do
[0.319s] Invoked command in '/home/parallels/ROS_Workspaces/boat_workspace/build/navigation' returned '0': CMAKE_PREFIX_PATH=/opt/ros/humble /usr/bin/cmake --build /home/parallels/ROS_Workspaces/boat_workspace/build/navigation -- -j3 -l3
[0.410s] Invoking command in '/home/parallels/ROS_Workspaces/boat_workspace/build/navigation': CMAKE_PREFIX_PATH=/opt/ros/humble /usr/bin/cmake --install /home/parallels/ROS_Workspaces/boat_workspace/build/navigation
[0.425s] -- Install configuration: ""
[0.426s] -- Up-to-date: /home/parallels/ROS_Workspaces/boat_workspace/install/navigation/lib/navigation/nav_logic
[0.426s] -- Up-to-date: /home/parallels/ROS_Workspaces/boat_workspace/install/navigation/lib/navigation/nav_do
[0.427s] -- Up-to-date: /home/parallels/ROS_Workspaces/boat_workspace/install/navigation/share/ament_index/resource_index/package_run_dependencies/navigation
[0.430s] -- Up-to-date: /home/parallels/ROS_Workspaces/boat_workspace/install/navigation/share/ament_index/resource_index/parent_prefix_path/navigation
[0.432s] -- Up-to-date: /home/parallels/ROS_Workspaces/boat_workspace/install/navigation/share/navigation/environment/ament_prefix_path.sh
[0.433s] -- Up-to-date: /home/parallels/ROS_Workspaces/boat_workspace/install/navigation/share/navigation/environment/ament_prefix_path.dsv
[0.433s] -- Up-to-date: /home/parallels/ROS_Workspaces/boat_workspace/install/navigation/share/navigation/environment/path.sh
[0.433s] -- Up-to-date: /home/parallels/ROS_Workspaces/boat_workspace/install/navigation/share/navigation/environment/path.dsv
[0.434s] -- Up-to-date: /home/parallels/ROS_Workspaces/boat_workspace/install/navigation/share/navigation/local_setup.bash
[0.434s] -- Up-to-date: /home/parallels/ROS_Workspaces/boat_workspace/install/navigation/share/navigation/local_setup.sh
[0.434s] -- Up-to-date: /home/parallels/ROS_Workspaces/boat_workspace/install/navigation/share/navigation/local_setup.zsh
[0.434s] -- Up-to-date: /home/parallels/ROS_Workspaces/boat_workspace/install/navigation/share/navigation/local_setup.dsv
[0.435s] -- Installing: /home/parallels/ROS_Workspaces/boat_workspace/install/navigation/share/navigation/package.dsv
[0.435s] -- Up-to-date: /home/parallels/ROS_Workspaces/boat_workspace/install/navigation/share/ament_index/resource_index/packages/navigation
[0.435s] -- Up-to-date: /home/parallels/ROS_Workspaces/boat_workspace/install/navigation/share/navigation/cmake/navigationConfig.cmake
[0.435s] -- Up-to-date: /home/parallels/ROS_Workspaces/boat_workspace/install/navigation/share/navigation/cmake/navigationConfig-version.cmake
[0.436s] -- Up-to-date: /home/parallels/ROS_Workspaces/boat_workspace/install/navigation/share/navigation/package.xml
[0.437s] Invoked command in '/home/parallels/ROS_Workspaces/boat_workspace/build/navigation' returned '0': CMAKE_PREFIX_PATH=/opt/ros/humble /usr/bin/cmake --install /home/parallels/ROS_Workspaces/boat_workspace/build/navigation
