[0.020s] Invoking command in '/home/parallels/ROS_Workspaces/boat_workspace/build/navigation_again': CMAKE_PREFIX_PATH=/opt/ros/humble /usr/bin/cmake --build /home/parallels/ROS_Workspaces/boat_workspace/build/navigation_again -- -j3 -l3
[0.094s] Built target ament_cmake_python_copy_navigation_again
[0.094s] Built target ament_cmake_python_copy_navigation_again_setup
[0.432s] running egg_info
[0.437s] writing manifest file 'navigation_again.egg-info/SOURCES.txt'
[0.477s] Built target ament_cmake_python_build_navigation_again_egg
[0.490s] Invoked command in '/home/parallels/ROS_Workspaces/boat_workspace/build/navigation_again' returned '0': CMAKE_PREFIX_PATH=/opt/ros/humble /usr/bin/cmake --build /home/parallels/ROS_Workspaces/boat_workspace/build/navigation_again -- -j3 -l3
[0.543s] Invoking command in '/home/parallels/ROS_Workspaces/boat_workspace/build/navigation_again': CMAKE_PREFIX_PATH=/opt/ros/humble /usr/bin/cmake --install /home/parallels/ROS_Workspaces/boat_workspace/build/navigation_again
[0.551s] -- Install configuration: ""
[0.552s] -- Up-to-date: /home/parallels/ROS_Workspaces/boat_workspace/install/navigation_again/share/navigation_again/environment/pythonpath.sh
[0.552s] -- Up-to-date: /home/parallels/ROS_Workspaces/boat_workspace/install/navigation_again/share/navigation_again/environment/pythonpath.dsv
[0.554s] -- Up-to-date: /home/parallels/ROS_Workspaces/boat_workspace/install/navigation_again/local/lib/python3.10/dist-packages/navigation_again-0.0.0-py3.10.egg-info
[0.554s] -- Installing: /home/parallels/ROS_Workspaces/boat_workspace/install/navigation_again/local/lib/python3.10/dist-packages/navigation_again-0.0.0-py3.10.egg-info/dependency_links.txt
[0.555s] -- Installing: /home/parallels/ROS_Workspaces/boat_workspace/install/navigation_again/local/lib/python3.10/dist-packages/navigation_again-0.0.0-py3.10.egg-info/PKG-INFO
[0.556s] -- Installing: /home/parallels/ROS_Workspaces/boat_workspace/install/navigation_again/local/lib/python3.10/dist-packages/navigation_again-0.0.0-py3.10.egg-info/top_level.txt
[0.557s] -- Installing: /home/parallels/ROS_Workspaces/boat_workspace/install/navigation_again/local/lib/python3.10/dist-packages/navigation_again-0.0.0-py3.10.egg-info/SOURCES.txt
[0.557s] -- Up-to-date: /home/parallels/ROS_Workspaces/boat_workspace/install/navigation_again/local/lib/python3.10/dist-packages/navigation_again
[0.557s] -- Up-to-date: /home/parallels/ROS_Workspaces/boat_workspace/install/navigation_again/local/lib/python3.10/dist-packages/navigation_again/__init__.py
[0.592s] Listing '/home/parallels/ROS_Workspaces/boat_workspace/install/navigation_again/local/lib/python3.10/dist-packages/navigation_again'...
[0.599s] -- Up-to-date: /home/parallels/ROS_Workspaces/boat_workspace/install/navigation_again/lib/navigation_again/motor_action.py
[0.599s] -- Installing: /home/parallels/ROS_Workspaces/boat_workspace/install/navigation_again/lib/navigation_again/motor_logic.py
[0.600s] -- Up-to-date: /home/parallels/ROS_Workspaces/boat_workspace/install/navigation_again/share/ament_index/resource_index/package_run_dependencies/navigation_again
[0.601s] -- Up-to-date: /home/parallels/ROS_Workspaces/boat_workspace/install/navigation_again/share/ament_index/resource_index/parent_prefix_path/navigation_again
[0.602s] -- Up-to-date: /home/parallels/ROS_Workspaces/boat_workspace/install/navigation_again/share/navigation_again/environment/ament_prefix_path.sh
[0.603s] -- Up-to-date: /home/parallels/ROS_Workspaces/boat_workspace/install/navigation_again/share/navigation_again/environment/ament_prefix_path.dsv
[0.604s] -- Up-to-date: /home/parallels/ROS_Workspaces/boat_workspace/install/navigation_again/share/navigation_again/environment/path.sh
[0.604s] -- Up-to-date: /home/parallels/ROS_Workspaces/boat_workspace/install/navigation_again/share/navigation_again/environment/path.dsv
[0.604s] -- Up-to-date: /home/parallels/ROS_Workspaces/boat_workspace/install/navigation_again/share/navigation_again/local_setup.bash
[0.611s] -- Up-to-date: /home/parallels/ROS_Workspaces/boat_workspace/install/navigation_again/share/navigation_again/local_setup.sh
[0.612s] -- Up-to-date: /home/parallels/ROS_Workspaces/boat_workspace/install/navigation_again/share/navigation_again/local_setup.zsh
[0.613s] -- Up-to-date: /home/parallels/ROS_Workspaces/boat_workspace/install/navigation_again/share/navigation_again/local_setup.dsv
[0.614s] -- Up-to-date: /home/parallels/ROS_Workspaces/boat_workspace/install/navigation_again/share/navigation_again/package.dsv
[0.614s] -- Up-to-date: /home/parallels/ROS_Workspaces/boat_workspace/install/navigation_again/share/ament_index/resource_index/packages/navigation_again
[0.614s] -- Up-to-date: /home/parallels/ROS_Workspaces/boat_workspace/install/navigation_again/share/navigation_again/cmake/navigation_againConfig.cmake
[0.614s] -- Up-to-date: /home/parallels/ROS_Workspaces/boat_workspace/install/navigation_again/share/navigation_again/cmake/navigation_againConfig-version.cmake
[0.615s] -- Up-to-date: /home/parallels/ROS_Workspaces/boat_workspace/install/navigation_again/share/navigation_again/package.xml
[0.615s] Invoked command in '/home/parallels/ROS_Workspaces/boat_workspace/build/navigation_again' returned '0': CMAKE_PREFIX_PATH=/opt/ros/humble /usr/bin/cmake --install /home/parallels/ROS_Workspaces/boat_workspace/build/navigation_again
