[1.497s] DEBUG:colcon:Command line arguments: ['/usr/bin/colcon', 'build']
[1.497s] DEBUG:colcon:Parsed command line arguments: Namespace(log_base=None, log_level=None, verb_name='build', build_base='build', install_base='install', merge_install=False, symlink_install=False, test_result_base=None, continue_on_error=False, executor='parallel', parallel_workers=3, event_handlers=None, ignore_user_meta=False, metas=['./colcon.meta'], base_paths=['.'], packages_ignore=None, packages_ignore_regex=None, paths=None, packages_up_to=None, packages_up_to_regex=None, packages_above=None, packages_above_and_dependencies=None, packages_above_depth=None, packages_select_by_dep=None, packages_skip_by_dep=None, packages_skip_up_to=None, packages_select_build_failed=False, packages_skip_build_finished=False, packages_select_test_failures=False, packages_skip_test_passed=False, packages_select=None, packages_skip=None, packages_select_regex=None, packages_skip_regex=None, packages_start=None, packages_end=None, allow_overriding=[], cmake_args=None, cmake_target=None, cmake_target_skip_unavailable=False, cmake_clean_cache=False, cmake_clean_first=False, cmake_force_configure=False, ament_cmake_args=None, catkin_cmake_args=None, catkin_skip_building_tests=False, verb_parser=<colcon_defaults.argument_parser.defaults.DefaultArgumentsDecorator object at 0x7f397baab610>, verb_extension=<colcon_core.verb.build.BuildVerb object at 0x7f397cb4fb50>, main=<bound method BuildVerb.main of <colcon_core.verb.build.BuildVerb object at 0x7f397cb4fb50>>)
[1.699s] Level 1:colcon.colcon_core.package_discovery:discover_packages(colcon_meta) check parameters
[1.700s] Level 1:colcon.colcon_core.package_discovery:discover_packages(recursive) check parameters
[1.700s] Level 1:colcon.colcon_core.package_discovery:discover_packages(ignore) check parameters
[1.700s] Level 1:colcon.colcon_core.package_discovery:discover_packages(path) check parameters
[1.700s] Level 1:colcon.colcon_core.package_discovery:discover_packages(colcon_meta) discover
[1.700s] Level 1:colcon.colcon_core.package_discovery:discover_packages(recursive) discover
[1.700s] INFO:colcon.colcon_core.package_discovery:Crawling recursively for packages in '/home/parallels/ROS_Workspaces/boat_workspace'
[1.700s] Level 1:colcon.colcon_core.package_identification:_identify(.) by extensions ['ignore', 'ignore_ament_install']
[1.700s] Level 1:colcon.colcon_core.package_identification:_identify(.) by extension 'ignore'
[1.700s] Level 1:colcon.colcon_core.package_identification:_identify(.) by extension 'ignore_ament_install'
[1.700s] Level 1:colcon.colcon_core.package_identification:_identify(.) by extensions ['colcon_pkg']
[1.701s] Level 1:colcon.colcon_core.package_identification:_identify(.) by extension 'colcon_pkg'
[1.701s] Level 1:colcon.colcon_core.package_identification:_identify(.) by extensions ['colcon_meta']
[1.701s] Level 1:colcon.colcon_core.package_identification:_identify(.) by extension 'colcon_meta'
[1.701s] Level 1:colcon.colcon_core.package_identification:_identify(.) by extensions ['ros']
[1.701s] Level 1:colcon.colcon_core.package_identification:_identify(.) by extension 'ros'
[1.734s] Level 1:colcon.colcon_core.package_identification:_identify(.) by extensions ['cmake', 'python']
[1.734s] Level 1:colcon.colcon_core.package_identification:_identify(.) by extension 'cmake'
[1.734s] Level 1:colcon.colcon_core.package_identification:_identify(.) by extension 'python'
[1.734s] Level 1:colcon.colcon_core.package_identification:_identify(.) by extensions ['python_setup_py']
[1.734s] Level 1:colcon.colcon_core.package_identification:_identify(.) by extension 'python_setup_py'
[1.734s] Level 1:colcon.colcon_core.package_identification:_identify(build) by extensions ['ignore', 'ignore_ament_install']
[1.734s] Level 1:colcon.colcon_core.package_identification:_identify(build) by extension 'ignore'
[1.735s] Level 1:colcon.colcon_core.package_identification:_identify(build) ignored
[1.735s] Level 1:colcon.colcon_core.package_identification:_identify(install) by extensions ['ignore', 'ignore_ament_install']
[1.735s] Level 1:colcon.colcon_core.package_identification:_identify(install) by extension 'ignore'
[1.735s] Level 1:colcon.colcon_core.package_identification:_identify(install) ignored
[1.735s] Level 1:colcon.colcon_core.package_identification:_identify(log) by extensions ['ignore', 'ignore_ament_install']
[1.736s] Level 1:colcon.colcon_core.package_identification:_identify(log) by extension 'ignore'
[1.736s] Level 1:colcon.colcon_core.package_identification:_identify(log) ignored
[1.736s] Level 1:colcon.colcon_core.package_identification:_identify(src) by extensions ['ignore', 'ignore_ament_install']
[1.736s] Level 1:colcon.colcon_core.package_identification:_identify(src) by extension 'ignore'
[1.736s] Level 1:colcon.colcon_core.package_identification:_identify(src) by extension 'ignore_ament_install'
[1.736s] Level 1:colcon.colcon_core.package_identification:_identify(src) by extensions ['colcon_pkg']
[1.737s] Level 1:colcon.colcon_core.package_identification:_identify(src) by extension 'colcon_pkg'
[1.737s] Level 1:colcon.colcon_core.package_identification:_identify(src) by extensions ['colcon_meta']
[1.737s] Level 1:colcon.colcon_core.package_identification:_identify(src) by extension 'colcon_meta'
[1.737s] Level 1:colcon.colcon_core.package_identification:_identify(src) by extensions ['ros']
[1.737s] Level 1:colcon.colcon_core.package_identification:_identify(src) by extension 'ros'
[1.737s] Level 1:colcon.colcon_core.package_identification:_identify(src) by extensions ['cmake', 'python']
[1.737s] Level 1:colcon.colcon_core.package_identification:_identify(src) by extension 'cmake'
[1.737s] Level 1:colcon.colcon_core.package_identification:_identify(src) by extension 'python'
[1.737s] Level 1:colcon.colcon_core.package_identification:_identify(src) by extensions ['python_setup_py']
[1.737s] Level 1:colcon.colcon_core.package_identification:_identify(src) by extension 'python_setup_py'
[1.738s] Level 1:colcon.colcon_core.package_identification:_identify(src/navigation) by extensions ['ignore', 'ignore_ament_install']
[1.738s] Level 1:colcon.colcon_core.package_identification:_identify(src/navigation) by extension 'ignore'
[1.738s] Level 1:colcon.colcon_core.package_identification:_identify(src/navigation) by extension 'ignore_ament_install'
[1.738s] Level 1:colcon.colcon_core.package_identification:_identify(src/navigation) by extensions ['colcon_pkg']
[1.738s] Level 1:colcon.colcon_core.package_identification:_identify(src/navigation) by extension 'colcon_pkg'
[1.738s] Level 1:colcon.colcon_core.package_identification:_identify(src/navigation) by extensions ['colcon_meta']
[1.738s] Level 1:colcon.colcon_core.package_identification:_identify(src/navigation) by extension 'colcon_meta'
[1.738s] Level 1:colcon.colcon_core.package_identification:_identify(src/navigation) by extensions ['ros']
[1.738s] Level 1:colcon.colcon_core.package_identification:_identify(src/navigation) by extension 'ros'
[1.748s] DEBUG:colcon.colcon_core.package_identification:Package 'src/navigation' with type 'ros.ament_cmake' and name 'navigation'
[1.749s] Level 1:colcon.colcon_core.package_identification:_identify(src/vision) by extensions ['ignore', 'ignore_ament_install']
[1.749s] Level 1:colcon.colcon_core.package_identification:_identify(src/vision) by extension 'ignore'
[1.749s] Level 1:colcon.colcon_core.package_identification:_identify(src/vision) by extension 'ignore_ament_install'
[1.749s] Level 1:colcon.colcon_core.package_identification:_identify(src/vision) by extensions ['colcon_pkg']
[1.749s] Level 1:colcon.colcon_core.package_identification:_identify(src/vision) by extension 'colcon_pkg'
[1.750s] Level 1:colcon.colcon_core.package_identification:_identify(src/vision) by extensions ['colcon_meta']
[1.750s] Level 1:colcon.colcon_core.package_identification:_identify(src/vision) by extension 'colcon_meta'
[1.751s] Level 1:colcon.colcon_core.package_identification:_identify(src/vision) by extensions ['ros']
[1.751s] Level 1:colcon.colcon_core.package_identification:_identify(src/vision) by extension 'ros'
[1.753s] DEBUG:colcon.colcon_core.package_identification:Package 'src/vision' with type 'ros.ament_cmake' and name 'vision'
[1.753s] Level 1:colcon.colcon_core.package_discovery:discover_packages(recursive) using defaults
[1.753s] Level 1:colcon.colcon_core.package_discovery:discover_packages(ignore) discover
[1.753s] Level 1:colcon.colcon_core.package_discovery:discover_packages(ignore) using defaults
[1.753s] Level 1:colcon.colcon_core.package_discovery:discover_packages(path) discover
[1.754s] Level 1:colcon.colcon_core.package_discovery:discover_packages(path) using defaults
[1.824s] Level 1:colcon.colcon_core.package_discovery:discover_packages(prefix_path) check parameters
[1.824s] Level 1:colcon.colcon_core.package_discovery:discover_packages(prefix_path) discover
[1.842s] DEBUG:colcon.colcon_installed_package_information.package_discovery:Found 283 installed packages in /opt/ros/humble
[1.844s] Level 1:colcon.colcon_core.package_discovery:discover_packages(prefix_path) using defaults
[2.132s] Level 5:colcon.colcon_core.verb:set package 'navigation' build argument 'cmake_args' from command line to 'None'
[2.132s] Level 5:colcon.colcon_core.verb:set package 'navigation' build argument 'cmake_target' from command line to 'None'
[2.132s] Level 5:colcon.colcon_core.verb:set package 'navigation' build argument 'cmake_target_skip_unavailable' from command line to 'False'
[2.132s] Level 5:colcon.colcon_core.verb:set package 'navigation' build argument 'cmake_clean_cache' from command line to 'False'
[2.132s] Level 5:colcon.colcon_core.verb:set package 'navigation' build argument 'cmake_clean_first' from command line to 'False'
[2.132s] Level 5:colcon.colcon_core.verb:set package 'navigation' build argument 'cmake_force_configure' from command line to 'False'
[2.133s] Level 5:colcon.colcon_core.verb:set package 'navigation' build argument 'ament_cmake_args' from command line to 'None'
[2.133s] Level 5:colcon.colcon_core.verb:set package 'navigation' build argument 'catkin_cmake_args' from command line to 'None'
[2.133s] Level 5:colcon.colcon_core.verb:set package 'navigation' build argument 'catkin_skip_building_tests' from command line to 'False'
[2.133s] DEBUG:colcon.colcon_core.verb:Building package 'navigation' with the following arguments: {'ament_cmake_args': None, 'build_base': '/home/parallels/ROS_Workspaces/boat_workspace/build/navigation', 'catkin_cmake_args': None, 'catkin_skip_building_tests': False, 'cmake_args': None, 'cmake_clean_cache': False, 'cmake_clean_first': False, 'cmake_force_configure': False, 'cmake_target': None, 'cmake_target_skip_unavailable': False, 'install_base': '/home/parallels/ROS_Workspaces/boat_workspace/install/navigation', 'merge_install': False, 'path': '/home/parallels/ROS_Workspaces/boat_workspace/src/navigation', 'symlink_install': False, 'test_result_base': None}
[2.134s] Level 5:colcon.colcon_core.verb:set package 'vision' build argument 'cmake_args' from command line to 'None'
[2.134s] Level 5:colcon.colcon_core.verb:set package 'vision' build argument 'cmake_target' from command line to 'None'
[2.134s] Level 5:colcon.colcon_core.verb:set package 'vision' build argument 'cmake_target_skip_unavailable' from command line to 'False'
[2.135s] Level 5:colcon.colcon_core.verb:set package 'vision' build argument 'cmake_clean_cache' from command line to 'False'
[2.135s] Level 5:colcon.colcon_core.verb:set package 'vision' build argument 'cmake_clean_first' from command line to 'False'
[2.135s] Level 5:colcon.colcon_core.verb:set package 'vision' build argument 'cmake_force_configure' from command line to 'False'
[2.135s] Level 5:colcon.colcon_core.verb:set package 'vision' build argument 'ament_cmake_args' from command line to 'None'
[2.135s] Level 5:colcon.colcon_core.verb:set package 'vision' build argument 'catkin_cmake_args' from command line to 'None'
[2.135s] Level 5:colcon.colcon_core.verb:set package 'vision' build argument 'catkin_skip_building_tests' from command line to 'False'
[2.135s] DEBUG:colcon.colcon_core.verb:Building package 'vision' with the following arguments: {'ament_cmake_args': None, 'build_base': '/home/parallels/ROS_Workspaces/boat_workspace/build/vision', 'catkin_cmake_args': None, 'catkin_skip_building_tests': False, 'cmake_args': None, 'cmake_clean_cache': False, 'cmake_clean_first': False, 'cmake_force_configure': False, 'cmake_target': None, 'cmake_target_skip_unavailable': False, 'install_base': '/home/parallels/ROS_Workspaces/boat_workspace/install/vision', 'merge_install': False, 'path': '/home/parallels/ROS_Workspaces/boat_workspace/src/vision', 'symlink_install': False, 'test_result_base': None}
[2.136s] INFO:colcon.colcon_core.executor:Executing jobs using 'parallel' executor
[2.142s] DEBUG:colcon.colcon_parallel_executor.executor.parallel:run_until_complete
[2.145s] INFO:colcon.colcon_ros.task.ament_cmake.build:Building ROS package in '/home/parallels/ROS_Workspaces/boat_workspace/src/navigation' with build type 'ament_cmake'
[2.146s] INFO:colcon.colcon_cmake.task.cmake.build:Building CMake package in '/home/parallels/ROS_Workspaces/boat_workspace/src/navigation'
[2.166s] INFO:colcon.colcon_core.plugin_system:Skipping extension 'colcon_core.shell.bat': Not used on non-Windows systems
[2.167s] INFO:colcon.colcon_core.shell:Skip shell extension 'powershell' for command environment: Not usable outside of PowerShell
[2.167s] DEBUG:colcon.colcon_core.shell:Skip shell extension 'dsv' for command environment
[2.172s] INFO:colcon.colcon_ros.task.ament_cmake.build:Building ROS package in '/home/parallels/ROS_Workspaces/boat_workspace/src/vision' with build type 'ament_cmake'
[2.172s] INFO:colcon.colcon_cmake.task.cmake.build:Building CMake package in '/home/parallels/ROS_Workspaces/boat_workspace/src/vision'
[2.174s] INFO:colcon.colcon_core.shell:Skip shell extension 'powershell' for command environment: Not usable outside of PowerShell
[2.174s] DEBUG:colcon.colcon_core.shell:Skip shell extension 'dsv' for command environment
[2.202s] DEBUG:colcon.colcon_core.event_handler.log_command:Invoking command in '/home/parallels/ROS_Workspaces/boat_workspace/build/navigation': CMAKE_PREFIX_PATH=/opt/ros/humble /usr/bin/cmake --build /home/parallels/ROS_Workspaces/boat_workspace/build/navigation -- -j3 -l3
[2.229s] DEBUG:colcon.colcon_core.event_handler.log_command:Invoking command in '/home/parallels/ROS_Workspaces/boat_workspace/build/vision': CMAKE_PREFIX_PATH=/opt/ros/humble /usr/bin/cmake --build /home/parallels/ROS_Workspaces/boat_workspace/build/vision -- -j3 -l3
[2.563s] DEBUG:colcon.colcon_core.event_handler.log_command:Invoked command in '/home/parallels/ROS_Workspaces/boat_workspace/build/navigation' returned '2': CMAKE_PREFIX_PATH=/opt/ros/humble /usr/bin/cmake --build /home/parallels/ROS_Workspaces/boat_workspace/build/navigation -- -j3 -l3
[2.615s] Level 1:colcon.colcon_core.environment:create_environment_scripts_only(navigation)
[2.631s] Level 1:colcon.colcon_core.environment:checking '/home/parallels/ROS_Workspaces/boat_workspace/install/navigation' for CMake module files
[2.632s] Level 1:colcon.colcon_core.environment:checking '/home/parallels/ROS_Workspaces/boat_workspace/install/navigation' for CMake config files
[2.633s] Level 1:colcon.colcon_core.shell:create_environment_hook('navigation', 'cmake_prefix_path')
[2.635s] INFO:colcon.colcon_core.shell:Creating environment hook '/home/parallels/ROS_Workspaces/boat_workspace/install/navigation/share/navigation/hook/cmake_prefix_path.ps1'
[2.636s] INFO:colcon.colcon_core.shell:Creating environment descriptor '/home/parallels/ROS_Workspaces/boat_workspace/install/navigation/share/navigation/hook/cmake_prefix_path.dsv'
[2.642s] INFO:colcon.colcon_core.shell:Creating environment hook '/home/parallels/ROS_Workspaces/boat_workspace/install/navigation/share/navigation/hook/cmake_prefix_path.sh'
[2.649s] Level 1:colcon.colcon_core.environment:checking '/home/parallels/ROS_Workspaces/boat_workspace/install/navigation/lib'
[2.649s] Level 1:colcon.colcon_core.environment:checking '/home/parallels/ROS_Workspaces/boat_workspace/install/navigation/bin'
[2.649s] Level 1:colcon.colcon_core.environment:checking '/home/parallels/ROS_Workspaces/boat_workspace/install/navigation/lib/pkgconfig/navigation.pc'
[2.650s] Level 1:colcon.colcon_core.environment:checking '/home/parallels/ROS_Workspaces/boat_workspace/install/navigation/lib/python3.10/site-packages'
[2.650s] Level 1:colcon.colcon_core.environment:checking '/home/parallels/ROS_Workspaces/boat_workspace/install/navigation/bin'
[2.652s] INFO:colcon.colcon_core.shell:Creating package script '/home/parallels/ROS_Workspaces/boat_workspace/install/navigation/share/navigation/package.ps1'
[2.656s] INFO:colcon.colcon_core.shell:Creating package descriptor '/home/parallels/ROS_Workspaces/boat_workspace/install/navigation/share/navigation/package.dsv'
[2.659s] INFO:colcon.colcon_core.shell:Creating package script '/home/parallels/ROS_Workspaces/boat_workspace/install/navigation/share/navigation/package.sh'
[2.661s] INFO:colcon.colcon_core.shell:Creating package script '/home/parallels/ROS_Workspaces/boat_workspace/install/navigation/share/navigation/package.bash'
[2.663s] INFO:colcon.colcon_core.shell:Creating package script '/home/parallels/ROS_Workspaces/boat_workspace/install/navigation/share/navigation/package.zsh'
[2.665s] Level 1:colcon.colcon_core.environment:create_file_with_runtime_dependencies(/home/parallels/ROS_Workspaces/boat_workspace/install/navigation/share/colcon-core/packages/navigation)
[3.178s] DEBUG:colcon.colcon_parallel_executor.executor.parallel:closing loop
[3.179s] DEBUG:colcon.colcon_parallel_executor.executor.parallel:loop closed
[3.179s] DEBUG:colcon.colcon_parallel_executor.executor.parallel:run_until_complete finished with '2'
[3.179s] DEBUG:colcon.colcon_core.event_reactor:joining thread
[3.207s] INFO:colcon.colcon_core.plugin_system:Skipping extension 'colcon_notification.desktop_notification.terminal_notifier': Not used on non-Darwin systems
[3.207s] INFO:colcon.colcon_core.plugin_system:Skipping extension 'colcon_notification.desktop_notification.win32': Not used on non-Windows systems
[3.207s] INFO:colcon.colcon_notification.desktop_notification:Sending desktop notification using 'notify2'
[3.285s] DEBUG:colcon.colcon_core.event_reactor:joined thread
[3.287s] INFO:colcon.colcon_core.shell:Creating prefix script '/home/parallels/ROS_Workspaces/boat_workspace/install/local_setup.ps1'
[3.290s] INFO:colcon.colcon_core.shell:Creating prefix util module '/home/parallels/ROS_Workspaces/boat_workspace/install/_local_setup_util_ps1.py'
[3.294s] INFO:colcon.colcon_core.shell:Creating prefix chain script '/home/parallels/ROS_Workspaces/boat_workspace/install/setup.ps1'
[3.297s] INFO:colcon.colcon_core.shell:Creating prefix script '/home/parallels/ROS_Workspaces/boat_workspace/install/local_setup.sh'
[3.299s] INFO:colcon.colcon_core.shell:Creating prefix util module '/home/parallels/ROS_Workspaces/boat_workspace/install/_local_setup_util_sh.py'
[3.301s] INFO:colcon.colcon_core.shell:Creating prefix chain script '/home/parallels/ROS_Workspaces/boat_workspace/install/setup.sh'
[3.303s] INFO:colcon.colcon_core.shell:Creating prefix script '/home/parallels/ROS_Workspaces/boat_workspace/install/local_setup.bash'
[3.304s] INFO:colcon.colcon_core.shell:Creating prefix chain script '/home/parallels/ROS_Workspaces/boat_workspace/install/setup.bash'
[3.307s] INFO:colcon.colcon_core.shell:Creating prefix script '/home/parallels/ROS_Workspaces/boat_workspace/install/local_setup.zsh'
[3.308s] INFO:colcon.colcon_core.shell:Creating prefix chain script '/home/parallels/ROS_Workspaces/boat_workspace/install/setup.zsh'
