-- Found ament_cmake: 1.3.2 (/opt/ros/humble/share/ament_cmake/cmake)
-- Found rclcpp: 16.0.1 (/opt/ros/humble/share/rclcpp/cmake)
-- Found rosidl_generator_c: 3.1.3 (/opt/ros/humble/share/rosidl_generator_c/cmake)
-- Found rosidl_adapter: 3.1.3 (/opt/ros/humble/share/rosidl_adapter/cmake)
-- Found rosidl_generator_cpp: 3.1.3 (/opt/ros/humble/share/rosidl_generator_cpp/cmake)
-- Using all available rosidl_typesupport_c: rosidl_typesupport_fastrtps_c;rosidl_typesupport_introspection_c
-- Using all available rosidl_typesupport_cpp: rosidl_typesupport_fastrtps_cpp;rosidl_typesupport_introspection_cpp
-- Found rmw_implementation_cmake: 6.1.0 (/opt/ros/humble/share/rmw_implementation_cmake/cmake)
-- Found rmw_fastrtps_cpp: 6.2.1 (/opt/ros/humble/share/rmw_fastrtps_cpp/cmake)
-- Using RMW implementation 'rmw_fastrtps_cpp' as default
-- Configuring done
-- Generating done
-- Build files have been written to: /home/parallels/ROS_Workspaces/boat_workspace/build/vision
[ 25%] [32mBuilding CXX object CMakeFiles/cam_driver.dir/src/world_to_img.cpp.o[0m
[ 50%] [32mBuilding CXX object CMakeFiles/cam_logic.dir/src/img_to_destination.cpp.o[0m
[ 75%] [32m[1mLinking CXX executable cam_driver[0m
[ 75%] Built target cam_driver
[100%] [32m[1mLinking CXX executable cam_logic[0m
[100%] Built target cam_logic
-- Install configuration: ""
-- Installing: /home/parallels/ROS_Workspaces/boat_workspace/install/vision/lib/vision/cam_driver
-- Set runtime path of "/home/parallels/ROS_Workspaces/boat_workspace/install/vision/lib/vision/cam_driver" to ""
-- Installing: /home/parallels/ROS_Workspaces/boat_workspace/install/vision/lib/vision/cam_logic
-- Set runtime path of "/home/parallels/ROS_Workspaces/boat_workspace/install/vision/lib/vision/cam_logic" to ""
-- Installing: /home/parallels/ROS_Workspaces/boat_workspace/install/vision/share/ament_index/resource_index/package_run_dependencies/vision
-- Installing: /home/parallels/ROS_Workspaces/boat_workspace/install/vision/share/ament_index/resource_index/parent_prefix_path/vision
-- Installing: /home/parallels/ROS_Workspaces/boat_workspace/install/vision/share/vision/environment/ament_prefix_path.sh
-- Installing: /home/parallels/ROS_Workspaces/boat_workspace/install/vision/share/vision/environment/ament_prefix_path.dsv
-- Installing: /home/parallels/ROS_Workspaces/boat_workspace/install/vision/share/vision/environment/path.sh
-- Installing: /home/parallels/ROS_Workspaces/boat_workspace/install/vision/share/vision/environment/path.dsv
-- Installing: /home/parallels/ROS_Workspaces/boat_workspace/install/vision/share/vision/local_setup.bash
-- Installing: /home/parallels/ROS_Workspaces/boat_workspace/install/vision/share/vision/local_setup.sh
-- Installing: /home/parallels/ROS_Workspaces/boat_workspace/install/vision/share/vision/local_setup.zsh
-- Installing: /home/parallels/ROS_Workspaces/boat_workspace/install/vision/share/vision/local_setup.dsv
-- Installing: /home/parallels/ROS_Workspaces/boat_workspace/install/vision/share/vision/package.dsv
-- Installing: /home/parallels/ROS_Workspaces/boat_workspace/install/vision/share/ament_index/resource_index/packages/vision
-- Installing: /home/parallels/ROS_Workspaces/boat_workspace/install/vision/share/vision/cmake/visionConfig.cmake
-- Installing: /home/parallels/ROS_Workspaces/boat_workspace/install/vision/share/vision/cmake/visionConfig-version.cmake
-- Installing: /home/parallels/ROS_Workspaces/boat_workspace/install/vision/share/vision/package.xml
